<?xml version="1.0" encoding="UTF-8"?>
<testsuite xmlns:xsi="http://www.w3.org/2001/XMLSchema-instance" xsi:noNamespaceSchemaLocation="https://maven.apache.org/surefire/maven-surefire-plugin/xsd/surefire-test-report-3.0.xsd" version="3.0" name="com.example.RapidEYE360.RapidEye360UnitTests" time="1.253" tests="19" errors="0" skipped="0" failures="0">
  <properties>
    <property name="java.specification.version" value="21"/>
    <property name="sun.cpu.isalist" value="amd64"/>
    <property name="sun.jnu.encoding" value="Cp1252"/>
    <property name="java.class.path" value="C:\Users\giris\Downloads\03AprilECE651\backend\re360\target\test-classes;C:\Users\giris\Downloads\03AprilECE651\backend\re360\target\classes;C:\Users\giris\.m2\repository\org\springframework\boot\spring-boot-starter-data-mongodb\3.2.1\spring-boot-starter-data-mongodb-3.2.1.jar;C:\Users\giris\.m2\repository\org\springframework\boot\spring-boot-starter\3.2.1\spring-boot-starter-3.2.1.jar;C:\Users\giris\.m2\repository\org\springframework\boot\spring-boot\3.2.1\spring-boot-3.2.1.jar;C:\Users\giris\.m2\repository\org\springframework\boot\spring-boot-autoconfigure\3.2.1\spring-boot-autoconfigure-3.2.1.jar;C:\Users\giris\.m2\repository\org\springframework\boot\spring-boot-starter-logging\3.2.1\spring-boot-starter-logging-3.2.1.jar;C:\Users\giris\.m2\repository\org\apache\logging\log4j\log4j-to-slf4j\2.21.1\log4j-to-slf4j-2.21.1.jar;C:\Users\giris\.m2\repository\org\apache\logging\log4j\log4j-api\2.21.1\log4j-api-2.21.1.jar;C:\Users\giris\.m2\repository\org\slf4j\jul-to-slf4j\2.0.9\jul-to-slf4j-2.0.9.jar;C:\Users\giris\.m2\repository\jakarta\annotation\jakarta.annotation-api\2.1.1\jakarta.annotation-api-2.1.1.jar;C:\Users\giris\.m2\repository\org\yaml\snakeyaml\2.2\snakeyaml-2.2.jar;C:\Users\giris\.m2\repository\org\mongodb\mongodb-driver-sync\4.11.1\mongodb-driver-sync-4.11.1.jar;C:\Users\giris\.m2\repository\org\mongodb\bson\4.11.1\bson-4.11.1.jar;C:\Users\giris\.m2\repository\org\mongodb\mongodb-driver-core\4.11.1\mongodb-driver-core-4.11.1.jar;C:\Users\giris\.m2\repository\org\mongodb\bson-record-codec\4.11.1\bson-record-codec-4.11.1.jar;C:\Users\giris\.m2\repository\org\springframework\data\spring-data-mongodb\4.2.1\spring-data-mongodb-4.2.1.jar;C:\Users\giris\.m2\repository\org\springframework\spring-tx\6.1.2\spring-tx-6.1.2.jar;C:\Users\giris\.m2\repository\org\springframework\spring-context\6.1.2\spring-context-6.1.2.jar;C:\Users\giris\.m2\repository\org\springframework\spring-beans\6.1.2\spring-beans-6.1.2.jar;C:\Users\giris\.m2\repository\org\springframework\spring-expression\6.1.2\spring-expression-6.1.2.jar;C:\Users\giris\.m2\repository\org\springframework\data\spring-data-commons\3.2.1\spring-data-commons-3.2.1.jar;C:\Users\giris\.m2\repository\org\springframework\boot\spring-boot-starter-data-mongodb-reactive\3.2.1\spring-boot-starter-data-mongodb-reactive-3.2.1.jar;C:\Users\giris\.m2\repository\io\projectreactor\reactor-core\3.6.1\reactor-core-3.6.1.jar;C:\Users\giris\.m2\repository\org\reactivestreams\reactive-streams\1.0.4\reactive-streams-1.0.4.jar;C:\Users\giris\.m2\repository\org\mongodb\mongodb-driver-reactivestreams\4.11.1\mongodb-driver-reactivestreams-4.11.1.jar;C:\Users\giris\.m2\repository\org\springframework\boot\spring-boot-starter-security\3.2.1\spring-boot-starter-security-3.2.1.jar;C:\Users\giris\.m2\repository\org\springframework\spring-aop\6.1.2\spring-aop-6.1.2.jar;C:\Users\giris\.m2\repository\org\springframework\security\spring-security-config\6.2.1\spring-security-config-6.2.1.jar;C:\Users\giris\.m2\repository\org\springframework\security\spring-security-core\6.2.1\spring-security-core-6.2.1.jar;C:\Users\giris\.m2\repository\org\springframework\security\spring-security-crypto\6.2.1\spring-security-crypto-6.2.1.jar;C:\Users\giris\.m2\repository\org\springframework\security\spring-security-web\6.2.1\spring-security-web-6.2.1.jar;C:\Users\giris\.m2\repository\org\springframework\boot\spring-boot-starter-web\3.2.1\spring-boot-starter-web-3.2.1.jar;C:\Users\giris\.m2\repository\org\springframework\boot\spring-boot-starter-json\3.2.1\spring-boot-starter-json-3.2.1.jar;C:\Users\giris\.m2\repository\com\fasterxml\jackson\datatype\jackson-datatype-jdk8\2.15.3\jackson-datatype-jdk8-2.15.3.jar;C:\Users\giris\.m2\repository\com\fasterxml\jackson\module\jackson-module-parameter-names\2.15.3\jackson-module-parameter-names-2.15.3.jar;C:\Users\giris\.m2\repository\org\springframework\boot\spring-boot-starter-tomcat\3.2.1\spring-boot-starter-tomcat-3.2.1.jar;C:\Users\giris\.m2\repository\org\apache\tomcat\embed\tomcat-embed-core\10.1.17\tomcat-embed-core-10.1.17.jar;C:\Users\giris\.m2\repository\org\apache\tomcat\embed\tomcat-embed-el\10.1.17\tomcat-embed-el-10.1.17.jar;C:\Users\giris\.m2\repository\org\apache\tomcat\embed\tomcat-embed-websocket\10.1.17\tomcat-embed-websocket-10.1.17.jar;C:\Users\giris\.m2\repository\org\springframework\spring-web\6.1.2\spring-web-6.1.2.jar;C:\Users\giris\.m2\repository\io\micrometer\micrometer-observation\1.12.1\micrometer-observation-1.12.1.jar;C:\Users\giris\.m2\repository\io\micrometer\micrometer-commons\1.12.1\micrometer-commons-1.12.1.jar;C:\Users\giris\.m2\repository\org\springframework\spring-webmvc\6.1.2\spring-webmvc-6.1.2.jar;C:\Users\giris\.m2\repository\mysql\mysql-connector-java\8.0.12\mysql-connector-java-8.0.12.jar;C:\Users\giris\.m2\repository\com\google\protobuf\protobuf-java\2.6.0\protobuf-java-2.6.0.jar;C:\Users\giris\.m2\repository\com\h2database\h2\2.2.224\h2-2.2.224.jar;C:\Users\giris\.m2\repository\org\projectlombok\lombok\1.18.30\lombok-1.18.30.jar;C:\Users\giris\.m2\repository\org\springframework\boot\spring-boot-starter-test\3.2.1\spring-boot-starter-test-3.2.1.jar;C:\Users\giris\.m2\repository\org\springframework\boot\spring-boot-test\3.2.1\spring-boot-test-3.2.1.jar;C:\Users\giris\.m2\repository\org\springframework\boot\spring-boot-test-autoconfigure\3.2.1\spring-boot-test-autoconfigure-3.2.1.jar;C:\Users\giris\.m2\repository\com\jayway\jsonpath\json-path\2.8.0\json-path-2.8.0.jar;C:\Users\giris\.m2\repository\net\minidev\json-smart\2.5.0\json-smart-2.5.0.jar;C:\Users\giris\.m2\repository\net\minidev\accessors-smart\2.5.0\accessors-smart-2.5.0.jar;C:\Users\giris\.m2\repository\org\assertj\assertj-core\3.24.2\assertj-core-3.24.2.jar;C:\Users\giris\.m2\repository\net\bytebuddy\byte-buddy\1.14.10\byte-buddy-1.14.10.jar;C:\Users\giris\.m2\repository\org\awaitility\awaitility\4.2.0\awaitility-4.2.0.jar;C:\Users\giris\.m2\repository\org\junit\jupiter\junit-jupiter\5.10.1\junit-jupiter-5.10.1.jar;C:\Users\giris\.m2\repository\org\junit\jupiter\junit-jupiter-api\5.10.1\junit-jupiter-api-5.10.1.jar;C:\Users\giris\.m2\repository\org\opentest4j\opentest4j\1.3.0\opentest4j-1.3.0.jar;C:\Users\giris\.m2\repository\org\junit\platform\junit-platform-commons\1.10.1\junit-platform-commons-1.10.1.jar;C:\Users\giris\.m2\repository\org\junit\jupiter\junit-jupiter-params\5.10.1\junit-jupiter-params-5.10.1.jar;C:\Users\giris\.m2\repository\org\junit\jupiter\junit-jupiter-engine\5.10.1\junit-jupiter-engine-5.10.1.jar;C:\Users\giris\.m2\repository\org\junit\platform\junit-platform-engine\1.10.1\junit-platform-engine-1.10.1.jar;C:\Users\giris\.m2\repository\org\mockito\mockito-core\5.7.0\mockito-core-5.7.0.jar;C:\Users\giris\.m2\repository\net\bytebuddy\byte-buddy-agent\1.14.10\byte-buddy-agent-1.14.10.jar;C:\Users\giris\.m2\repository\org\objenesis\objenesis\3.3\objenesis-3.3.jar;C:\Users\giris\.m2\repository\org\mockito\mockito-junit-jupiter\5.7.0\mockito-junit-jupiter-5.7.0.jar;C:\Users\giris\.m2\repository\org\skyscreamer\jsonassert\1.5.1\jsonassert-1.5.1.jar;C:\Users\giris\.m2\repository\com\vaadin\external\google\android-json\0.0.20131108.vaadin1\android-json-0.0.20131108.vaadin1.jar;C:\Users\giris\.m2\repository\org\springframework\spring-core\6.1.2\spring-core-6.1.2.jar;C:\Users\giris\.m2\repository\org\springframework\spring-jcl\6.1.2\spring-jcl-6.1.2.jar;C:\Users\giris\.m2\repository\org\springframework\spring-test\6.1.2\spring-test-6.1.2.jar;C:\Users\giris\.m2\repository\org\xmlunit\xmlunit-core\2.9.1\xmlunit-core-2.9.1.jar;C:\Users\giris\.m2\repository\io\jsonwebtoken\jjwt-api\0.12.3\jjwt-api-0.12.3.jar;C:\Users\giris\.m2\repository\io\jsonwebtoken\jjwt-impl\0.12.3\jjwt-impl-0.12.3.jar;C:\Users\giris\.m2\repository\io\jsonwebtoken\jjwt-jackson\0.12.3\jjwt-jackson-0.12.3.jar;C:\Users\giris\.m2\repository\com\fasterxml\jackson\core\jackson-databind\2.15.3\jackson-databind-2.15.3.jar;C:\Users\giris\.m2\repository\com\fasterxml\jackson\core\jackson-annotations\2.15.3\jackson-annotations-2.15.3.jar;C:\Users\giris\.m2\repository\com\fasterxml\jackson\core\jackson-core\2.15.3\jackson-core-2.15.3.jar;C:\Users\giris\.m2\repository\io\projectreactor\reactor-test\3.6.1\reactor-test-3.6.1.jar;C:\Users\giris\.m2\repository\junit\junit\4.13.2\junit-4.13.2.jar;C:\Users\giris\.m2\repository\org\hamcrest\hamcrest-core\2.2\hamcrest-core-2.2.jar;C:\Users\giris\.m2\repository\io\cucumber\cucumber-core\7.15.0\cucumber-core-7.15.0.jar;C:\Users\giris\.m2\repository\io\cucumber\cucumber-gherkin\7.15.0\cucumber-gherkin-7.15.0.jar;C:\Users\giris\.m2\repository\io\cucumber\cucumber-gherkin-messages\7.15.0\cucumber-gherkin-messages-7.15.0.jar;C:\Users\giris\.m2\repository\io\cucumber\gherkin\26.2.0\gherkin-26.2.0.jar;C:\Users\giris\.m2\repository\io\cucumber\messages\22.0.0\messages-22.0.0.jar;C:\Users\giris\.m2\repository\io\cucumber\tag-expressions\6.0.0\tag-expressions-6.0.0.jar;C:\Users\giris\.m2\repository\io\cucumber\cucumber-expressions\17.0.1\cucumber-expressions-17.0.1.jar;C:\Users\giris\.m2\repository\io\cucumber\datatable\7.15.0\datatable-7.15.0.jar;C:\Users\giris\.m2\repository\io\cucumber\cucumber-plugin\7.15.0\cucumber-plugin-7.15.0.jar;C:\Users\giris\.m2\repository\io\cucumber\docstring\7.15.0\docstring-7.15.0.jar;C:\Users\giris\.m2\repository\io\cucumber\html-formatter\20.4.0\html-formatter-20.4.0.jar;C:\Users\giris\.m2\repository\io\cucumber\junit-xml-formatter\0.2.0\junit-xml-formatter-0.2.0.jar;C:\Users\giris\.m2\repository\io\cucumber\ci-environment\10.0.0\ci-environment-10.0.0.jar;C:\Users\giris\.m2\repository\org\apiguardian\apiguardian-api\1.1.2\apiguardian-api-1.1.2.jar;C:\Users\giris\.m2\repository\io\cucumber\cucumber-html\0.2.7\cucumber-html-0.2.7.jar;C:\Users\giris\.m2\repository\net\sourceforge\cobertura\cobertura\2.1.1\cobertura-2.1.1.jar;C:\Users\giris\.m2\repository\org\ow2\asm\asm\5.0.1\asm-5.0.1.jar;C:\Users\giris\.m2\repository\org\ow2\asm\asm-tree\5.0.1\asm-tree-5.0.1.jar;C:\Users\giris\.m2\repository\org\ow2\asm\asm-commons\5.0.1\asm-commons-5.0.1.jar;C:\Users\giris\.m2\repository\org\ow2\asm\asm-util\5.0.1\asm-util-5.0.1.jar;C:\Users\giris\.m2\repository\org\ow2\asm\asm-analysis\5.0.1\asm-analysis-5.0.1.jar;C:\Users\giris\.m2\repository\oro\oro\2.0.8\oro-2.0.8.jar;C:\Users\giris\.m2\repository\jaxen\jaxen\2.0.0\jaxen-2.0.0.jar;C:\Users\giris\.m2\repository\org\apache\ant\ant\1.8.3\ant-1.8.3.jar;C:\Users\giris\.m2\repository\org\apache\ant\ant-launcher\1.8.3\ant-launcher-1.8.3.jar;C:\Users\giris\.m2\repository\org\apache\ant\ant-junit\1.8.3\ant-junit-1.8.3.jar;C:\Users\giris\.m2\repository\org\mortbay\jetty\servlet-api-2.5\6.1.14\servlet-api-2.5-6.1.14.jar;C:\Users\giris\.m2\repository\org\mortbay\jetty\jetty\6.1.14\jetty-6.1.14.jar;C:\Users\giris\.m2\repository\org\mortbay\jetty\jetty-util\6.1.14\jetty-util-6.1.14.jar;C:\Users\giris\.m2\repository\org\slf4j\slf4j-api\2.0.9\slf4j-api-2.0.9.jar;C:\Users\giris\.m2\repository\ch\qos\logback\logback-classic\1.4.14\logback-classic-1.4.14.jar;C:\Users\giris\.m2\repository\ch\qos\logback\logback-core\1.4.14\logback-core-1.4.14.jar;C:\Users\giris\.m2\repository\org\apache\commons\commons-lang3\3.13.0\commons-lang3-3.13.0.jar;C:\Users\giris\.m2\repository\io\cucumber\cucumber-java\7.15.0\cucumber-java-7.15.0.jar;C:\Users\giris\.m2\repository\io\cucumber\cucumber-junit\7.15.0\cucumber-junit-7.15.0.jar;C:\Users\giris\.m2\repository\io\cucumber\cucumber-jvm-deps\1.0.6\cucumber-jvm-deps-1.0.6.jar;C:\Users\giris\.m2\repository\net\masterthought\cucumber-reporting\5.7.8\cucumber-reporting-5.7.8.jar;C:\Users\giris\.m2\repository\com\fasterxml\jackson\datatype\jackson-datatype-jsr310\2.15.3\jackson-datatype-jsr310-2.15.3.jar;C:\Users\giris\.m2\repository\org\apache\velocity\velocity-engine-core\2.3\velocity-engine-core-2.3.jar;C:\Users\giris\.m2\repository\joda-time\joda-time\2.12.5\joda-time-2.12.5.jar;C:\Users\giris\.m2\repository\commons-io\commons-io\2.7\commons-io-2.7.jar;C:\Users\giris\.m2\repository\org\codehaus\plexus\plexus-utils\3.5.1\plexus-utils-3.5.1.jar;C:\Users\giris\.m2\repository\org\jsoup\jsoup\1.17.1\jsoup-1.17.1.jar;C:\Users\giris\.m2\repository\com\googlecode\owasp-java-html-sanitizer\owasp-java-html-sanitizer\20220608.1\owasp-java-html-sanitizer-20220608.1.jar;C:\Users\giris\.m2\repository\com\google\guava\guava\30.1-jre\guava-30.1-jre.jar;C:\Users\giris\.m2\repository\com\google\guava\failureaccess\1.0.1\failureaccess-1.0.1.jar;C:\Users\giris\.m2\repository\com\google\guava\listenablefuture\9999.0-empty-to-avoid-conflict-with-guava\listenablefuture-9999.0-empty-to-avoid-conflict-with-guava.jar;C:\Users\giris\.m2\repository\com\google\code\findbugs\jsr305\3.0.2\jsr305-3.0.2.jar;C:\Users\giris\.m2\repository\org\checkerframework\checker-qual\3.5.0\checker-qual-3.5.0.jar;C:\Users\giris\.m2\repository\com\google\errorprone\error_prone_annotations\2.3.4\error_prone_annotations-2.3.4.jar;C:\Users\giris\.m2\repository\com\google\j2objc\j2objc-annotations\1.3\j2objc-annotations-1.3.jar;C:\Users\giris\.m2\repository\commons-configuration\commons-configuration\1.10\commons-configuration-1.10.jar;C:\Users\giris\.m2\repository\commons-lang\commons-lang\2.6\commons-lang-2.6.jar;C:\Users\giris\.m2\repository\commons-logging\commons-logging\1.1.1\commons-logging-1.1.1.jar;C:\Users\giris\.m2\repository\org\hamcrest\hamcrest\2.2\hamcrest-2.2.jar;C:\Users\giris\.m2\repository\org\seleniumhq\selenium\selenium-java\4.19.0\selenium-java-4.19.0.jar;C:\Users\giris\.m2\repository\org\seleniumhq\selenium\selenium-api\4.14.1\selenium-api-4.14.1.jar;C:\Users\giris\.m2\repository\org\seleniumhq\selenium\selenium-chrome-driver\4.14.1\selenium-chrome-driver-4.14.1.jar;C:\Users\giris\.m2\repository\com\google\auto\service\auto-service-annotations\1.1.1\auto-service-annotations-1.1.1.jar;C:\Users\giris\.m2\repository\org\seleniumhq\selenium\selenium-chromium-driver\4.14.1\selenium-chromium-driver-4.14.1.jar;C:\Users\giris\.m2\repository\org\seleniumhq\selenium\selenium-json\4.14.1\selenium-json-4.14.1.jar;C:\Users\giris\.m2\repository\org\seleniumhq\selenium\selenium-manager\4.14.1\selenium-manager-4.14.1.jar;C:\Users\giris\.m2\repository\org\seleniumhq\selenium\selenium-devtools-v121\4.19.0\selenium-devtools-v121-4.19.0.jar;C:\Users\giris\.m2\repository\org\seleniumhq\selenium\selenium-devtools-v122\4.19.0\selenium-devtools-v122-4.19.0.jar;C:\Users\giris\.m2\repository\org\seleniumhq\selenium\selenium-devtools-v123\4.19.0\selenium-devtools-v123-4.19.0.jar;C:\Users\giris\.m2\repository\org\seleniumhq\selenium\selenium-devtools-v85\4.14.1\selenium-devtools-v85-4.14.1.jar;C:\Users\giris\.m2\repository\org\seleniumhq\selenium\selenium-edge-driver\4.14.1\selenium-edge-driver-4.14.1.jar;C:\Users\giris\.m2\repository\org\seleniumhq\selenium\selenium-firefox-driver\4.14.1\selenium-firefox-driver-4.14.1.jar;C:\Users\giris\.m2\repository\org\seleniumhq\selenium\selenium-http\4.14.1\selenium-http-4.14.1.jar;C:\Users\giris\.m2\repository\dev\failsafe\failsafe\3.3.2\failsafe-3.3.2.jar;C:\Users\giris\.m2\repository\org\seleniumhq\selenium\selenium-ie-driver\4.14.1\selenium-ie-driver-4.14.1.jar;C:\Users\giris\.m2\repository\org\seleniumhq\selenium\selenium-remote-driver\4.14.1\selenium-remote-driver-4.14.1.jar;C:\Users\giris\.m2\repository\io\opentelemetry\opentelemetry-api\1.31.0\opentelemetry-api-1.31.0.jar;C:\Users\giris\.m2\repository\io\opentelemetry\opentelemetry-context\1.31.0\opentelemetry-context-1.31.0.jar;C:\Users\giris\.m2\repository\io\opentelemetry\opentelemetry-exporter-logging\1.31.0\opentelemetry-exporter-logging-1.31.0.jar;C:\Users\giris\.m2\repository\io\opentelemetry\opentelemetry-sdk-common\1.31.0\opentelemetry-sdk-common-1.31.0.jar;C:\Users\giris\.m2\repository\io\opentelemetry\opentelemetry-sdk-extension-autoconfigure-spi\1.31.0\opentelemetry-sdk-extension-autoconfigure-spi-1.31.0.jar;C:\Users\giris\.m2\repository\io\opentelemetry\opentelemetry-sdk-extension-autoconfigure\1.31.0\opentelemetry-sdk-extension-autoconfigure-1.31.0.jar;C:\Users\giris\.m2\repository\io\opentelemetry\opentelemetry-api-events\1.31.0-alpha\opentelemetry-api-events-1.31.0-alpha.jar;C:\Users\giris\.m2\repository\io\opentelemetry\opentelemetry-sdk-trace\1.31.0\opentelemetry-sdk-trace-1.31.0.jar;C:\Users\giris\.m2\repository\io\opentelemetry\opentelemetry-sdk\1.31.0\opentelemetry-sdk-1.31.0.jar;C:\Users\giris\.m2\repository\io\opentelemetry\opentelemetry-sdk-metrics\1.31.0\opentelemetry-sdk-metrics-1.31.0.jar;C:\Users\giris\.m2\repository\io\opentelemetry\opentelemetry-extension-incubator\1.31.0-alpha\opentelemetry-extension-incubator-1.31.0-alpha.jar;C:\Users\giris\.m2\repository\io\opentelemetry\opentelemetry-sdk-logs\1.31.0\opentelemetry-sdk-logs-1.31.0.jar;C:\Users\giris\.m2\repository\io\opentelemetry\opentelemetry-semconv\1.28.0-alpha\opentelemetry-semconv-1.28.0-alpha.jar;C:\Users\giris\.m2\repository\org\seleniumhq\selenium\selenium-os\4.14.1\selenium-os-4.14.1.jar;C:\Users\giris\.m2\repository\org\apache\commons\commons-exec\1.3\commons-exec-1.3.jar;C:\Users\giris\.m2\repository\org\seleniumhq\selenium\selenium-safari-driver\4.14.1\selenium-safari-driver-4.14.1.jar;C:\Users\giris\.m2\repository\org\seleniumhq\selenium\selenium-support\4.14.1\selenium-support-4.14.1.jar;C:\Users\giris\.m2\repository\com\sun\mail\javax.mail\1.6.2\javax.mail-1.6.2.jar;C:\Users\giris\.m2\repository\javax\activation\activation\1.1\activation-1.1.jar;C:\Users\giris\.m2\repository\io\rest-assured\rest-assured\4.4.0\rest-assured-4.4.0.jar;C:\Users\giris\.m2\repository\org\codehaus\groovy\groovy\3.0.8\groovy-3.0.8.jar;C:\Users\giris\.m2\repository\org\apache\httpcomponents\httpclient\4.5.13\httpclient-4.5.13.jar;C:\Users\giris\.m2\repository\org\apache\httpcomponents\httpcore\4.4.16\httpcore-4.4.16.jar;C:\Users\giris\.m2\repository\commons-codec\commons-codec\1.16.0\commons-codec-1.16.0.jar;C:\Users\giris\.m2\repository\org\apache\httpcomponents\httpmime\4.5.13\httpmime-4.5.13.jar;C:\Users\giris\.m2\repository\org\ccil\cowan\tagsoup\tagsoup\1.2.1\tagsoup-1.2.1.jar;C:\Users\giris\.m2\repository\io\rest-assured\json-path\5.3.2\json-path-5.3.2.jar;C:\Users\giris\.m2\repository\org\apache\groovy\groovy-json\4.0.16\groovy-json-4.0.16.jar;C:\Users\giris\.m2\repository\org\apache\groovy\groovy\4.0.16\groovy-4.0.16.jar;C:\Users\giris\.m2\repository\io\rest-assured\rest-assured-common\5.3.2\rest-assured-common-5.3.2.jar;C:\Users\giris\.m2\repository\io\rest-assured\xml-path\5.3.2\xml-path-5.3.2.jar;C:\Users\giris\.m2\repository\org\apache\groovy\groovy-xml\4.0.16\groovy-xml-4.0.16.jar;C:\Users\giris\.m2\repository\jakarta\xml\bind\jakarta.xml.bind-api\4.0.0\jakarta.xml.bind-api-4.0.0.jar;C:\Users\giris\.m2\repository\jakarta\activation\jakarta.activation-api\2.1.2\jakarta.activation-api-2.1.2.jar;C:\Users\giris\.m2\repository\com\sun\xml\bind\jaxb-impl\4.0.3\jaxb-impl-4.0.3.jar;C:\Users\giris\.m2\repository\com\sun\xml\bind\jaxb-core\4.0.4\jaxb-core-4.0.4.jar;C:\Users\giris\.m2\repository\org\eclipse\angus\angus-activation\2.0.1\angus-activation-2.0.1.jar;C:\Users\giris\.m2\repository\javax\xml\bind\jaxb-api\2.3.0\jaxb-api-2.3.0.jar;C:\Users\giris\.m2\repository\com\sun\xml\messaging\saaj\saaj-impl\1.5.3\saaj-impl-1.5.3.jar;C:\Users\giris\.m2\repository\jakarta\xml\soap\jakarta.xml.soap-api\3.0.1\jakarta.xml.soap-api-3.0.1.jar;C:\Users\giris\.m2\repository\org\jvnet\staxex\stax-ex\2.1.0\stax-ex-2.1.0.jar;C:\Users\giris\.m2\repository\com\sun\activation\jakarta.activation\1.2.2\jakarta.activation-1.2.2.jar;C:\Users\giris\.m2\repository\org\testng\testng\7.7.1\testng-7.7.1.jar;C:\Users\giris\.m2\repository\com\beust\jcommander\1.82\jcommander-1.82.jar;C:\Users\giris\.m2\repository\org\webjars\jquery\3.6.1\jquery-3.6.1.jar;"/>
    <property name="java.vm.vendor" value="Oracle Corporation"/>
    <property name="sun.arch.data.model" value="64"/>
    <property name="user.variant" value=""/>
    <property name="java.vendor.url" value="https://java.oracle.com/"/>
    <property name="user.timezone" value="America/Toronto"/>
    <property name="os.name" value="Windows 11"/>
    <property name="java.vm.specification.version" value="21"/>
    <property name="sun.java.launcher" value="SUN_STANDARD"/>
    <property name="user.country" value="CA"/>
    <property name="sun.boot.library.path" value="C:\Users\giris\.jdks\openjdk-21.0.2\bin"/>
    <property name="sun.java.command" value="C:\Users\giris\AppData\Local\Temp\surefire15426985250813685424\surefirebooter-20240405014843114_3.jar C:\Users\giris\AppData\Local\Temp\surefire15426985250813685424 2024-04-05T01-48-42_960-jvmRun1 surefire-20240405014843114_1tmp surefire_0-20240405014843114_2tmp"/>
    <property name="jdk.debug" value="release"/>
    <property name="surefire.test.class.path" value="C:\Users\giris\Downloads\03AprilECE651\backend\re360\target\test-classes;C:\Users\giris\Downloads\03AprilECE651\backend\re360\target\classes;C:\Users\giris\.m2\repository\org\springframework\boot\spring-boot-starter-data-mongodb\3.2.1\spring-boot-starter-data-mongodb-3.2.1.jar;C:\Users\giris\.m2\repository\org\springframework\boot\spring-boot-starter\3.2.1\spring-boot-starter-3.2.1.jar;C:\Users\giris\.m2\repository\org\springframework\boot\spring-boot\3.2.1\spring-boot-3.2.1.jar;C:\Users\giris\.m2\repository\org\springframework\boot\spring-boot-autoconfigure\3.2.1\spring-boot-autoconfigure-3.2.1.jar;C:\Users\giris\.m2\repository\org\springframework\boot\spring-boot-starter-logging\3.2.1\spring-boot-starter-logging-3.2.1.jar;C:\Users\giris\.m2\repository\org\apache\logging\log4j\log4j-to-slf4j\2.21.1\log4j-to-slf4j-2.21.1.jar;C:\Users\giris\.m2\repository\org\apache\logging\log4j\log4j-api\2.21.1\log4j-api-2.21.1.jar;C:\Users\giris\.m2\repository\org\slf4j\jul-to-slf4j\2.0.9\jul-to-slf4j-2.0.9.jar;C:\Users\giris\.m2\repository\jakarta\annotation\jakarta.annotation-api\2.1.1\jakarta.annotation-api-2.1.1.jar;C:\Users\giris\.m2\repository\org\yaml\snakeyaml\2.2\snakeyaml-2.2.jar;C:\Users\giris\.m2\repository\org\mongodb\mongodb-driver-sync\4.11.1\mongodb-driver-sync-4.11.1.jar;C:\Users\giris\.m2\repository\org\mongodb\bson\4.11.1\bson-4.11.1.jar;C:\Users\giris\.m2\repository\org\mongodb\mongodb-driver-core\4.11.1\mongodb-driver-core-4.11.1.jar;C:\Users\giris\.m2\repository\org\mongodb\bson-record-codec\4.11.1\bson-record-codec-4.11.1.jar;C:\Users\giris\.m2\repository\org\springframework\data\spring-data-mongodb\4.2.1\spring-data-mongodb-4.2.1.jar;C:\Users\giris\.m2\repository\org\springframework\spring-tx\6.1.2\spring-tx-6.1.2.jar;C:\Users\giris\.m2\repository\org\springframework\spring-context\6.1.2\spring-context-6.1.2.jar;C:\Users\giris\.m2\repository\org\springframework\spring-beans\6.1.2\spring-beans-6.1.2.jar;C:\Users\giris\.m2\repository\org\springframework\spring-expression\6.1.2\spring-expression-6.1.2.jar;C:\Users\giris\.m2\repository\org\springframework\data\spring-data-commons\3.2.1\spring-data-commons-3.2.1.jar;C:\Users\giris\.m2\repository\org\springframework\boot\spring-boot-starter-data-mongodb-reactive\3.2.1\spring-boot-starter-data-mongodb-reactive-3.2.1.jar;C:\Users\giris\.m2\repository\io\projectreactor\reactor-core\3.6.1\reactor-core-3.6.1.jar;C:\Users\giris\.m2\repository\org\reactivestreams\reactive-streams\1.0.4\reactive-streams-1.0.4.jar;C:\Users\giris\.m2\repository\org\mongodb\mongodb-driver-reactivestreams\4.11.1\mongodb-driver-reactivestreams-4.11.1.jar;C:\Users\giris\.m2\repository\org\springframework\boot\spring-boot-starter-security\3.2.1\spring-boot-starter-security-3.2.1.jar;C:\Users\giris\.m2\repository\org\springframework\spring-aop\6.1.2\spring-aop-6.1.2.jar;C:\Users\giris\.m2\repository\org\springframework\security\spring-security-config\6.2.1\spring-security-config-6.2.1.jar;C:\Users\giris\.m2\repository\org\springframework\security\spring-security-core\6.2.1\spring-security-core-6.2.1.jar;C:\Users\giris\.m2\repository\org\springframework\security\spring-security-crypto\6.2.1\spring-security-crypto-6.2.1.jar;C:\Users\giris\.m2\repository\org\springframework\security\spring-security-web\6.2.1\spring-security-web-6.2.1.jar;C:\Users\giris\.m2\repository\org\springframework\boot\spring-boot-starter-web\3.2.1\spring-boot-starter-web-3.2.1.jar;C:\Users\giris\.m2\repository\org\springframework\boot\spring-boot-starter-json\3.2.1\spring-boot-starter-json-3.2.1.jar;C:\Users\giris\.m2\repository\com\fasterxml\jackson\datatype\jackson-datatype-jdk8\2.15.3\jackson-datatype-jdk8-2.15.3.jar;C:\Users\giris\.m2\repository\com\fasterxml\jackson\module\jackson-module-parameter-names\2.15.3\jackson-module-parameter-names-2.15.3.jar;C:\Users\giris\.m2\repository\org\springframework\boot\spring-boot-starter-tomcat\3.2.1\spring-boot-starter-tomcat-3.2.1.jar;C:\Users\giris\.m2\repository\org\apache\tomcat\embed\tomcat-embed-core\10.1.17\tomcat-embed-core-10.1.17.jar;C:\Users\giris\.m2\repository\org\apache\tomcat\embed\tomcat-embed-el\10.1.17\tomcat-embed-el-10.1.17.jar;C:\Users\giris\.m2\repository\org\apache\tomcat\embed\tomcat-embed-websocket\10.1.17\tomcat-embed-websocket-10.1.17.jar;C:\Users\giris\.m2\repository\org\springframework\spring-web\6.1.2\spring-web-6.1.2.jar;C:\Users\giris\.m2\repository\io\micrometer\micrometer-observation\1.12.1\micrometer-observation-1.12.1.jar;C:\Users\giris\.m2\repository\io\micrometer\micrometer-commons\1.12.1\micrometer-commons-1.12.1.jar;C:\Users\giris\.m2\repository\org\springframework\spring-webmvc\6.1.2\spring-webmvc-6.1.2.jar;C:\Users\giris\.m2\repository\mysql\mysql-connector-java\8.0.12\mysql-connector-java-8.0.12.jar;C:\Users\giris\.m2\repository\com\google\protobuf\protobuf-java\2.6.0\protobuf-java-2.6.0.jar;C:\Users\giris\.m2\repository\com\h2database\h2\2.2.224\h2-2.2.224.jar;C:\Users\giris\.m2\repository\org\projectlombok\lombok\1.18.30\lombok-1.18.30.jar;C:\Users\giris\.m2\repository\org\springframework\boot\spring-boot-starter-test\3.2.1\spring-boot-starter-test-3.2.1.jar;C:\Users\giris\.m2\repository\org\springframework\boot\spring-boot-test\3.2.1\spring-boot-test-3.2.1.jar;C:\Users\giris\.m2\repository\org\springframework\boot\spring-boot-test-autoconfigure\3.2.1\spring-boot-test-autoconfigure-3.2.1.jar;C:\Users\giris\.m2\repository\com\jayway\jsonpath\json-path\2.8.0\json-path-2.8.0.jar;C:\Users\giris\.m2\repository\net\minidev\json-smart\2.5.0\json-smart-2.5.0.jar;C:\Users\giris\.m2\repository\net\minidev\accessors-smart\2.5.0\accessors-smart-2.5.0.jar;C:\Users\giris\.m2\repository\org\assertj\assertj-core\3.24.2\assertj-core-3.24.2.jar;C:\Users\giris\.m2\repository\net\bytebuddy\byte-buddy\1.14.10\byte-buddy-1.14.10.jar;C:\Users\giris\.m2\repository\org\awaitility\awaitility\4.2.0\awaitility-4.2.0.jar;C:\Users\giris\.m2\repository\org\junit\jupiter\junit-jupiter\5.10.1\junit-jupiter-5.10.1.jar;C:\Users\giris\.m2\repository\org\junit\jupiter\junit-jupiter-api\5.10.1\junit-jupiter-api-5.10.1.jar;C:\Users\giris\.m2\repository\org\opentest4j\opentest4j\1.3.0\opentest4j-1.3.0.jar;C:\Users\giris\.m2\repository\org\junit\platform\junit-platform-commons\1.10.1\junit-platform-commons-1.10.1.jar;C:\Users\giris\.m2\repository\org\junit\jupiter\junit-jupiter-params\5.10.1\junit-jupiter-params-5.10.1.jar;C:\Users\giris\.m2\repository\org\junit\jupiter\junit-jupiter-engine\5.10.1\junit-jupiter-engine-5.10.1.jar;C:\Users\giris\.m2\repository\org\junit\platform\junit-platform-engine\1.10.1\junit-platform-engine-1.10.1.jar;C:\Users\giris\.m2\repository\org\mockito\mockito-core\5.7.0\mockito-core-5.7.0.jar;C:\Users\giris\.m2\repository\net\bytebuddy\byte-buddy-agent\1.14.10\byte-buddy-agent-1.14.10.jar;C:\Users\giris\.m2\repository\org\objenesis\objenesis\3.3\objenesis-3.3.jar;C:\Users\giris\.m2\repository\org\mockito\mockito-junit-jupiter\5.7.0\mockito-junit-jupiter-5.7.0.jar;C:\Users\giris\.m2\repository\org\skyscreamer\jsonassert\1.5.1\jsonassert-1.5.1.jar;C:\Users\giris\.m2\repository\com\vaadin\external\google\android-json\0.0.20131108.vaadin1\android-json-0.0.20131108.vaadin1.jar;C:\Users\giris\.m2\repository\org\springframework\spring-core\6.1.2\spring-core-6.1.2.jar;C:\Users\giris\.m2\repository\org\springframework\spring-jcl\6.1.2\spring-jcl-6.1.2.jar;C:\Users\giris\.m2\repository\org\springframework\spring-test\6.1.2\spring-test-6.1.2.jar;C:\Users\giris\.m2\repository\org\xmlunit\xmlunit-core\2.9.1\xmlunit-core-2.9.1.jar;C:\Users\giris\.m2\repository\io\jsonwebtoken\jjwt-api\0.12.3\jjwt-api-0.12.3.jar;C:\Users\giris\.m2\repository\io\jsonwebtoken\jjwt-impl\0.12.3\jjwt-impl-0.12.3.jar;C:\Users\giris\.m2\repository\io\jsonwebtoken\jjwt-jackson\0.12.3\jjwt-jackson-0.12.3.jar;C:\Users\giris\.m2\repository\com\fasterxml\jackson\core\jackson-databind\2.15.3\jackson-databind-2.15.3.jar;C:\Users\giris\.m2\repository\com\fasterxml\jackson\core\jackson-annotations\2.15.3\jackson-annotations-2.15.3.jar;C:\Users\giris\.m2\repository\com\fasterxml\jackson\core\jackson-core\2.15.3\jackson-core-2.15.3.jar;C:\Users\giris\.m2\repository\io\projectreactor\reactor-test\3.6.1\reactor-test-3.6.1.jar;C:\Users\giris\.m2\repository\junit\junit\4.13.2\junit-4.13.2.jar;C:\Users\giris\.m2\repository\org\hamcrest\hamcrest-core\2.2\hamcrest-core-2.2.jar;C:\Users\giris\.m2\repository\io\cucumber\cucumber-core\7.15.0\cucumber-core-7.15.0.jar;C:\Users\giris\.m2\repository\io\cucumber\cucumber-gherkin\7.15.0\cucumber-gherkin-7.15.0.jar;C:\Users\giris\.m2\repository\io\cucumber\cucumber-gherkin-messages\7.15.0\cucumber-gherkin-messages-7.15.0.jar;C:\Users\giris\.m2\repository\io\cucumber\gherkin\26.2.0\gherkin-26.2.0.jar;C:\Users\giris\.m2\repository\io\cucumber\messages\22.0.0\messages-22.0.0.jar;C:\Users\giris\.m2\repository\io\cucumber\tag-expressions\6.0.0\tag-expressions-6.0.0.jar;C:\Users\giris\.m2\repository\io\cucumber\cucumber-expressions\17.0.1\cucumber-expressions-17.0.1.jar;C:\Users\giris\.m2\repository\io\cucumber\datatable\7.15.0\datatable-7.15.0.jar;C:\Users\giris\.m2\repository\io\cucumber\cucumber-plugin\7.15.0\cucumber-plugin-7.15.0.jar;C:\Users\giris\.m2\repository\io\cucumber\docstring\7.15.0\docstring-7.15.0.jar;C:\Users\giris\.m2\repository\io\cucumber\html-formatter\20.4.0\html-formatter-20.4.0.jar;C:\Users\giris\.m2\repository\io\cucumber\junit-xml-formatter\0.2.0\junit-xml-formatter-0.2.0.jar;C:\Users\giris\.m2\repository\io\cucumber\ci-environment\10.0.0\ci-environment-10.0.0.jar;C:\Users\giris\.m2\repository\org\apiguardian\apiguardian-api\1.1.2\apiguardian-api-1.1.2.jar;C:\Users\giris\.m2\repository\io\cucumber\cucumber-html\0.2.7\cucumber-html-0.2.7.jar;C:\Users\giris\.m2\repository\net\sourceforge\cobertura\cobertura\2.1.1\cobertura-2.1.1.jar;C:\Users\giris\.m2\repository\org\ow2\asm\asm\5.0.1\asm-5.0.1.jar;C:\Users\giris\.m2\repository\org\ow2\asm\asm-tree\5.0.1\asm-tree-5.0.1.jar;C:\Users\giris\.m2\repository\org\ow2\asm\asm-commons\5.0.1\asm-commons-5.0.1.jar;C:\Users\giris\.m2\repository\org\ow2\asm\asm-util\5.0.1\asm-util-5.0.1.jar;C:\Users\giris\.m2\repository\org\ow2\asm\asm-analysis\5.0.1\asm-analysis-5.0.1.jar;C:\Users\giris\.m2\repository\oro\oro\2.0.8\oro-2.0.8.jar;C:\Users\giris\.m2\repository\jaxen\jaxen\2.0.0\jaxen-2.0.0.jar;C:\Users\giris\.m2\repository\org\apache\ant\ant\1.8.3\ant-1.8.3.jar;C:\Users\giris\.m2\repository\org\apache\ant\ant-launcher\1.8.3\ant-launcher-1.8.3.jar;C:\Users\giris\.m2\repository\org\apache\ant\ant-junit\1.8.3\ant-junit-1.8.3.jar;C:\Users\giris\.m2\repository\org\mortbay\jetty\servlet-api-2.5\6.1.14\servlet-api-2.5-6.1.14.jar;C:\Users\giris\.m2\repository\org\mortbay\jetty\jetty\6.1.14\jetty-6.1.14.jar;C:\Users\giris\.m2\repository\org\mortbay\jetty\jetty-util\6.1.14\jetty-util-6.1.14.jar;C:\Users\giris\.m2\repository\org\slf4j\slf4j-api\2.0.9\slf4j-api-2.0.9.jar;C:\Users\giris\.m2\repository\ch\qos\logback\logback-classic\1.4.14\logback-classic-1.4.14.jar;C:\Users\giris\.m2\repository\ch\qos\logback\logback-core\1.4.14\logback-core-1.4.14.jar;C:\Users\giris\.m2\repository\org\apache\commons\commons-lang3\3.13.0\commons-lang3-3.13.0.jar;C:\Users\giris\.m2\repository\io\cucumber\cucumber-java\7.15.0\cucumber-java-7.15.0.jar;C:\Users\giris\.m2\repository\io\cucumber\cucumber-junit\7.15.0\cucumber-junit-7.15.0.jar;C:\Users\giris\.m2\repository\io\cucumber\cucumber-jvm-deps\1.0.6\cucumber-jvm-deps-1.0.6.jar;C:\Users\giris\.m2\repository\net\masterthought\cucumber-reporting\5.7.8\cucumber-reporting-5.7.8.jar;C:\Users\giris\.m2\repository\com\fasterxml\jackson\datatype\jackson-datatype-jsr310\2.15.3\jackson-datatype-jsr310-2.15.3.jar;C:\Users\giris\.m2\repository\org\apache\velocity\velocity-engine-core\2.3\velocity-engine-core-2.3.jar;C:\Users\giris\.m2\repository\joda-time\joda-time\2.12.5\joda-time-2.12.5.jar;C:\Users\giris\.m2\repository\commons-io\commons-io\2.7\commons-io-2.7.jar;C:\Users\giris\.m2\repository\org\codehaus\plexus\plexus-utils\3.5.1\plexus-utils-3.5.1.jar;C:\Users\giris\.m2\repository\org\jsoup\jsoup\1.17.1\jsoup-1.17.1.jar;C:\Users\giris\.m2\repository\com\googlecode\owasp-java-html-sanitizer\owasp-java-html-sanitizer\20220608.1\owasp-java-html-sanitizer-20220608.1.jar;C:\Users\giris\.m2\repository\com\google\guava\guava\30.1-jre\guava-30.1-jre.jar;C:\Users\giris\.m2\repository\com\google\guava\failureaccess\1.0.1\failureaccess-1.0.1.jar;C:\Users\giris\.m2\repository\com\google\guava\listenablefuture\9999.0-empty-to-avoid-conflict-with-guava\listenablefuture-9999.0-empty-to-avoid-conflict-with-guava.jar;C:\Users\giris\.m2\repository\com\google\code\findbugs\jsr305\3.0.2\jsr305-3.0.2.jar;C:\Users\giris\.m2\repository\org\checkerframework\checker-qual\3.5.0\checker-qual-3.5.0.jar;C:\Users\giris\.m2\repository\com\google\errorprone\error_prone_annotations\2.3.4\error_prone_annotations-2.3.4.jar;C:\Users\giris\.m2\repository\com\google\j2objc\j2objc-annotations\1.3\j2objc-annotations-1.3.jar;C:\Users\giris\.m2\repository\commons-configuration\commons-configuration\1.10\commons-configuration-1.10.jar;C:\Users\giris\.m2\repository\commons-lang\commons-lang\2.6\commons-lang-2.6.jar;C:\Users\giris\.m2\repository\commons-logging\commons-logging\1.1.1\commons-logging-1.1.1.jar;C:\Users\giris\.m2\repository\org\hamcrest\hamcrest\2.2\hamcrest-2.2.jar;C:\Users\giris\.m2\repository\org\seleniumhq\selenium\selenium-java\4.19.0\selenium-java-4.19.0.jar;C:\Users\giris\.m2\repository\org\seleniumhq\selenium\selenium-api\4.14.1\selenium-api-4.14.1.jar;C:\Users\giris\.m2\repository\org\seleniumhq\selenium\selenium-chrome-driver\4.14.1\selenium-chrome-driver-4.14.1.jar;C:\Users\giris\.m2\repository\com\google\auto\service\auto-service-annotations\1.1.1\auto-service-annotations-1.1.1.jar;C:\Users\giris\.m2\repository\org\seleniumhq\selenium\selenium-chromium-driver\4.14.1\selenium-chromium-driver-4.14.1.jar;C:\Users\giris\.m2\repository\org\seleniumhq\selenium\selenium-json\4.14.1\selenium-json-4.14.1.jar;C:\Users\giris\.m2\repository\org\seleniumhq\selenium\selenium-manager\4.14.1\selenium-manager-4.14.1.jar;C:\Users\giris\.m2\repository\org\seleniumhq\selenium\selenium-devtools-v121\4.19.0\selenium-devtools-v121-4.19.0.jar;C:\Users\giris\.m2\repository\org\seleniumhq\selenium\selenium-devtools-v122\4.19.0\selenium-devtools-v122-4.19.0.jar;C:\Users\giris\.m2\repository\org\seleniumhq\selenium\selenium-devtools-v123\4.19.0\selenium-devtools-v123-4.19.0.jar;C:\Users\giris\.m2\repository\org\seleniumhq\selenium\selenium-devtools-v85\4.14.1\selenium-devtools-v85-4.14.1.jar;C:\Users\giris\.m2\repository\org\seleniumhq\selenium\selenium-edge-driver\4.14.1\selenium-edge-driver-4.14.1.jar;C:\Users\giris\.m2\repository\org\seleniumhq\selenium\selenium-firefox-driver\4.14.1\selenium-firefox-driver-4.14.1.jar;C:\Users\giris\.m2\repository\org\seleniumhq\selenium\selenium-http\4.14.1\selenium-http-4.14.1.jar;C:\Users\giris\.m2\repository\dev\failsafe\failsafe\3.3.2\failsafe-3.3.2.jar;C:\Users\giris\.m2\repository\org\seleniumhq\selenium\selenium-ie-driver\4.14.1\selenium-ie-driver-4.14.1.jar;C:\Users\giris\.m2\repository\org\seleniumhq\selenium\selenium-remote-driver\4.14.1\selenium-remote-driver-4.14.1.jar;C:\Users\giris\.m2\repository\io\opentelemetry\opentelemetry-api\1.31.0\opentelemetry-api-1.31.0.jar;C:\Users\giris\.m2\repository\io\opentelemetry\opentelemetry-context\1.31.0\opentelemetry-context-1.31.0.jar;C:\Users\giris\.m2\repository\io\opentelemetry\opentelemetry-exporter-logging\1.31.0\opentelemetry-exporter-logging-1.31.0.jar;C:\Users\giris\.m2\repository\io\opentelemetry\opentelemetry-sdk-common\1.31.0\opentelemetry-sdk-common-1.31.0.jar;C:\Users\giris\.m2\repository\io\opentelemetry\opentelemetry-sdk-extension-autoconfigure-spi\1.31.0\opentelemetry-sdk-extension-autoconfigure-spi-1.31.0.jar;C:\Users\giris\.m2\repository\io\opentelemetry\opentelemetry-sdk-extension-autoconfigure\1.31.0\opentelemetry-sdk-extension-autoconfigure-1.31.0.jar;C:\Users\giris\.m2\repository\io\opentelemetry\opentelemetry-api-events\1.31.0-alpha\opentelemetry-api-events-1.31.0-alpha.jar;C:\Users\giris\.m2\repository\io\opentelemetry\opentelemetry-sdk-trace\1.31.0\opentelemetry-sdk-trace-1.31.0.jar;C:\Users\giris\.m2\repository\io\opentelemetry\opentelemetry-sdk\1.31.0\opentelemetry-sdk-1.31.0.jar;C:\Users\giris\.m2\repository\io\opentelemetry\opentelemetry-sdk-metrics\1.31.0\opentelemetry-sdk-metrics-1.31.0.jar;C:\Users\giris\.m2\repository\io\opentelemetry\opentelemetry-extension-incubator\1.31.0-alpha\opentelemetry-extension-incubator-1.31.0-alpha.jar;C:\Users\giris\.m2\repository\io\opentelemetry\opentelemetry-sdk-logs\1.31.0\opentelemetry-sdk-logs-1.31.0.jar;C:\Users\giris\.m2\repository\io\opentelemetry\opentelemetry-semconv\1.28.0-alpha\opentelemetry-semconv-1.28.0-alpha.jar;C:\Users\giris\.m2\repository\org\seleniumhq\selenium\selenium-os\4.14.1\selenium-os-4.14.1.jar;C:\Users\giris\.m2\repository\org\apache\commons\commons-exec\1.3\commons-exec-1.3.jar;C:\Users\giris\.m2\repository\org\seleniumhq\selenium\selenium-safari-driver\4.14.1\selenium-safari-driver-4.14.1.jar;C:\Users\giris\.m2\repository\org\seleniumhq\selenium\selenium-support\4.14.1\selenium-support-4.14.1.jar;C:\Users\giris\.m2\repository\com\sun\mail\javax.mail\1.6.2\javax.mail-1.6.2.jar;C:\Users\giris\.m2\repository\javax\activation\activation\1.1\activation-1.1.jar;C:\Users\giris\.m2\repository\io\rest-assured\rest-assured\4.4.0\rest-assured-4.4.0.jar;C:\Users\giris\.m2\repository\org\codehaus\groovy\groovy\3.0.8\groovy-3.0.8.jar;C:\Users\giris\.m2\repository\org\apache\httpcomponents\httpclient\4.5.13\httpclient-4.5.13.jar;C:\Users\giris\.m2\repository\org\apache\httpcomponents\httpcore\4.4.16\httpcore-4.4.16.jar;C:\Users\giris\.m2\repository\commons-codec\commons-codec\1.16.0\commons-codec-1.16.0.jar;C:\Users\giris\.m2\repository\org\apache\httpcomponents\httpmime\4.5.13\httpmime-4.5.13.jar;C:\Users\giris\.m2\repository\org\ccil\cowan\tagsoup\tagsoup\1.2.1\tagsoup-1.2.1.jar;C:\Users\giris\.m2\repository\io\rest-assured\json-path\5.3.2\json-path-5.3.2.jar;C:\Users\giris\.m2\repository\org\apache\groovy\groovy-json\4.0.16\groovy-json-4.0.16.jar;C:\Users\giris\.m2\repository\org\apache\groovy\groovy\4.0.16\groovy-4.0.16.jar;C:\Users\giris\.m2\repository\io\rest-assured\rest-assured-common\5.3.2\rest-assured-common-5.3.2.jar;C:\Users\giris\.m2\repository\io\rest-assured\xml-path\5.3.2\xml-path-5.3.2.jar;C:\Users\giris\.m2\repository\org\apache\groovy\groovy-xml\4.0.16\groovy-xml-4.0.16.jar;C:\Users\giris\.m2\repository\jakarta\xml\bind\jakarta.xml.bind-api\4.0.0\jakarta.xml.bind-api-4.0.0.jar;C:\Users\giris\.m2\repository\jakarta\activation\jakarta.activation-api\2.1.2\jakarta.activation-api-2.1.2.jar;C:\Users\giris\.m2\repository\com\sun\xml\bind\jaxb-impl\4.0.3\jaxb-impl-4.0.3.jar;C:\Users\giris\.m2\repository\com\sun\xml\bind\jaxb-core\4.0.4\jaxb-core-4.0.4.jar;C:\Users\giris\.m2\repository\org\eclipse\angus\angus-activation\2.0.1\angus-activation-2.0.1.jar;C:\Users\giris\.m2\repository\javax\xml\bind\jaxb-api\2.3.0\jaxb-api-2.3.0.jar;C:\Users\giris\.m2\repository\com\sun\xml\messaging\saaj\saaj-impl\1.5.3\saaj-impl-1.5.3.jar;C:\Users\giris\.m2\repository\jakarta\xml\soap\jakarta.xml.soap-api\3.0.1\jakarta.xml.soap-api-3.0.1.jar;C:\Users\giris\.m2\repository\org\jvnet\staxex\stax-ex\2.1.0\stax-ex-2.1.0.jar;C:\Users\giris\.m2\repository\com\sun\activation\jakarta.activation\1.2.2\jakarta.activation-1.2.2.jar;C:\Users\giris\.m2\repository\org\testng\testng\7.7.1\testng-7.7.1.jar;C:\Users\giris\.m2\repository\com\beust\jcommander\1.82\jcommander-1.82.jar;C:\Users\giris\.m2\repository\org\webjars\jquery\3.6.1\jquery-3.6.1.jar;"/>
    <property name="sun.cpu.endian" value="little"/>
    <property name="user.home" value="C:\Users\giris"/>
    <property name="user.language" value="en"/>
    <property name="java.specification.vendor" value="Oracle Corporation"/>
    <property name="java.version.date" value="2024-01-16"/>
    <property name="java.home" value="C:\Users\giris\.jdks\openjdk-21.0.2"/>
    <property name="file.separator" value="\"/>
    <property name="basedir" value="C:\Users\giris\Downloads\03AprilECE651\backend\re360"/>
    <property name="java.vm.compressedOopsMode" value="Zero based"/>
    <property name="line.separator" value="&#10;"/>
    <property name="java.vm.specification.vendor" value="Oracle Corporation"/>
    <property name="java.specification.name" value="Java Platform API Specification"/>
    <property name="FILE_LOG_CHARSET" value="UTF-8"/>
    <property name="java.awt.headless" value="true"/>
    <property name="surefire.real.class.path" value="C:\Users\giris\AppData\Local\Temp\surefire15426985250813685424\surefirebooter-20240405014843114_3.jar"/>
    <property name="user.script" value=""/>
    <property name="sun.management.compiler" value="HotSpot 64-Bit Tiered Compilers"/>
    <property name="java.runtime.version" value="21.0.2+13-58"/>
    <property name="user.name" value="giris"/>
    <property name="stdout.encoding" value="Cp1252"/>
    <property name="path.separator" value=";"/>
    <property name="os.version" value="10.0"/>
    <property name="java.runtime.name" value="OpenJDK Runtime Environment"/>
    <property name="file.encoding" value="UTF-8"/>
    <property name="java.vm.name" value="OpenJDK 64-Bit Server VM"/>
    <property name="localRepository" value="C:\Users\giris\.m2\repository"/>
    <property name="java.vendor.url.bug" value="https://bugreport.java.com/bugreport/"/>
    <property name="java.io.tmpdir" value="C:\Users\giris\AppData\Local\Temp\"/>
    <property name="idea.version" value="2023.3.2"/>
    <property name="java.version" value="21.0.2"/>
    <property name="user.dir" value="C:\Users\giris\Downloads\03AprilECE651\backend\re360"/>
    <property name="os.arch" value="amd64"/>
    <property name="java.vm.specification.name" value="Java Virtual Machine Specification"/>
    <property name="PID" value="34028"/>
    <property name="sun.os.patch.level" value=""/>
    <property name="CONSOLE_LOG_CHARSET" value="UTF-8"/>
    <property name="native.encoding" value="Cp1252"/>
    <property name="java.library.path" value="C:\Users\giris\.jdks\openjdk-21.0.2\bin;C:\Windows\Sun\Java\bin;C:\Windows\system32;C:\Windows;C:\Program Files\Python311\Scripts\;C:\Program Files\Python311\;C:\Windows\system32;C:\Windows;C:\Windows\System32\Wbem;C:\Windows\System32\WindowsPowerShell\v1.0\;C:\Windows\System32\OpenSSH\;C:\Program Files\dotnet\;C:\Program Files\Git\cmd;C:\Program Files\PuTTY\;C:\Cmake\cmake-3.27.6-windows-x86_64\bin;C:\msys64\mingw64\bin;C:\Program Files\gnuplot\bin;C:\Program Files\nodejs\;C:\Program Files\Java\jdk-16\bin;C:\Users\giris\anaconda3;C:\Users\giris\anaconda3\Library\mingw-w64\bin;C:\Users\giris\anaconda3\Library\usr\bin;C:\Users\giris\anaconda3\Library\bin;C:\Users\giris\anaconda3\Scripts;C:\Users\giris\AppData\Local\Microsoft\WindowsApps;C:\Users\giris\AppData\Local\Programs\Microsoft VS Code\bin;C:\msys64\mingw64\bin;C:\Program Files\JetBrains\IntelliJ IDEA Community Edition 2023.3.2\bin;;C:\Users\giris\AppData\Roaming\npm;."/>
    <property name="java.vm.info" value="mixed mode, sharing"/>
    <property name="stderr.encoding" value="Cp1252"/>
    <property name="java.vendor" value="Oracle Corporation"/>
    <property name="java.vm.version" value="21.0.2+13-58"/>
    <property name="sun.io.unicode.encoding" value="UnicodeLittle"/>
    <property name="java.class.version" value="65.0"/>
  </properties>
  <testcase name="GetProdByProcDateTest" classname="com.example.RapidEYE360.RapidEye360UnitTests" time="0.065">
    <system-out><![CDATA[[DEBUG] Neither @ContextConfiguration nor @ContextHierarchy found for test class [RapidEye360UnitTests]: using SpringBootContextLoader
[DEBUG] Could not detect default resource locations for test class [com.example.RapidEYE360.RapidEye360UnitTests]: no resource found for suffixes {-context.xml, Context.groovy}.
[INFO] Could not detect default configuration classes for test class [com.example.RapidEYE360.RapidEye360UnitTests]: RapidEye360UnitTests does not declare any static, non-private, non-final, nested classes annotated with @Configuration.
[DEBUG] Using ContextCustomizerFactory implementations for test class [RapidEye360UnitTests]: [ImportsContextCustomizerFactory, ExcludeFilterContextCustomizerFactory, HttpGraphQlTesterContextCustomizerFactory, DuplicateJsonObjectContextCustomizerFactory, MockitoContextCustomizerFactory, TestRestTemplateContextCustomizerFactory, WebTestClientContextCustomizerFactory, OverrideAutoConfigurationContextCustomizerFactory, ObservabilityContextCustomizerFactory, TypeExcludeFiltersContextCustomizerFactory, PropertyMappingContextCustomizerFactory, WebDriverContextCustomizerFactory, MockServerContainerContextCustomizerFactory, DynamicPropertiesContextCustomizerFactory]
[DEBUG] Using ContextCustomizers for test class [RapidEye360UnitTests]: [ImportsContextCustomizer, ExcludeFilterContextCustomizer, DuplicateJsonObjectContextCustomizer, MockitoContextCustomizer, TestRestTemplateContextCustomizer, DisableObservabilityContextCustomizer, PropertyMappingContextCustomizer, WebDriverContextCustomizer]
[INFO] Found @SpringBootConfiguration com.example.RapidEYE360.RapidEye360Application for test class com.example.RapidEYE360.RapidEye360UnitTests
[DEBUG] Skipping candidate TestExecutionListener [org.springframework.test.context.observation.MicrometerObservationRegistryTestExecutionListener] due to a missing dependency. Specify custom TestExecutionListener classes or make the default TestExecutionListener classes and their required dependencies available. Offending class: io.micrometer.context.ThreadLocalAccessor. MicrometerObservationRegistryTestExecutionListener requires io.micrometer:micrometer-observation:1.10.8 or higher and io.micrometer:context-propagation:1.0.3 or higher.
[DEBUG] Using TestExecutionListeners for test class [RapidEye360UnitTests]: [ServletTestExecutionListener, DirtiesContextBeforeModesTestExecutionListener, ApplicationEventsTestExecutionListener, MockitoTestExecutionListener, DependencyInjectionTestExecutionListener, DirtiesContextTestExecutionListener, TransactionalTestExecutionListener, SqlScriptsTestExecutionListener, EventPublishingTestExecutionListener, ResetMocksTestExecutionListener, RestDocsTestExecutionListener, MockRestServiceServerResetTestExecutionListener, MockMvcPrintOnlyOnFailureTestExecutionListener, WebDriverTestExecutionListener, MockWebServiceServerTestExecutionListener]
[DEBUG] Before test class: class [RapidEye360UnitTests], class annotated with @DirtiesContext [false] with mode [null]
[DEBUG] Activating profiles []

  .   ____          _            __ _ _
 /\\ / ___'_ __ _ _(_)_ __  __ _ \ \ \ \
( ( )\___ | '_ | '_| | '_ \/ _` | \ \ \ \
 \\/  ___)| |_)| | | | | || (_| |  ) ) ) )
  '  |____| .__|_| |_|_| |_\__, | / / / /
 =========|_|==============|___/=/_/_/_/
 :: Spring Boot ::                (v3.2.1)

[INFO] Starting RapidEye360UnitTests using Java 21.0.2 with PID 34028 (started by giris in C:\Users\giris\Downloads\03AprilECE651\backend\re360)
[DEBUG] Running with Spring Boot v3.2.1, Spring v6.1.2
[INFO] No active profile set, falling back to 1 default profile: "default"
[DEBUG] Loading source class com.example.RapidEYE360.RapidEye360Application
[DEBUG] Refreshing org.springframework.web.context.support.GenericWebApplicationContext@64864875
[DEBUG] Creating shared instance of singleton bean 'org.springframework.context.annotation.internalConfigurationAnnotationProcessor'
[DEBUG] Creating shared instance of singleton bean 'org.springframework.boot.autoconfigure.internalCachingMetadataReaderFactory'
[DEBUG] Identified candidate component class: file [C:\Users\giris\Downloads\03AprilECE651\backend\re360\target\classes\com\example\RapidEYE360\config\CustomAccessDeniedHandler.class]
[DEBUG] Identified candidate component class: file [C:\Users\giris\Downloads\03AprilECE651\backend\re360\target\classes\com\example\RapidEYE360\config\SecurityConfig.class]
[DEBUG] Identified candidate component class: file [C:\Users\giris\Downloads\03AprilECE651\backend\re360\target\classes\com\example\RapidEYE360\controllers\AuthenticationController.class]
[DEBUG] Identified candidate component class: file [C:\Users\giris\Downloads\03AprilECE651\backend\re360\target\classes\com\example\RapidEYE360\controllers\ClerkDiscountController.class]
[DEBUG] Identified candidate component class: file [C:\Users\giris\Downloads\03AprilECE651\backend\re360\target\classes\com\example\RapidEYE360\controllers\ClerkExpiryController.class]
[DEBUG] Identified candidate component class: file [C:\Users\giris\Downloads\03AprilECE651\backend\re360\target\classes\com\example\RapidEYE360\controllers\DiscountController.class]
[DEBUG] Identified candidate component class: file [C:\Users\giris\Downloads\03AprilECE651\backend\re360\target\classes\com\example\RapidEYE360\controllers\EmailController.class]
[DEBUG] Identified candidate component class: file [C:\Users\giris\Downloads\03AprilECE651\backend\re360\target\classes\com\example\RapidEYE360\controllers\ExpiryController.class]
[DEBUG] Identified candidate component class: file [C:\Users\giris\Downloads\03AprilECE651\backend\re360\target\classes\com\example\RapidEYE360\controllers\ProductController.class]
[DEBUG] Identified candidate component class: file [C:\Users\giris\Downloads\03AprilECE651\backend\re360\target\classes\com\example\RapidEYE360\controllers\SupplierController.class]
[DEBUG] Identified candidate component class: file [C:\Users\giris\Downloads\03AprilECE651\backend\re360\target\classes\com\example\RapidEYE360\filter\JwtAuthenticationFilter.class]
[DEBUG] Identified candidate component class: file [C:\Users\giris\Downloads\03AprilECE651\backend\re360\target\classes\com\example\RapidEYE360\services\AuthenticationService.class]
[DEBUG] Identified candidate component class: file [C:\Users\giris\Downloads\03AprilECE651\backend\re360\target\classes\com\example\RapidEYE360\services\ClerkDetailsServiceImp.class]
[DEBUG] Identified candidate component class: file [C:\Users\giris\Downloads\03AprilECE651\backend\re360\target\classes\com\example\RapidEYE360\services\ClerkDiscountService.class]
[DEBUG] Identified candidate component class: file [C:\Users\giris\Downloads\03AprilECE651\backend\re360\target\classes\com\example\RapidEYE360\services\ClerkExpiryService.class]
[DEBUG] Identified candidate component class: file [C:\Users\giris\Downloads\03AprilECE651\backend\re360\target\classes\com\example\RapidEYE360\services\DateSync.class]
[DEBUG] Identified candidate component class: file [C:\Users\giris\Downloads\03AprilECE651\backend\re360\target\classes\com\example\RapidEYE360\services\DiscountService.class]
[DEBUG] Identified candidate component class: file [C:\Users\giris\Downloads\03AprilECE651\backend\re360\target\classes\com\example\RapidEYE360\services\ExpiryService.class]
[DEBUG] Identified candidate component class: file [C:\Users\giris\Downloads\03AprilECE651\backend\re360\target\classes\com\example\RapidEYE360\services\JwtService.class]
[DEBUG] Identified candidate component class: file [C:\Users\giris\Downloads\03AprilECE651\backend\re360\target\classes\com\example\RapidEYE360\services\ProductService.class]
[DEBUG] Identified candidate component class: file [C:\Users\giris\Downloads\03AprilECE651\backend\re360\target\classes\com\example\RapidEYE360\services\SupplierService.class]
[INFO] Bootstrapping Spring Data Reactive MongoDB repositories in DEFAULT mode.
[DEBUG] Creating shared instance of singleton bean 'org.springframework.boot.autoconfigure.AutoConfigurationPackages'
[DEBUG] @EnableAutoConfiguration was declared on a class in the package 'com.example.RapidEYE360'. Automatic @Repository and @Entity scanning is enabled.
[DEBUG] Scanning for Reactive MongoDB repositories in packages com.example.RapidEYE360.
[DEBUG] Identified candidate component class: file [C:\Users\giris\Downloads\03AprilECE651\backend\re360\target\classes\com\example\RapidEYE360\repositories\ClerkDiscountRepository.class]
[DEBUG] Identified candidate component class: file [C:\Users\giris\Downloads\03AprilECE651\backend\re360\target\classes\com\example\RapidEYE360\repositories\ClerkExpiryRepository.class]
[DEBUG] Identified candidate component class: file [C:\Users\giris\Downloads\03AprilECE651\backend\re360\target\classes\com\example\RapidEYE360\repositories\ClerkRepository.class]
[DEBUG] Identified candidate component class: file [C:\Users\giris\Downloads\03AprilECE651\backend\re360\target\classes\com\example\RapidEYE360\repositories\DiscountRepository.class]
[DEBUG] Identified candidate component class: file [C:\Users\giris\Downloads\03AprilECE651\backend\re360\target\classes\com\example\RapidEYE360\repositories\ExpiryRepository.class]
[DEBUG] Identified candidate component class: file [C:\Users\giris\Downloads\03AprilECE651\backend\re360\target\classes\com\example\RapidEYE360\repositories\ProductRepository.class]
[DEBUG] Identified candidate component class: file [C:\Users\giris\Downloads\03AprilECE651\backend\re360\target\classes\com\example\RapidEYE360\repositories\SupplierRepository.class]
[INFO] Finished Spring Data repository scanning in 5 ms. Found 0 Reactive MongoDB repository interfaces.
[INFO] Bootstrapping Spring Data MongoDB repositories in DEFAULT mode.
[DEBUG] Scanning for MongoDB repositories in packages com.example.RapidEYE360.
[DEBUG] Identified candidate component class: file [C:\Users\giris\Downloads\03AprilECE651\backend\re360\target\classes\com\example\RapidEYE360\repositories\ClerkDiscountRepository.class]
[DEBUG] Identified candidate component class: file [C:\Users\giris\Downloads\03AprilECE651\backend\re360\target\classes\com\example\RapidEYE360\repositories\ClerkExpiryRepository.class]
[DEBUG] Identified candidate component class: file [C:\Users\giris\Downloads\03AprilECE651\backend\re360\target\classes\com\example\RapidEYE360\repositories\ClerkRepository.class]
[DEBUG] Identified candidate component class: file [C:\Users\giris\Downloads\03AprilECE651\backend\re360\target\classes\com\example\RapidEYE360\repositories\DiscountRepository.class]
[DEBUG] Identified candidate component class: file [C:\Users\giris\Downloads\03AprilECE651\backend\re360\target\classes\com\example\RapidEYE360\repositories\ExpiryRepository.class]
[DEBUG] Identified candidate component class: file [C:\Users\giris\Downloads\03AprilECE651\backend\re360\target\classes\com\example\RapidEYE360\repositories\ProductRepository.class]
[DEBUG] Identified candidate component class: file [C:\Users\giris\Downloads\03AprilECE651\backend\re360\target\classes\com\example\RapidEYE360\repositories\SupplierRepository.class]
[INFO] Finished Spring Data repository scanning in 7 ms. Found 7 MongoDB repository interfaces.
[DEBUG] Creating shared instance of singleton bean 'org.springframework.boot.test.context.ImportsContextCustomizer$ImportsCleanupPostProcessor'
[DEBUG] Creating shared instance of singleton bean 'springSecurityHandlerMappingIntrospectorBeanDefinitionRegistryPostProcessor'
[DEBUG] Creating shared instance of singleton bean 'propertySourcesPlaceholderConfigurer'
[DEBUG] Creating shared instance of singleton bean 'org.springframework.boot.test.mock.mockito.MockitoPostProcessor'
[DEBUG] Creating shared instance of singleton bean 'org.springframework.boot.sql.init.dependency.DatabaseInitializationDependencyConfigurer$DependsOnDatabaseInitializationPostProcessor'
[DEBUG] Creating shared instance of singleton bean 'org.springframework.context.event.internalEventListenerProcessor'
[DEBUG] Creating shared instance of singleton bean 'conversionServicePostProcessor'
[DEBUG] Creating shared instance of singleton bean 'preserveErrorControllerTargetClassPostProcessor'
[DEBUG] Creating shared instance of singleton bean 'forceAutoProxyCreatorToUseClassProxying'
[DEBUG] Creating shared instance of singleton bean 'org.springframework.context.event.internalEventListenerFactory'
[DEBUG] Creating shared instance of singleton bean 'org.springframework.context.annotation.internalAutowiredAnnotationProcessor'
[DEBUG] Creating shared instance of singleton bean 'org.springframework.context.annotation.internalCommonAnnotationProcessor'
[DEBUG] Creating shared instance of singleton bean 'org.springframework.boot.test.mock.mockito.MockitoPostProcessor$SpyPostProcessor'
[DEBUG] Creating shared instance of singleton bean 'org.springframework.boot.context.properties.ConfigurationPropertiesBindingPostProcessor'
[DEBUG] Creating shared instance of singleton bean 'org.springframework.boot.context.internalConfigurationPropertiesBinder'
[DEBUG] Creating shared instance of singleton bean 'org.springframework.context.annotation.internalScheduledAnnotationProcessor'
[DEBUG] Creating shared instance of singleton bean 'org.springframework.scheduling.annotation.SchedulingConfiguration'
[DEBUG] Creating shared instance of singleton bean 'persistenceExceptionTranslationPostProcessor'
[DEBUG] Autowiring by type from bean name 'persistenceExceptionTranslationPostProcessor' via factory method to bean named 'environment'
[DEBUG] Creating shared instance of singleton bean 'org.springframework.aop.config.internalAutoProxyCreator'
[DEBUG] Creating shared instance of singleton bean 'webServerFactoryCustomizerBeanPostProcessor'
[DEBUG] Creating shared instance of singleton bean 'errorPageRegistrarBeanPostProcessor'
[DEBUG] Creating shared instance of singleton bean 'projectingArgumentResolverBeanPostProcessor'
[DEBUG] Unable to locate ThemeSource with name 'themeSource': using default [org.springframework.ui.context.support.ResourceBundleThemeSource@62b8dd6a]
[DEBUG] Creating shared instance of singleton bean 'rapidEye360Application'
[DEBUG] Creating shared instance of singleton bean 'customAccessDeniedHandler'
[DEBUG] Creating shared instance of singleton bean 'securityConfig'
[DEBUG] Creating shared instance of singleton bean 'clerkDetailsServiceImp'
[DEBUG] Creating shared instance of singleton bean 'clerkRepository'
[DEBUG] Creating shared instance of singleton bean 'mongo.named-queries#1'
[DEBUG] Creating shared instance of singleton bean 'mongodb.ClerkRepository.fragments#0'
[DEBUG] Creating shared instance of singleton bean 'mongoTemplate'
[DEBUG] Creating shared instance of singleton bean 'org.springframework.boot.autoconfigure.data.mongo.MongoDatabaseFactoryDependentConfiguration'
[DEBUG] Creating shared instance of singleton bean 'mongoDatabaseFactory'
[DEBUG] Creating shared instance of singleton bean 'org.springframework.boot.autoconfigure.data.mongo.MongoDatabaseFactoryConfiguration'
[DEBUG] Creating shared instance of singleton bean 'mongo'
[DEBUG] Creating shared instance of singleton bean 'org.springframework.boot.autoconfigure.mongo.MongoAutoConfiguration'
[DEBUG] Creating shared instance of singleton bean 'mongoClientSettings'
[DEBUG] Creating shared instance of singleton bean 'org.springframework.boot.autoconfigure.mongo.MongoAutoConfiguration$MongoClientSettingsConfiguration'
[DEBUG] Autowiring by type from bean name 'mongo' via factory method to bean named 'mongoClientSettings'
[DEBUG] Creating shared instance of singleton bean 'standardMongoSettingsCustomizer'
[DEBUG] Creating shared instance of singleton bean 'spring.data.mongodb-org.springframework.boot.autoconfigure.mongo.MongoProperties'
[DEBUG] Creating shared instance of singleton bean 'org.springframework.boot.context.properties.BoundConfigurationProperties'
[DEBUG] Creating shared instance of singleton bean 'mongoConnectionDetails'
[DEBUG] Autowiring by type from bean name 'mongoConnectionDetails' via factory method to bean named 'spring.data.mongodb-org.springframework.boot.autoconfigure.mongo.MongoProperties'
[DEBUG] Autowiring by type from bean name 'standardMongoSettingsCustomizer' via factory method to bean named 'spring.data.mongodb-org.springframework.boot.autoconfigure.mongo.MongoProperties'
[DEBUG] Autowiring by type from bean name 'standardMongoSettingsCustomizer' via factory method to bean named 'mongoConnectionDetails'
[DEBUG] Creating shared instance of singleton bean 'sslBundleRegistry'
[DEBUG] Creating shared instance of singleton bean 'org.springframework.boot.autoconfigure.ssl.SslAutoConfiguration'
[DEBUG] Creating shared instance of singleton bean 'spring.ssl-org.springframework.boot.autoconfigure.ssl.SslProperties'
[DEBUG] Autowiring by type from bean name 'org.springframework.boot.autoconfigure.ssl.SslAutoConfiguration' via constructor to bean named 'spring.ssl-org.springframework.boot.autoconfigure.ssl.SslProperties'
[DEBUG] Creating shared instance of singleton bean 'sslPropertiesSslBundleRegistrar'
[DEBUG] Creating shared instance of singleton bean 'fileWatcher'
[DEBUG] Autowiring by type from bean name 'sslPropertiesSslBundleRegistrar' via factory method to bean named 'fileWatcher'
[INFO] MongoClient with metadata {"driver": {"name": "mongo-java-driver|sync|spring-boot", "version": "4.11.1"}, "os": {"type": "Windows", "name": "Windows 11", "architecture": "amd64", "version": "10.0"}, "platform": "Java/Oracle Corporation/21.0.2+13-58"} created with settings MongoClientSettings{readPreference=primary, writeConcern=WriteConcern{w=majority, wTimeout=null ms, journal=null}, retryWrites=true, retryReads=true, readConcern=ReadConcern{level=null}, credential=MongoCredential{mechanism=null, userName='rapideye6', source='admin', password=<hidden>, mechanismProperties=<hidden>}, transportSettings=null, streamFactoryFactory=null, commandListeners=[], codecRegistry=ProvidersCodecRegistry{codecProviders=[ValueCodecProvider{}, BsonValueCodecProvider{}, DBRefCodecProvider{}, DBObjectCodecProvider{}, DocumentCodecProvider{}, CollectionCodecProvider{}, IterableCodecProvider{}, MapCodecProvider{}, GeoJsonCodecProvider{}, GridFSFileCodecProvider{}, Jsr310CodecProvider{}, JsonObjectCodecProvider{}, BsonCodecProvider{}, EnumCodecProvider{}, com.mongodb.client.model.mql.ExpressionCodecProvider@519b0f00, com.mongodb.Jep395RecordCodecProvider@4888d1ea, com.mongodb.KotlinCodecProvider@217b0952]}, loggerSettings=LoggerSettings{maxDocumentLength=1000}, clusterSettings={hosts=[127.0.0.1:27017], srvHost=rapideye360.hwak4ul.mongodb.net, srvServiceName=mongodb, mode=MULTIPLE, requiredClusterType=REPLICA_SET, requiredReplicaSetName='atlas-uuawkl-shard-0', serverSelector='null', clusterListeners='[]', serverSelectionTimeout='30000 ms', localThreshold='15 ms'}, socketSettings=SocketSettings{connectTimeoutMS=10000, readTimeoutMS=0, receiveBufferSize=0, proxySettings=ProxySettings{host=null, port=null, username=null, password=null}}, heartbeatSocketSettings=SocketSettings{connectTimeoutMS=10000, readTimeoutMS=10000, receiveBufferSize=0, proxySettings=ProxySettings{host=null, port=null, username=null, password=null}}, connectionPoolSettings=ConnectionPoolSettings{maxSize=100, minSize=0, maxWaitTimeMS=120000, maxConnectionLifeTimeMS=0, maxConnectionIdleTimeMS=0, maintenanceInitialDelayMS=0, maintenanceFrequencyMS=60000, connectionPoolListeners=[], maxConnecting=2}, serverSettings=ServerSettings{heartbeatFrequencyMS=10000, minHeartbeatFrequencyMS=500, serverListeners='[]', serverMonitorListeners='[]'}, sslSettings=SslSettings{enabled=true, invalidHostNameAllowed=false, context=null}, applicationName='null', compressorList=[], uuidRepresentation=JAVA_LEGACY, serverApi=null, autoEncryptionSettings=null, dnsClient=null, inetAddressResolver=null, contextProvider=null}
[DEBUG] Autowiring by type from bean name 'mongoDatabaseFactory' via factory method to bean named 'mongo'
[DEBUG] Autowiring by type from bean name 'mongoDatabaseFactory' via factory method to bean named 'spring.data.mongodb-org.springframework.boot.autoconfigure.mongo.MongoProperties'
[DEBUG] Autowiring by type from bean name 'mongoDatabaseFactory' via factory method to bean named 'mongoConnectionDetails'
[DEBUG] Creating shared instance of singleton bean 'mappingMongoConverter'
[DEBUG] Creating shared instance of singleton bean 'mongoMappingContext'
[DEBUG] Creating shared instance of singleton bean 'org.springframework.boot.autoconfigure.data.mongo.MongoDataConfiguration'
[DEBUG] Creating shared instance of singleton bean 'mongoCustomConversions'
[DEBUG] Adding converter from class java.lang.Character to class java.lang.String as writing converter
[DEBUG] Adding converter from class java.util.Locale to class java.lang.String as writing converter
[DEBUG] Adding converter from class java.math.BigDecimal to class java.lang.String as writing converter
[DEBUG] Adding converter from class java.math.BigDecimal to class org.bson.types.Decimal128 as writing converter
[DEBUG] Adding converter from class java.lang.String to class java.math.BigDecimal as reading converter
[DEBUG] Adding converter from class org.bson.types.Decimal128 to class java.math.BigDecimal as reading converter
[DEBUG] Adding converter from class java.math.BigInteger to class java.lang.String as writing converter
[DEBUG] Adding converter from class java.lang.String to class java.math.BigInteger as reading converter
[DEBUG] Adding converter from class java.net.URL to class java.lang.String as writing converter
[DEBUG] Adding converter from class java.lang.String to class java.net.URL as reading converter
[DEBUG] Adding converter from class org.bson.Document to class java.lang.String as reading converter
[DEBUG] Adding converter from class org.springframework.data.mongodb.core.query.Term to class java.lang.String as writing converter
[DEBUG] Adding converter from class org.springframework.data.mongodb.core.script.NamedMongoScript to class org.bson.Document as writing converter
[DEBUG] Adding converter from class org.bson.Document to class org.springframework.data.mongodb.core.script.NamedMongoScript as reading converter
[DEBUG] Adding converter from class java.util.Currency to class java.lang.String as writing converter
[DEBUG] Adding converter from class java.lang.String to class java.util.Currency as reading converter
[DEBUG] Adding converter from class java.util.concurrent.atomic.AtomicInteger to class java.lang.Integer as writing converter
[DEBUG] Adding converter from class java.util.concurrent.atomic.AtomicLong to class java.lang.Long as writing converter
[DEBUG] Adding converter from class java.lang.Long to class java.util.concurrent.atomic.AtomicLong as reading converter
[DEBUG] Adding converter from class java.lang.Integer to class java.util.concurrent.atomic.AtomicInteger as reading converter
[DEBUG] Adding converter from class org.bson.types.Binary to class [B as reading converter
[DEBUG] Adding converter from class org.bson.BsonTimestamp to class java.time.Instant as reading converter
[DEBUG] Adding converter from class org.bson.BsonUndefined to class java.lang.Object as reading converter
[DEBUG] Adding converter from class java.lang.String to class java.net.URI as reading converter
[DEBUG] Adding converter from class java.net.URI to class java.lang.String as writing converter
[DEBUG] Adding converter from class org.springframework.data.geo.Box to class org.bson.Document as writing converter
[DEBUG] Adding converter from class org.springframework.data.geo.Polygon to class org.bson.Document as writing converter
[DEBUG] Adding converter from class org.springframework.data.geo.Circle to class org.bson.Document as writing converter
[DEBUG] Adding converter from class org.springframework.data.mongodb.core.geo.Sphere to class org.bson.Document as writing converter
[DEBUG] Adding converter from class org.bson.Document to class org.springframework.data.geo.Box as reading converter
[DEBUG] Adding converter from class org.bson.Document to class org.springframework.data.geo.Polygon as reading converter
[DEBUG] Adding converter from class org.bson.Document to class org.springframework.data.geo.Circle as reading converter
[DEBUG] Adding converter from class org.bson.Document to class org.springframework.data.mongodb.core.geo.Sphere as reading converter
[DEBUG] Adding converter from class org.bson.Document to class org.springframework.data.geo.Point as reading converter
[DEBUG] Adding converter from class org.springframework.data.geo.Point to class org.bson.Document as writing converter
[DEBUG] Adding converter from class org.springframework.data.mongodb.core.query.GeoCommand to class org.bson.Document as writing converter
[DEBUG] Adding converter from interface org.springframework.data.mongodb.core.geo.GeoJson to class org.bson.Document as writing converter
[DEBUG] Adding converter from class org.springframework.data.mongodb.core.geo.GeoJsonPoint to class org.bson.Document as writing converter
[DEBUG] Adding converter from class org.springframework.data.mongodb.core.geo.GeoJsonPolygon to class org.bson.Document as writing converter
[DEBUG] Adding converter from class org.bson.Document to class org.springframework.data.mongodb.core.geo.GeoJsonPoint as reading converter
[DEBUG] Adding converter from class org.bson.Document to class org.springframework.data.mongodb.core.geo.GeoJsonPolygon as reading converter
[DEBUG] Adding converter from class org.bson.Document to class org.springframework.data.mongodb.core.geo.GeoJsonLineString as reading converter
[DEBUG] Adding converter from class org.bson.Document to class org.springframework.data.mongodb.core.geo.GeoJsonMultiLineString as reading converter
[DEBUG] Adding converter from class org.bson.Document to class org.springframework.data.mongodb.core.geo.GeoJsonMultiPoint as reading converter
[DEBUG] Adding converter from class org.bson.Document to class org.springframework.data.mongodb.core.geo.GeoJsonMultiPolygon as reading converter
[DEBUG] Adding converter from class org.bson.Document to class org.springframework.data.mongodb.core.geo.GeoJsonGeometryCollection as reading converter
[DEBUG] Adding converter from class org.bson.Document to interface org.springframework.data.mongodb.core.geo.GeoJson as reading converter
[DEBUG] Adding converter from class java.util.Date to class java.time.LocalDateTime as reading converter
[DEBUG] Adding converter from class java.time.LocalDateTime to class java.util.Date as writing converter
[DEBUG] Adding converter from class java.util.Date to class java.time.LocalDate as reading converter
[DEBUG] Adding converter from class java.time.LocalDate to class java.util.Date as writing converter
[DEBUG] Adding converter from class java.util.Date to class java.time.LocalTime as reading converter
[DEBUG] Adding converter from class java.time.LocalTime to class java.util.Date as writing converter
[DEBUG] Adding converter from class java.util.Date to class java.time.Instant as reading converter
[DEBUG] Adding converter from class java.time.Instant to class java.util.Date as writing converter
[DEBUG] Skipping converter from class java.time.LocalDateTime to class java.time.Instant as reading converter class java.time.LocalDateTime is not a store supported simple type
[DEBUG] Skipping converter from class java.time.Instant to class java.time.LocalDateTime as reading converter class java.time.Instant is not a store supported simple type
[DEBUG] Adding converter from class java.time.ZoneId to class java.lang.String as writing converter
[DEBUG] Adding converter from class java.lang.String to class java.time.ZoneId as reading converter
[DEBUG] Adding converter from class java.time.Duration to class java.lang.String as writing converter
[DEBUG] Adding converter from class java.lang.String to class java.time.Duration as reading converter
[DEBUG] Adding converter from class java.time.Period to class java.lang.String as writing converter
[DEBUG] Adding converter from class java.lang.String to class java.time.Period as reading converter
[DEBUG] Adding converter from class java.lang.String to class java.time.LocalDate as reading converter
[DEBUG] Adding converter from class java.lang.String to class java.time.LocalDateTime as reading converter
[DEBUG] Adding converter from class java.lang.String to class java.time.Instant as reading converter
[DEBUG] Creating shared instance of singleton bean 'mongoManagedTypes'
[DEBUG] Autowiring by type from bean name 'mongoManagedTypes' via factory method to bean named 'org.springframework.web.context.support.GenericWebApplicationContext@64864875'
[DEBUG] Identified candidate component class: file [C:\Users\giris\Downloads\03AprilECE651\backend\re360\target\classes\com\example\RapidEYE360\models\Clerk.class]
[DEBUG] Identified candidate component class: file [C:\Users\giris\Downloads\03AprilECE651\backend\re360\target\classes\com\example\RapidEYE360\models\ClerkDiscount.class]
[DEBUG] Identified candidate component class: file [C:\Users\giris\Downloads\03AprilECE651\backend\re360\target\classes\com\example\RapidEYE360\models\ClerkExpiry.class]
[DEBUG] Identified candidate component class: file [C:\Users\giris\Downloads\03AprilECE651\backend\re360\target\classes\com\example\RapidEYE360\models\Discount.class]
[DEBUG] Identified candidate component class: file [C:\Users\giris\Downloads\03AprilECE651\backend\re360\target\classes\com\example\RapidEYE360\models\Expiry.class]
[DEBUG] Identified candidate component class: file [C:\Users\giris\Downloads\03AprilECE651\backend\re360\target\classes\com\example\RapidEYE360\models\ProductDescription.class]
[DEBUG] Identified candidate component class: file [C:\Users\giris\Downloads\03AprilECE651\backend\re360\target\classes\com\example\RapidEYE360\models\Supplier.class]
[DEBUG] Autowiring by type from bean name 'mongoMappingContext' via factory method to bean named 'spring.data.mongodb-org.springframework.boot.autoconfigure.mongo.MongoProperties'
[DEBUG] Autowiring by type from bean name 'mongoMappingContext' via factory method to bean named 'mongoCustomConversions'
[DEBUG] Autowiring by type from bean name 'mongoMappingContext' via factory method to bean named 'mongoManagedTypes'
[DEBUG] Creating shared instance of singleton bean 'delegatingApplicationListener'
[DEBUG] Autowiring by type from bean name 'mappingMongoConverter' via factory method to bean named 'mongoDatabaseFactory'
[DEBUG] Autowiring by type from bean name 'mappingMongoConverter' via factory method to bean named 'mongoMappingContext'
[DEBUG] Autowiring by type from bean name 'mappingMongoConverter' via factory method to bean named 'mongoCustomConversions'
[DEBUG] Adding converter from class java.lang.Character to class java.lang.String as writing converter
[DEBUG] Adding converter from class java.util.Locale to class java.lang.String as writing converter
[DEBUG] Adding converter from class java.math.BigDecimal to class java.lang.String as writing converter
[DEBUG] Adding converter from class java.math.BigDecimal to class org.bson.types.Decimal128 as writing converter
[DEBUG] Adding converter from class java.lang.String to class java.math.BigDecimal as reading converter
[DEBUG] Adding converter from class org.bson.types.Decimal128 to class java.math.BigDecimal as reading converter
[DEBUG] Adding converter from class java.math.BigInteger to class java.lang.String as writing converter
[DEBUG] Adding converter from class java.lang.String to class java.math.BigInteger as reading converter
[DEBUG] Adding converter from class java.net.URL to class java.lang.String as writing converter
[DEBUG] Adding converter from class java.lang.String to class java.net.URL as reading converter
[DEBUG] Adding converter from class org.bson.Document to class java.lang.String as reading converter
[DEBUG] Adding converter from class org.springframework.data.mongodb.core.query.Term to class java.lang.String as writing converter
[DEBUG] Adding converter from class org.springframework.data.mongodb.core.script.NamedMongoScript to class org.bson.Document as writing converter
[DEBUG] Adding converter from class org.bson.Document to class org.springframework.data.mongodb.core.script.NamedMongoScript as reading converter
[DEBUG] Adding converter from class java.util.Currency to class java.lang.String as writing converter
[DEBUG] Adding converter from class java.lang.String to class java.util.Currency as reading converter
[DEBUG] Adding converter from class java.util.concurrent.atomic.AtomicInteger to class java.lang.Integer as writing converter
[DEBUG] Adding converter from class java.util.concurrent.atomic.AtomicLong to class java.lang.Long as writing converter
[DEBUG] Adding converter from class java.lang.Long to class java.util.concurrent.atomic.AtomicLong as reading converter
[DEBUG] Adding converter from class java.lang.Integer to class java.util.concurrent.atomic.AtomicInteger as reading converter
[DEBUG] Adding converter from class org.bson.types.Binary to class [B as reading converter
[DEBUG] Adding converter from class org.bson.BsonTimestamp to class java.time.Instant as reading converter
[DEBUG] Adding converter from class org.bson.BsonUndefined to class java.lang.Object as reading converter
[DEBUG] Adding converter from class java.lang.String to class java.net.URI as reading converter
[DEBUG] Adding converter from class java.net.URI to class java.lang.String as writing converter
[DEBUG] Adding converter from class org.springframework.data.geo.Box to class org.bson.Document as writing converter
[DEBUG] Adding converter from class org.springframework.data.geo.Polygon to class org.bson.Document as writing converter
[DEBUG] Adding converter from class org.springframework.data.geo.Circle to class org.bson.Document as writing converter
[DEBUG] Adding converter from class org.springframework.data.mongodb.core.geo.Sphere to class org.bson.Document as writing converter
[DEBUG] Adding converter from class org.bson.Document to class org.springframework.data.geo.Box as reading converter
[DEBUG] Adding converter from class org.bson.Document to class org.springframework.data.geo.Polygon as reading converter
[DEBUG] Adding converter from class org.bson.Document to class org.springframework.data.geo.Circle as reading converter
[DEBUG] Adding converter from class org.bson.Document to class org.springframework.data.mongodb.core.geo.Sphere as reading converter
[DEBUG] Adding converter from class org.bson.Document to class org.springframework.data.geo.Point as reading converter
[DEBUG] Adding converter from class org.springframework.data.geo.Point to class org.bson.Document as writing converter
[DEBUG] Adding converter from class org.springframework.data.mongodb.core.query.GeoCommand to class org.bson.Document as writing converter
[DEBUG] Adding converter from interface org.springframework.data.mongodb.core.geo.GeoJson to class org.bson.Document as writing converter
[DEBUG] Adding converter from class org.springframework.data.mongodb.core.geo.GeoJsonPoint to class org.bson.Document as writing converter
[DEBUG] Adding converter from class org.springframework.data.mongodb.core.geo.GeoJsonPolygon to class org.bson.Document as writing converter
[DEBUG] Adding converter from class org.bson.Document to class org.springframework.data.mongodb.core.geo.GeoJsonPoint as reading converter
[DEBUG] Adding converter from class org.bson.Document to class org.springframework.data.mongodb.core.geo.GeoJsonPolygon as reading converter
[DEBUG] Adding converter from class org.bson.Document to class org.springframework.data.mongodb.core.geo.GeoJsonLineString as reading converter
[DEBUG] Adding converter from class org.bson.Document to class org.springframework.data.mongodb.core.geo.GeoJsonMultiLineString as reading converter
[DEBUG] Adding converter from class org.bson.Document to class org.springframework.data.mongodb.core.geo.GeoJsonMultiPoint as reading converter
[DEBUG] Adding converter from class org.bson.Document to class org.springframework.data.mongodb.core.geo.GeoJsonMultiPolygon as reading converter
[DEBUG] Adding converter from class org.bson.Document to class org.springframework.data.mongodb.core.geo.GeoJsonGeometryCollection as reading converter
[DEBUG] Adding converter from class org.bson.Document to interface org.springframework.data.mongodb.core.geo.GeoJson as reading converter
[DEBUG] Adding converter from class java.util.Date to class java.time.LocalDateTime as reading converter
[DEBUG] Adding converter from class java.time.LocalDateTime to class java.util.Date as writing converter
[DEBUG] Adding converter from class java.util.Date to class java.time.LocalDate as reading converter
[DEBUG] Adding converter from class java.time.LocalDate to class java.util.Date as writing converter
[DEBUG] Adding converter from class java.util.Date to class java.time.LocalTime as reading converter
[DEBUG] Adding converter from class java.time.LocalTime to class java.util.Date as writing converter
[DEBUG] Adding converter from class java.util.Date to class java.time.Instant as reading converter
[DEBUG] Adding converter from class java.time.Instant to class java.util.Date as writing converter
[DEBUG] Skipping converter from class java.time.LocalDateTime to class java.time.Instant as reading converter class java.time.LocalDateTime is not a store supported simple type
[DEBUG] Skipping converter from class java.time.Instant to class java.time.LocalDateTime as reading converter class java.time.Instant is not a store supported simple type
[DEBUG] Adding converter from class java.time.ZoneId to class java.lang.String as writing converter
[DEBUG] Adding converter from class java.lang.String to class java.time.ZoneId as reading converter
[DEBUG] Adding converter from class java.time.Duration to class java.lang.String as writing converter
[DEBUG] Adding converter from class java.lang.String to class java.time.Duration as reading converter
[DEBUG] Adding converter from class java.time.Period to class java.lang.String as writing converter
[DEBUG] Adding converter from class java.lang.String to class java.time.Period as reading converter
[DEBUG] Adding converter from class java.lang.String to class java.time.LocalDate as reading converter
[DEBUG] Adding converter from class java.lang.String to class java.time.LocalDateTime as reading converter
[DEBUG] Adding converter from class java.lang.String to class java.time.Instant as reading converter
[DEBUG] Autowiring by type from bean name 'mongoTemplate' via factory method to bean named 'mongoDatabaseFactory'
[DEBUG] Autowiring by type from bean name 'mongoTemplate' via factory method to bean named 'mappingMongoConverter'
[DEBUG] Initializing repository instance for com.example.RapidEYE360.repositories.ClerkRepository…
[DEBUG] Finished creation of repository instance for com.example.RapidEYE360.repositories.ClerkRepository.
[DEBUG] Autowiring by type from bean name 'clerkDetailsServiceImp' via constructor to bean named 'clerkRepository'
[DEBUG] Creating shared instance of singleton bean 'jwtAuthenticationFilter'
[DEBUG] Creating shared instance of singleton bean 'jwtService'
[DEBUG] Autowiring by type from bean name 'jwtAuthenticationFilter' via constructor to bean named 'jwtService'
[DEBUG] Autowiring by type from bean name 'jwtAuthenticationFilter' via constructor to bean named 'clerkDetailsServiceImp'
[DEBUG] Autowiring by type from bean name 'securityConfig' via constructor to bean named 'clerkDetailsServiceImp'
[DEBUG] Autowiring by type from bean name 'securityConfig' via constructor to bean named 'jwtAuthenticationFilter'
[DEBUG] Autowiring by type from bean name 'securityConfig' via constructor to bean named 'customAccessDeniedHandler'
[DEBUG] Creating shared instance of singleton bean 'authenticationController'
[DEBUG] Creating shared instance of singleton bean 'authenticationService'
[DEBUG] Creating shared instance of singleton bean 'passwordEncoder'
[INFO] Adding discovered server ac-zihlkns-shard-00-02.hwak4ul.mongodb.net:27017 to client view of cluster
[DEBUG] Creating shared instance of singleton bean 'authenticationManager'
[DEBUG] Creating shared instance of singleton bean 'org.springframework.security.config.annotation.authentication.configuration.AuthenticationConfiguration'
[DEBUG] Connection pool created for ac-zihlkns-shard-00-02.hwak4ul.mongodb.net:27017 using options maxIdleTimeMS=0, minPoolSize=0, maxPoolSize=100, maxConnecting=2, waitQueueTimeoutMS=120000
[INFO] Adding discovered server ac-zihlkns-shard-00-01.hwak4ul.mongodb.net:27017 to client view of cluster
[DEBUG] Connection pool created for ac-zihlkns-shard-00-01.hwak4ul.mongodb.net:27017 using options maxIdleTimeMS=0, minPoolSize=0, maxPoolSize=100, maxConnecting=2, waitQueueTimeoutMS=120000
[DEBUG] Creating shared instance of singleton bean 'enableGlobalAuthenticationAutowiredConfigurer'
[DEBUG] Autowiring by type from bean name 'enableGlobalAuthenticationAutowiredConfigurer' via factory method to bean named 'org.springframework.web.context.support.GenericWebApplicationContext@64864875'
[INFO] Adding discovered server ac-zihlkns-shard-00-00.hwak4ul.mongodb.net:27017 to client view of cluster
[DEBUG] Connection pool created for ac-zihlkns-shard-00-00.hwak4ul.mongodb.net:27017 using options maxIdleTimeMS=0, minPoolSize=0, maxPoolSize=100, maxConnecting=2, waitQueueTimeoutMS=120000
[DEBUG] Creating shared instance of singleton bean 'initializeUserDetailsBeanManagerConfigurer'
[DEBUG] Autowiring by type from bean name 'initializeUserDetailsBeanManagerConfigurer' via factory method to bean named 'org.springframework.web.context.support.GenericWebApplicationContext@64864875'
[DEBUG] Creating shared instance of singleton bean 'initializeAuthenticationProviderBeanManagerConfigurer'
[DEBUG] Autowiring by type from bean name 'initializeAuthenticationProviderBeanManagerConfigurer' via factory method to bean named 'org.springframework.web.context.support.GenericWebApplicationContext@64864875'
[DEBUG] Updating cluster description to  {type=REPLICA_SET, servers=[{address=ac-zihlkns-shard-00-00.hwak4ul.mongodb.net:27017, type=UNKNOWN, state=CONNECTING}, {address=ac-zihlkns-shard-00-02.hwak4ul.mongodb.net:27017, type=UNKNOWN, state=CONNECTING}, {address=ac-zihlkns-shard-00-01.hwak4ul.mongodb.net:27017, type=UNKNOWN, state=CONNECTING}]
[DEBUG] Creating shared instance of singleton bean 'objectPostProcessor'
[DEBUG] Creating shared instance of singleton bean 'org.springframework.security.config.annotation.configuration.ObjectPostProcessorConfiguration'
[DEBUG] Autowiring by type from bean name 'objectPostProcessor' via factory method to bean named 'org.springframework.beans.factory.support.DefaultListableBeanFactory@361d169a'
[DEBUG] Autowiring by type from bean name 'authenticationManager' via factory method to bean named 'org.springframework.security.config.annotation.authentication.configuration.AuthenticationConfiguration'
[DEBUG] Creating shared instance of singleton bean 'authenticationManagerBuilder'
[DEBUG] Autowiring by type from bean name 'authenticationManagerBuilder' via factory method to bean named 'objectPostProcessor'
[DEBUG] Autowiring by type from bean name 'authenticationManagerBuilder' via factory method to bean named 'org.springframework.web.context.support.GenericWebApplicationContext@64864875'
[DEBUG] Creating shared instance of singleton bean 'authenticationEventPublisher'
[DEBUG] Creating shared instance of singleton bean 'org.springframework.boot.autoconfigure.security.servlet.SecurityAutoConfiguration'
[DEBUG] Autowiring by type from bean name 'authenticationEventPublisher' via factory method to bean named 'org.springframework.web.context.support.GenericWebApplicationContext@64864875'
[DEBUG] Autowiring by type from bean name 'authenticationService' via constructor to bean named 'clerkRepository'
[DEBUG] Autowiring by type from bean name 'authenticationService' via constructor to bean named 'passwordEncoder'
[DEBUG] Autowiring by type from bean name 'authenticationService' via constructor to bean named 'jwtService'
[DEBUG] Autowiring by type from bean name 'authenticationService' via constructor to bean named 'authenticationManager'
[DEBUG] Autowiring by type from bean name 'authenticationController' via constructor to bean named 'authenticationService'
[DEBUG] Creating shared instance of singleton bean 'clerkDiscountController'
[DEBUG] Creating shared instance of singleton bean 'clerkDiscountRepository'
[DEBUG] Creating shared instance of singleton bean 'mongo.named-queries#6'
[DEBUG] Creating shared instance of singleton bean 'mongodb.ClerkDiscountRepository.fragments#0'
[DEBUG] Initializing repository instance for com.example.RapidEYE360.repositories.ClerkDiscountRepository…
[DEBUG] Finished creation of repository instance for com.example.RapidEYE360.repositories.ClerkDiscountRepository.
[DEBUG] Creating shared instance of singleton bean 'clerkDiscountService'
[DEBUG] Creating shared instance of singleton bean 'clerkExpiryController'
[DEBUG] Creating shared instance of singleton bean 'clerkExpiryRepository'
[DEBUG] Creating shared instance of singleton bean 'mongo.named-queries#3'
[DEBUG] Creating shared instance of singleton bean 'mongodb.ClerkExpiryRepository.fragments#0'
[DEBUG] Initializing repository instance for com.example.RapidEYE360.repositories.ClerkExpiryRepository…
[DEBUG] Finished creation of repository instance for com.example.RapidEYE360.repositories.ClerkExpiryRepository.
[DEBUG] Creating shared instance of singleton bean 'clerkExpiryService'
[DEBUG] Creating shared instance of singleton bean 'discountController'
[DEBUG] Creating shared instance of singleton bean 'discountService'
[DEBUG] Creating shared instance of singleton bean 'discountRepository'
[DEBUG] Creating shared instance of singleton bean 'mongo.named-queries#4'
[DEBUG] Creating shared instance of singleton bean 'mongodb.DiscountRepository.fragments#0'
[DEBUG] Initializing repository instance for com.example.RapidEYE360.repositories.DiscountRepository…
[DEBUG] Finished creation of repository instance for com.example.RapidEYE360.repositories.DiscountRepository.
[DEBUG] Creating shared instance of singleton bean 'emailController'
[DEBUG] Creating shared instance of singleton bean 'expiryController'
[DEBUG] Creating shared instance of singleton bean 'expiryService'
[DEBUG] Creating shared instance of singleton bean 'expiryRepository'
[DEBUG] Creating shared instance of singleton bean 'mongo.named-queries#5'
[DEBUG] Creating shared instance of singleton bean 'mongodb.ExpiryRepository.fragments#0'
[DEBUG] Initializing repository instance for com.example.RapidEYE360.repositories.ExpiryRepository…
[DEBUG] Finished creation of repository instance for com.example.RapidEYE360.repositories.ExpiryRepository.
[DEBUG] Creating shared instance of singleton bean 'productController'
[DEBUG] Creating shared instance of singleton bean 'productService'
[DEBUG] Creating shared instance of singleton bean 'productRepository'
[DEBUG] Creating shared instance of singleton bean 'mongo.named-queries#2'
[DEBUG] Creating shared instance of singleton bean 'mongodb.ProductRepository.fragments#0'
[DEBUG] Initializing repository instance for com.example.RapidEYE360.repositories.ProductRepository…
[DEBUG] Finished creation of repository instance for com.example.RapidEYE360.repositories.ProductRepository.
[DEBUG] Creating shared instance of singleton bean 'supplierController'
[DEBUG] Creating shared instance of singleton bean 'supplierService'
[DEBUG] Creating shared instance of singleton bean 'supplierRepository'
[DEBUG] Creating shared instance of singleton bean 'mongo.named-queries#0'
[DEBUG] Creating shared instance of singleton bean 'mongodb.SupplierRepository.fragments#0'
[DEBUG] Initializing repository instance for com.example.RapidEYE360.repositories.SupplierRepository…
[DEBUG] Finished creation of repository instance for com.example.RapidEYE360.repositories.SupplierRepository.
[DEBUG] Creating shared instance of singleton bean 'dateSync'
[DEBUG] Autowiring by type from bean name 'dateSync' via constructor to bean named 'mongoTemplate'
[DEBUG] Creating shared instance of singleton bean 'org.springframework.security.config.annotation.web.configuration.WebSecurityConfiguration'
[DEBUG] Creating shared instance of singleton bean 'org.springframework.security.config.annotation.web.configuration.HttpSecurityConfiguration'
[DEBUG] Creating shared instance of singleton bean 'mvcContentNegotiationManager'
[DEBUG] Creating shared instance of singleton bean 'org.springframework.boot.autoconfigure.web.servlet.WebMvcAutoConfiguration$EnableWebMvcConfiguration'
[DEBUG] Creating shared instance of singleton bean 'spring.mvc-org.springframework.boot.autoconfigure.web.servlet.WebMvcProperties'
[DEBUG] Creating shared instance of singleton bean 'spring.web-org.springframework.boot.autoconfigure.web.WebProperties'
[DEBUG] Autowiring by type from bean name 'org.springframework.boot.autoconfigure.web.servlet.WebMvcAutoConfiguration$EnableWebMvcConfiguration' via constructor to bean named 'spring.mvc-org.springframework.boot.autoconfigure.web.servlet.WebMvcProperties'
[DEBUG] Autowiring by type from bean name 'org.springframework.boot.autoconfigure.web.servlet.WebMvcAutoConfiguration$EnableWebMvcConfiguration' via constructor to bean named 'spring.web-org.springframework.boot.autoconfigure.web.WebProperties'
[DEBUG] Autowiring by type from bean name 'org.springframework.boot.autoconfigure.web.servlet.WebMvcAutoConfiguration$EnableWebMvcConfiguration' via constructor to bean named 'org.springframework.beans.factory.support.DefaultListableBeanFactory@361d169a'
[DEBUG] Creating shared instance of singleton bean 'org.springframework.security.config.annotation.web.configuration.WebMvcSecurityConfiguration'
[DEBUG] Creating shared instance of singleton bean 'org.springframework.boot.autoconfigure.web.servlet.WebMvcAutoConfiguration$WebMvcAutoConfigurationAdapter'
[DEBUG] Autowiring by type from bean name 'org.springframework.boot.autoconfigure.web.servlet.WebMvcAutoConfiguration$WebMvcAutoConfigurationAdapter' via constructor to bean named 'spring.web-org.springframework.boot.autoconfigure.web.WebProperties'
[DEBUG] Autowiring by type from bean name 'org.springframework.boot.autoconfigure.web.servlet.WebMvcAutoConfiguration$WebMvcAutoConfigurationAdapter' via constructor to bean named 'spring.mvc-org.springframework.boot.autoconfigure.web.servlet.WebMvcProperties'
[DEBUG] Autowiring by type from bean name 'org.springframework.boot.autoconfigure.web.servlet.WebMvcAutoConfiguration$WebMvcAutoConfigurationAdapter' via constructor to bean named 'org.springframework.beans.factory.support.DefaultListableBeanFactory@361d169a'
[DEBUG] Creating shared instance of singleton bean 'org.springframework.data.web.config.SpringDataWebConfiguration'
[DEBUG] Autowiring by type from bean name 'org.springframework.data.web.config.SpringDataWebConfiguration' via constructor to bean named 'org.springframework.web.context.support.GenericWebApplicationContext@64864875'
[DEBUG] Creating shared instance of singleton bean 'mvcHandlerMappingIntrospectorRequestTransformer'
[DEBUG] Creating shared instance of singleton bean 'mvcHandlerMappingIntrospector'
[DEBUG] Creating shared instance of singleton bean 'welcomePageHandlerMapping'
[DEBUG] Creating shared instance of singleton bean 'mvcConversionService'
[DEBUG] Creating shared instance of singleton bean 'mvcResourceUrlProvider'
[DEBUG] Autowiring by type from bean name 'welcomePageHandlerMapping' via factory method to bean named 'org.springframework.web.context.support.GenericWebApplicationContext@64864875'
[DEBUG] Autowiring by type from bean name 'welcomePageHandlerMapping' via factory method to bean named 'mvcConversionService'
[DEBUG] Autowiring by type from bean name 'welcomePageHandlerMapping' via factory method to bean named 'mvcResourceUrlProvider'
[DEBUG] Creating shared instance of singleton bean 'welcomePageNotAcceptableHandlerMapping'
[DEBUG] Autowiring by type from bean name 'welcomePageNotAcceptableHandlerMapping' via factory method to bean named 'org.springframework.web.context.support.GenericWebApplicationContext@64864875'
[DEBUG] Autowiring by type from bean name 'welcomePageNotAcceptableHandlerMapping' via factory method to bean named 'mvcConversionService'
[DEBUG] Autowiring by type from bean name 'welcomePageNotAcceptableHandlerMapping' via factory method to bean named 'mvcResourceUrlProvider'
[DEBUG] Creating shared instance of singleton bean 'requestMappingHandlerMapping'
[DEBUG] Autowiring by type from bean name 'requestMappingHandlerMapping' via factory method to bean named 'mvcContentNegotiationManager'
[DEBUG] Autowiring by type from bean name 'requestMappingHandlerMapping' via factory method to bean named 'mvcConversionService'
[DEBUG] Autowiring by type from bean name 'requestMappingHandlerMapping' via factory method to bean named 'mvcResourceUrlProvider'
[DEBUG] 
	c.e.R.c.AuthenticationController:
	{POST [/register]}: register(Clerk)
	{POST [/login]}: login(Clerk)
[DEBUG] 
	c.e.R.c.ClerkDiscountController:
	{POST [/clerkDiscount/saveDiscount]}: addingClerkDIscountSingle(ClerkDiscount)
	{POST [/clerkDiscount/saveDiscounts]}: addingClerkDIscount(List)
	{GET [/clerkDiscount/listAll]}: findingAllDiscountProductsClerk()
[DEBUG] 
	c.e.R.c.ClerkExpiryController:
	{POST [/clerkExpiry/saveExpiry]}: addingClerkExpirySingle(ClerkExpiry)
	{POST [/clerkExpiry/saveExpiries]}: addingClerkExpiry(List)
	{GET [/clerkExpiry/listAll]}: findingAllExpiredProductsClerk()
[DEBUG] 
	c.e.R.c.DiscountController:
	{GET [/discount/listAll]}: findingAllDiscounts()
	{POST [/discount/create]}: addingDiscount(Discount)
	{GET [/discount/UPCID/{UPCID}]}: findingDiscountWithUPCID(Long)
	{PUT [/discount/{UPCID}]}: updateDiscountPrice(Long,Discount)
	{PUT [/discount/statusUpdate/updateDiscount]}: updateDiscountStatus(Discount)
	{DELETE [/discount/remove/{id}]}: deleteDiscountByIDAndAisleNumber(Long)
[DEBUG] 
	c.e.R.c.EmailController:
	{POST [/send-emails]}: sendEmails(String)
[DEBUG] 
	c.e.R.c.ExpiryController:
	{POST [/expiry/create]}: addingExpiry(Expiry)
	{GET [/expiry/listAll]}: findingAllExpiredProducts()
	{GET [/expiry/expirydate]}: findingExpiryWithDate(Date)
	{GET [/expiry/UPCID/{UPCID}]}: findingExpirywithUPCID(Long)
	{PUT [/expiry/{UPCID}]}: updateDiscountPrice(Long,Expiry)
	{DELETE [/expiry/remove/{id}]}: deleteExpiryByIDAndAisleNumber(long)
	{PUT [/expiry/statusUpdate/updateExpiry]}: updateExpiryStatus(Expiry)
[DEBUG] 
	c.e.R.c.ProductController:
	{PUT [/products/{UPCID}]}: updateProductPrice(Long,ProductDescription)
	{GET [/products/UPCID/{upcID}]}: getProductByUPCID(Long)
	{GET [/products/Brand/{brand}]}: getProductByBrand(String)
	{GET [/products/Category/{category}]}: getProductByCategory(String)
	{GET [/products/procurementDate]}: findingProductWithProcurementDate(Date)
	{DELETE [/products/remove/{id}/{rackNo}]}: deleteProductByIDAndAisleNumber(long,String)
	{GET [/products/expiryDate]}: findingProductWithExpiryDate(Date)
	{POST [/products/create]}: createProduct(ProductDescription)
	{GET [/products/all]}: getProducts()
	{GET [/products/productsOnDiscount]}: getProductsWithDifferenceExactly30Days()
	{GET [/products/productsAboutToExpire]}: getProductsWithDifferenceExactly7Days()
[DEBUG] 
	c.e.R.c.SupplierController:
	{GET [/supplier/brandName/{brandName}]}: gettingSuppliersWithBrandName(String)
	{POST [/supplier/create]}: addingBrand(Supplier)
	{GET [/supplier/listAll]}: findingAllBrands()
	{PUT [/supplier/{brandName}]}: updateBrandNames(String,Supplier)
	{DELETE [/supplier/remove/{brandName}]}: deleteBrandNameByIDAndAisleNumber(String)
[DEBUG] 
	o.s.b.a.w.s.e.BasicErrorController:
	{ [/error]}: error(HttpServletRequest)
	{ [/error], produces [text/html]}: errorHtml(HttpServletRequest,HttpServletResponse)
[DEBUG] 40 mappings in 'requestMappingHandlerMapping'
[DEBUG] Creating shared instance of singleton bean 'viewControllerHandlerMapping'
[DEBUG] Autowiring by type from bean name 'viewControllerHandlerMapping' via factory method to bean named 'mvcConversionService'
[DEBUG] Autowiring by type from bean name 'viewControllerHandlerMapping' via factory method to bean named 'mvcResourceUrlProvider'
[DEBUG] Creating shared instance of singleton bean 'beanNameHandlerMapping'
[DEBUG] Autowiring by type from bean name 'beanNameHandlerMapping' via factory method to bean named 'mvcConversionService'
[DEBUG] Autowiring by type from bean name 'beanNameHandlerMapping' via factory method to bean named 'mvcResourceUrlProvider'
[DEBUG] 'beanNameHandlerMapping' {}
[DEBUG] Creating shared instance of singleton bean 'routerFunctionMapping'
[DEBUG] Autowiring by type from bean name 'routerFunctionMapping' via factory method to bean named 'mvcConversionService'
[DEBUG] Autowiring by type from bean name 'routerFunctionMapping' via factory method to bean named 'mvcResourceUrlProvider'
[DEBUG] Creating shared instance of singleton bean 'messageConverters'
[DEBUG] Creating shared instance of singleton bean 'org.springframework.boot.autoconfigure.http.HttpMessageConvertersAutoConfiguration'
[DEBUG] Creating shared instance of singleton bean 'stringHttpMessageConverter'
[DEBUG] Creating shared instance of singleton bean 'org.springframework.boot.autoconfigure.http.HttpMessageConvertersAutoConfiguration$StringHttpMessageConverterConfiguration'
[DEBUG] Autowiring by type from bean name 'stringHttpMessageConverter' via factory method to bean named 'environment'
[DEBUG] Creating shared instance of singleton bean 'mappingJackson2HttpMessageConverter'
[DEBUG] Creating shared instance of singleton bean 'org.springframework.boot.autoconfigure.http.JacksonHttpMessageConvertersConfiguration$MappingJackson2HttpMessageConverterConfiguration'
[DEBUG] Creating shared instance of singleton bean 'jacksonObjectMapper'
[DEBUG] Creating shared instance of singleton bean 'org.springframework.boot.autoconfigure.jackson.JacksonAutoConfiguration$JacksonObjectMapperConfiguration'
[DEBUG] Creating shared instance of singleton bean 'org.springframework.boot.autoconfigure.jackson.JacksonAutoConfiguration$JacksonObjectMapperBuilderConfiguration'
[DEBUG] Creating shared instance of singleton bean 'standardJacksonObjectMapperBuilderCustomizer'
[DEBUG] Creating shared instance of singleton bean 'org.springframework.boot.autoconfigure.jackson.JacksonAutoConfiguration$Jackson2ObjectMapperBuilderCustomizerConfiguration'
[DEBUG] Creating shared instance of singleton bean 'spring.jackson-org.springframework.boot.autoconfigure.jackson.JacksonProperties'
[DEBUG] Autowiring by type from bean name 'standardJacksonObjectMapperBuilderCustomizer' via factory method to bean named 'spring.jackson-org.springframework.boot.autoconfigure.jackson.JacksonProperties'
[DEBUG] Creating shared instance of singleton bean 'parameterNamesModule'
[DEBUG] Creating shared instance of singleton bean 'org.springframework.boot.autoconfigure.jackson.JacksonAutoConfiguration$ParameterNamesModuleConfiguration'
[DEBUG] Creating shared instance of singleton bean 'jsonMixinModule'
[DEBUG] Creating shared instance of singleton bean 'org.springframework.boot.autoconfigure.jackson.JacksonAutoConfiguration$JacksonMixinConfiguration'
[DEBUG] Creating shared instance of singleton bean 'jsonMixinModuleEntries'
[DEBUG] Autowiring by type from bean name 'jsonMixinModuleEntries' via factory method to bean named 'org.springframework.web.context.support.GenericWebApplicationContext@64864875'
[DEBUG] Autowiring by type from bean name 'jsonMixinModule' via factory method to bean named 'org.springframework.web.context.support.GenericWebApplicationContext@64864875'
[DEBUG] Autowiring by type from bean name 'jsonMixinModule' via factory method to bean named 'jsonMixinModuleEntries'
[DEBUG] Creating shared instance of singleton bean 'jsonComponentModule'
[DEBUG] Creating shared instance of singleton bean 'org.springframework.boot.autoconfigure.jackson.JacksonAutoConfiguration'
[DEBUG] Creating shared instance of singleton bean 'geoJsonModule'
[DEBUG] Creating shared instance of singleton bean 'org.springframework.data.mongodb.config.GeoJsonConfiguration'
[DEBUG] Creating shared instance of singleton bean 'jacksonGeoModule'
[DEBUG] Creating shared instance of singleton bean 'org.springframework.data.web.config.SpringDataJacksonConfiguration'
[DEBUG] Autowiring by type from bean name 'jacksonObjectMapperBuilder' via factory method to bean named 'org.springframework.web.context.support.GenericWebApplicationContext@64864875'
[DEBUG] Autowiring by type from bean name 'jacksonObjectMapperBuilder' via factory method to bean named 'standardJacksonObjectMapperBuilderCustomizer'
[DEBUG] Autowiring by type from bean name 'jacksonObjectMapper' via factory method to bean named 'jacksonObjectMapperBuilder'
[DEBUG] Autowiring by type from bean name 'mappingJackson2HttpMessageConverter' via factory method to bean named 'jacksonObjectMapper'
[DEBUG] Creating shared instance of singleton bean 'resourceHandlerMapping'
[DEBUG] Autowiring by type from bean name 'resourceHandlerMapping' via factory method to bean named 'mvcContentNegotiationManager'
[DEBUG] Autowiring by type from bean name 'resourceHandlerMapping' via factory method to bean named 'mvcConversionService'
[DEBUG] Autowiring by type from bean name 'resourceHandlerMapping' via factory method to bean named 'mvcResourceUrlProvider'
[DEBUG] 'resourceHandlerMapping' {/webjars/**=ResourceHttpRequestHandler [classpath [META-INF/resources/webjars/]], /**=ResourceHttpRequestHandler [classpath [META-INF/resources/], classpath [resources/], classpath [static/], classpath [public/], ServletContext [/]]}
[DEBUG] Creating shared instance of singleton bean 'defaultServletHandlerMapping'
[DEBUG] Creating shared instance of singleton bean 'securityFilterChain'
[DEBUG] Autowiring by type from bean name 'securityFilterChain' via factory method to bean named 'org.springframework.security.config.annotation.web.configuration.HttpSecurityConfiguration.httpSecurity'
[INFO] Will secure any request with [org.springframework.security.web.session.DisableEncodeUrlFilter@21632bf8, org.springframework.security.web.context.request.async.WebAsyncManagerIntegrationFilter@408708a1, org.springframework.security.web.context.SecurityContextHolderFilter@6ad2cb6d, org.springframework.security.web.header.HeaderWriterFilter@7c1adb8a, org.springframework.web.filter.CorsFilter@3f7b15bb, org.springframework.security.web.authentication.logout.LogoutFilter@5dd79a57, com.example.RapidEYE360.filter.JwtAuthenticationFilter@719e8f9f, org.springframework.security.web.savedrequest.RequestCacheAwareFilter@4b6ad2eb, org.springframework.security.web.servletapi.SecurityContextHolderAwareRequestFilter@61868687, org.springframework.security.web.authentication.AnonymousAuthenticationFilter@2dacad1d, org.springframework.security.web.session.SessionManagementFilter@72364a40, org.springframework.security.web.access.ExceptionTranslationFilter@3d339541, org.springframework.security.web.access.intercept.AuthorizationFilter@15d0f2a3]
[DEBUG] Creating shared instance of singleton bean 'springSecurityFilterChain'
[DEBUG] Creating shared instance of singleton bean 'webSecurityExpressionHandler'
[DEBUG] Creating shared instance of singleton bean 'privilegeEvaluator'
[DEBUG] Creating shared instance of singleton bean 'requestDataValueProcessor'
[DEBUG] Creating shared instance of singleton bean 'org.springframework.boot.autoconfigure.context.PropertyPlaceholderAutoConfiguration'
[DEBUG] Creating shared instance of singleton bean 'org.springframework.boot.context.properties.EnableConfigurationPropertiesRegistrar.methodValidationExcludeFilter'
[DEBUG] Creating shared instance of singleton bean 'org.springframework.boot.autoconfigure.websocket.servlet.WebSocketServletAutoConfiguration$TomcatWebSocketConfiguration'
[DEBUG] Creating shared instance of singleton bean 'websocketServletWebServerCustomizer'
[DEBUG] Creating shared instance of singleton bean 'org.springframework.boot.autoconfigure.websocket.servlet.WebSocketServletAutoConfiguration'
[DEBUG] Creating shared instance of singleton bean 'org.springframework.boot.autoconfigure.web.servlet.ServletWebServerFactoryConfiguration$EmbeddedTomcat'
[DEBUG] Creating shared instance of singleton bean 'tomcatServletWebServerFactory'
[DEBUG] Creating shared instance of singleton bean 'servletWebServerFactoryCustomizer'
[DEBUG] Creating shared instance of singleton bean 'org.springframework.boot.autoconfigure.web.servlet.ServletWebServerFactoryAutoConfiguration'
[DEBUG] Creating shared instance of singleton bean 'server-org.springframework.boot.autoconfigure.web.ServerProperties'
[DEBUG] Autowiring by type from bean name 'servletWebServerFactoryCustomizer' via factory method to bean named 'server-org.springframework.boot.autoconfigure.web.ServerProperties'
[DEBUG] Creating shared instance of singleton bean 'tomcatServletWebServerFactoryCustomizer'
[DEBUG] Autowiring by type from bean name 'tomcatServletWebServerFactoryCustomizer' via factory method to bean named 'server-org.springframework.boot.autoconfigure.web.ServerProperties'
[DEBUG] Creating shared instance of singleton bean 'localeCharsetMappingsCustomizer'
[DEBUG] Creating shared instance of singleton bean 'org.springframework.boot.autoconfigure.web.servlet.HttpEncodingAutoConfiguration'
[DEBUG] Autowiring by type from bean name 'org.springframework.boot.autoconfigure.web.servlet.HttpEncodingAutoConfiguration' via constructor to bean named 'server-org.springframework.boot.autoconfigure.web.ServerProperties'
[DEBUG] Creating shared instance of singleton bean 'errorPageCustomizer'
[DEBUG] Creating shared instance of singleton bean 'org.springframework.boot.autoconfigure.web.servlet.error.ErrorMvcAutoConfiguration'
[DEBUG] Autowiring by type from bean name 'org.springframework.boot.autoconfigure.web.servlet.error.ErrorMvcAutoConfiguration' via constructor to bean named 'server-org.springframework.boot.autoconfigure.web.ServerProperties'
[DEBUG] Creating shared instance of singleton bean 'dispatcherServletRegistration'
[DEBUG] Creating shared instance of singleton bean 'org.springframework.boot.autoconfigure.web.servlet.DispatcherServletAutoConfiguration$DispatcherServletRegistrationConfiguration'
[DEBUG] Creating shared instance of singleton bean 'dispatcherServlet'
[DEBUG] Creating shared instance of singleton bean 'org.springframework.boot.autoconfigure.web.servlet.DispatcherServletAutoConfiguration$DispatcherServletConfiguration'
[DEBUG] Autowiring by type from bean name 'dispatcherServlet' via factory method to bean named 'spring.mvc-org.springframework.boot.autoconfigure.web.servlet.WebMvcProperties'
[DEBUG] Autowiring by type from bean name 'dispatcherServletRegistration' via factory method to bean named 'dispatcherServlet'
[DEBUG] Autowiring by type from bean name 'dispatcherServletRegistration' via factory method to bean named 'spring.mvc-org.springframework.boot.autoconfigure.web.servlet.WebMvcProperties'
[DEBUG] Creating shared instance of singleton bean 'multipartConfigElement'
[DEBUG] Creating shared instance of singleton bean 'org.springframework.boot.autoconfigure.web.servlet.MultipartAutoConfiguration'
[DEBUG] Creating shared instance of singleton bean 'spring.servlet.multipart-org.springframework.boot.autoconfigure.web.servlet.MultipartProperties'
[DEBUG] Autowiring by type from bean name 'org.springframework.boot.autoconfigure.web.servlet.MultipartAutoConfiguration' via constructor to bean named 'spring.servlet.multipart-org.springframework.boot.autoconfigure.web.servlet.MultipartProperties'
[DEBUG] Autowiring by type from bean name 'errorPageCustomizer' via factory method to bean named 'dispatcherServletRegistration'
[DEBUG] Creating shared instance of singleton bean 'org.springframework.boot.autoconfigure.web.servlet.DispatcherServletAutoConfiguration'
[DEBUG] Creating shared instance of singleton bean 'org.springframework.boot.autoconfigure.task.TaskExecutorConfigurations$ThreadPoolTaskExecutorBuilderConfiguration'
[DEBUG] Creating shared instance of singleton bean 'threadPoolTaskExecutorBuilder'
[DEBUG] Creating shared instance of singleton bean 'spring.task.execution-org.springframework.boot.autoconfigure.task.TaskExecutionProperties'
[DEBUG] Autowiring by type from bean name 'threadPoolTaskExecutorBuilder' via factory method to bean named 'spring.task.execution-org.springframework.boot.autoconfigure.task.TaskExecutionProperties'
[DEBUG] Creating shared instance of singleton bean 'org.springframework.boot.autoconfigure.task.TaskExecutorConfigurations$TaskExecutorBuilderConfiguration'
[DEBUG] Creating shared instance of singleton bean 'taskExecutorBuilder'
[DEBUG] Autowiring by type from bean name 'taskExecutorBuilder' via factory method to bean named 'spring.task.execution-org.springframework.boot.autoconfigure.task.TaskExecutionProperties'
[DEBUG] Creating shared instance of singleton bean 'org.springframework.boot.autoconfigure.task.TaskExecutorConfigurations$SimpleAsyncTaskExecutorBuilderConfiguration'
[DEBUG] Autowiring by type from bean name 'org.springframework.boot.autoconfigure.task.TaskExecutorConfigurations$SimpleAsyncTaskExecutorBuilderConfiguration' via constructor to bean named 'spring.task.execution-org.springframework.boot.autoconfigure.task.TaskExecutionProperties'
[DEBUG] Creating shared instance of singleton bean 'simpleAsyncTaskExecutorBuilder'
[DEBUG] Creating shared instance of singleton bean 'org.springframework.boot.autoconfigure.task.TaskExecutorConfigurations$TaskExecutorConfiguration'
[DEBUG] Creating shared instance of singleton bean 'org.springframework.boot.autoconfigure.task.TaskExecutionAutoConfiguration'
[DEBUG] Creating shared instance of singleton bean 'org.springframework.boot.autoconfigure.web.servlet.error.ErrorMvcAutoConfiguration$WhitelabelErrorViewConfiguration'
[DEBUG] Creating shared instance of singleton bean 'error'
[DEBUG] Creating shared instance of singleton bean 'beanNameViewResolver'
[DEBUG] Creating shared instance of singleton bean 'org.springframework.boot.autoconfigure.web.servlet.error.ErrorMvcAutoConfiguration$DefaultErrorViewResolverConfiguration'
[DEBUG] Autowiring by type from bean name 'org.springframework.boot.autoconfigure.web.servlet.error.ErrorMvcAutoConfiguration$DefaultErrorViewResolverConfiguration' via constructor to bean named 'org.springframework.web.context.support.GenericWebApplicationContext@64864875'
[DEBUG] Autowiring by type from bean name 'org.springframework.boot.autoconfigure.web.servlet.error.ErrorMvcAutoConfiguration$DefaultErrorViewResolverConfiguration' via constructor to bean named 'spring.web-org.springframework.boot.autoconfigure.web.WebProperties'
[DEBUG] Creating shared instance of singleton bean 'conventionErrorViewResolver'
[DEBUG] Creating shared instance of singleton bean 'errorAttributes'
[DEBUG] Creating shared instance of singleton bean 'basicErrorController'
[DEBUG] Autowiring by type from bean name 'basicErrorController' via factory method to bean named 'errorAttributes'
[DEBUG] Creating shared instance of singleton bean 'localeResolver'
[DEBUG] Creating shared instance of singleton bean 'themeResolver'
[DEBUG] Creating shared instance of singleton bean 'flashMapManager'
[DEBUG] Creating shared instance of singleton bean 'mvcValidator'
[DEBUG] Creating shared instance of singleton bean 'mvcPatternParser'
[DEBUG] Creating shared instance of singleton bean 'mvcUrlPathHelper'
[DEBUG] Creating shared instance of singleton bean 'mvcPathMatcher'
[DEBUG] Creating shared instance of singleton bean 'requestMappingHandlerAdapter'
[DEBUG] Autowiring by type from bean name 'requestMappingHandlerAdapter' via factory method to bean named 'mvcContentNegotiationManager'
[DEBUG] Autowiring by type from bean name 'requestMappingHandlerAdapter' via factory method to bean named 'mvcConversionService'
[DEBUG] Autowiring by type from bean name 'requestMappingHandlerAdapter' via factory method to bean named 'mvcValidator'
[DEBUG] Creating shared instance of singleton bean 'sortResolver'
[DEBUG] Creating shared instance of singleton bean 'sortCustomizer'
[DEBUG] Creating shared instance of singleton bean 'org.springframework.boot.autoconfigure.data.web.SpringDataWebAutoConfiguration'
[DEBUG] Creating shared instance of singleton bean 'spring.data.web-org.springframework.boot.autoconfigure.data.web.SpringDataWebProperties'
[DEBUG] Autowiring by type from bean name 'org.springframework.boot.autoconfigure.data.web.SpringDataWebAutoConfiguration' via constructor to bean named 'spring.data.web-org.springframework.boot.autoconfigure.data.web.SpringDataWebProperties'
[DEBUG] Creating shared instance of singleton bean 'pageableResolver'
[DEBUG] Creating shared instance of singleton bean 'pageableCustomizer'
[DEBUG] Creating shared instance of singleton bean 'applicationTaskExecutor'
[DEBUG] Autowiring by type from bean name 'applicationTaskExecutor' via factory method to bean named 'taskExecutorBuilder'
[DEBUG] Initializing ExecutorService 'applicationTaskExecutor'
[DEBUG] ControllerAdvice beans: 0 @ModelAttribute, 0 @InitBinder, 1 RequestBodyAdvice, 1 ResponseBodyAdvice
[DEBUG] Creating shared instance of singleton bean 'handlerFunctionAdapter'
[DEBUG] Creating shared instance of singleton bean 'mvcUriComponentsContributor'
[DEBUG] Autowiring by type from bean name 'mvcUriComponentsContributor' via factory method to bean named 'mvcConversionService'
[DEBUG] Autowiring by type from bean name 'mvcUriComponentsContributor' via factory method to bean named 'requestMappingHandlerAdapter'
[DEBUG] Creating shared instance of singleton bean 'httpRequestHandlerAdapter'
[DEBUG] Creating shared instance of singleton bean 'simpleControllerHandlerAdapter'
[DEBUG] Creating shared instance of singleton bean 'handlerExceptionResolver'
[DEBUG] Autowiring by type from bean name 'handlerExceptionResolver' via factory method to bean named 'mvcContentNegotiationManager'
[DEBUG] ControllerAdvice beans: 0 @ExceptionHandler, 1 ResponseBodyAdvice
[DEBUG] Creating shared instance of singleton bean 'mvcViewResolver'
[DEBUG] Autowiring by type from bean name 'mvcViewResolver' via factory method to bean named 'mvcContentNegotiationManager'
[DEBUG] Creating shared instance of singleton bean 'viewNameTranslator'
[DEBUG] Creating shared instance of singleton bean 'defaultViewResolver'
[DEBUG] Creating shared instance of singleton bean 'viewResolver'
[DEBUG] Autowiring by type from bean name 'viewResolver' via factory method to bean named 'org.springframework.beans.factory.support.DefaultListableBeanFactory@361d169a'
[DEBUG] Creating shared instance of singleton bean 'viewResolver'
[DEBUG] Creating shared instance of singleton bean 'requestContextFilter'
[DEBUG] Creating shared instance of singleton bean 'org.springframework.boot.autoconfigure.web.servlet.WebMvcAutoConfiguration'
[DEBUG] Creating shared instance of singleton bean 'formContentFilter'
[DEBUG] Creating shared instance of singleton bean 'org.springframework.boot.autoconfigure.aop.AopAutoConfiguration$ClassProxyingConfiguration'
[DEBUG] Creating shared instance of singleton bean 'org.springframework.boot.autoconfigure.aop.AopAutoConfiguration'
[DEBUG] Creating shared instance of singleton bean 'org.springframework.boot.autoconfigure.availability.ApplicationAvailabilityAutoConfiguration'
[DEBUG] Creating shared instance of singleton bean 'applicationAvailability'
[DEBUG] Creating shared instance of singleton bean 'org.springframework.boot.autoconfigure.transaction.TransactionManagerCustomizationAutoConfiguration'
[DEBUG] Creating shared instance of singleton bean 'platformTransactionManagerCustomizers'
[DEBUG] Creating shared instance of singleton bean 'transactionExecutionListeners'
[DEBUG] Creating shared instance of singleton bean 'spring.transaction-org.springframework.boot.autoconfigure.transaction.TransactionProperties'
[DEBUG] Creating shared instance of singleton bean 'org.springframework.boot.autoconfigure.context.ConfigurationPropertiesAutoConfiguration'
[DEBUG] Creating shared instance of singleton bean 'org.springframework.boot.autoconfigure.context.LifecycleAutoConfiguration'
[DEBUG] Creating shared instance of singleton bean 'lifecycleProcessor'
[DEBUG] Creating shared instance of singleton bean 'spring.lifecycle-org.springframework.boot.autoconfigure.context.LifecycleProperties'
[DEBUG] Autowiring by type from bean name 'lifecycleProcessor' via factory method to bean named 'spring.lifecycle-org.springframework.boot.autoconfigure.context.LifecycleProperties'
[DEBUG] Creating shared instance of singleton bean 'org.springframework.boot.autoconfigure.dao.PersistenceExceptionTranslationAutoConfiguration'
[DEBUG] Creating shared instance of singleton bean 'gridFsTemplate'
[DEBUG] Autowiring by type from bean name 'gridFsTemplate' via factory method to bean named 'spring.data.mongodb-org.springframework.boot.autoconfigure.mongo.MongoProperties'
[DEBUG] Autowiring by type from bean name 'gridFsTemplate' via factory method to bean named 'mongoDatabaseFactory'
[DEBUG] Autowiring by type from bean name 'gridFsTemplate' via factory method to bean named 'mongoTemplate'
[DEBUG] Autowiring by type from bean name 'gridFsTemplate' via factory method to bean named 'mongoConnectionDetails'
[DEBUG] Creating shared instance of singleton bean 'org.springframework.boot.autoconfigure.data.mongo.MongoDataAutoConfiguration'
[DEBUG] Creating shared instance of singleton bean 'org.springframework.boot.autoconfigure.mongo.MongoReactiveAutoConfiguration'
[DEBUG] Creating shared instance of singleton bean 'reactiveStreamsMongoClient'
[DEBUG] Autowiring by type from bean name 'reactiveStreamsMongoClient' via factory method to bean named 'mongoClientSettings'
[INFO] MongoClient with metadata {"driver": {"name": "mongo-java-driver|reactive-streams|spring-boot", "version": "4.11.1"}, "os": {"type": "Windows", "name": "Windows 11", "architecture": "amd64", "version": "10.0"}, "platform": "Java/Oracle Corporation/21.0.2+13-58"} created with settings MongoClientSettings{readPreference=primary, writeConcern=WriteConcern{w=majority, wTimeout=null ms, journal=null}, retryWrites=true, retryReads=true, readConcern=ReadConcern{level=null}, credential=MongoCredential{mechanism=null, userName='rapideye6', source='admin', password=<hidden>, mechanismProperties=<hidden>}, transportSettings=null, streamFactoryFactory=null, commandListeners=[], codecRegistry=ProvidersCodecRegistry{codecProviders=[ValueCodecProvider{}, BsonValueCodecProvider{}, DBRefCodecProvider{}, DBObjectCodecProvider{}, DocumentCodecProvider{}, CollectionCodecProvider{}, IterableCodecProvider{}, MapCodecProvider{}, GeoJsonCodecProvider{}, GridFSFileCodecProvider{}, Jsr310CodecProvider{}, JsonObjectCodecProvider{}, BsonCodecProvider{}, EnumCodecProvider{}, com.mongodb.client.model.mql.ExpressionCodecProvider@519b0f00, com.mongodb.Jep395RecordCodecProvider@4888d1ea, com.mongodb.KotlinCodecProvider@217b0952]}, loggerSettings=LoggerSettings{maxDocumentLength=1000}, clusterSettings={hosts=[127.0.0.1:27017], srvHost=rapideye360.hwak4ul.mongodb.net, srvServiceName=mongodb, mode=MULTIPLE, requiredClusterType=REPLICA_SET, requiredReplicaSetName='atlas-uuawkl-shard-0', serverSelector='null', clusterListeners='[]', serverSelectionTimeout='30000 ms', localThreshold='15 ms'}, socketSettings=SocketSettings{connectTimeoutMS=10000, readTimeoutMS=0, receiveBufferSize=0, proxySettings=ProxySettings{host=null, port=null, username=null, password=null}}, heartbeatSocketSettings=SocketSettings{connectTimeoutMS=10000, readTimeoutMS=10000, receiveBufferSize=0, proxySettings=ProxySettings{host=null, port=null, username=null, password=null}}, connectionPoolSettings=ConnectionPoolSettings{maxSize=100, minSize=0, maxWaitTimeMS=120000, maxConnectionLifeTimeMS=0, maxConnectionIdleTimeMS=0, maintenanceInitialDelayMS=0, maintenanceFrequencyMS=60000, connectionPoolListeners=[], maxConnecting=2}, serverSettings=ServerSettings{heartbeatFrequencyMS=10000, minHeartbeatFrequencyMS=500, serverListeners='[]', serverMonitorListeners='[]'}, sslSettings=SslSettings{enabled=true, invalidHostNameAllowed=false, context=null}, applicationName='null', compressorList=[], uuidRepresentation=JAVA_LEGACY, serverApi=null, autoEncryptionSettings=null, dnsClient=null, inetAddressResolver=null, contextProvider=null}
[DEBUG] Creating shared instance of singleton bean 'org.springframework.boot.autoconfigure.data.mongo.MongoReactiveDataAutoConfiguration'
[DEBUG] Autowiring by type from bean name 'org.springframework.boot.autoconfigure.data.mongo.MongoReactiveDataAutoConfiguration' via constructor to bean named 'mongoConnectionDetails'
[DEBUG] Creating shared instance of singleton bean 'reactiveMongoDatabaseFactory'
[DEBUG] Autowiring by type from bean name 'reactiveMongoDatabaseFactory' via factory method to bean named 'reactiveStreamsMongoClient'
[DEBUG] Autowiring by type from bean name 'reactiveMongoDatabaseFactory' via factory method to bean named 'spring.data.mongodb-org.springframework.boot.autoconfigure.mongo.MongoProperties'
[DEBUG] Creating shared instance of singleton bean 'reactiveMongoTemplate'
[DEBUG] Autowiring by type from bean name 'reactiveMongoTemplate' via factory method to bean named 'reactiveMongoDatabaseFactory'
[DEBUG] Autowiring by type from bean name 'reactiveMongoTemplate' via factory method to bean named 'mappingMongoConverter'
[DEBUG] Creating shared instance of singleton bean 'dataBufferFactory'
[DEBUG] Creating shared instance of singleton bean 'reactiveGridFsTemplate'
[DEBUG] Autowiring by type from bean name 'reactiveGridFsTemplate' via factory method to bean named 'reactiveMongoDatabaseFactory'
[DEBUG] Autowiring by type from bean name 'reactiveGridFsTemplate' via factory method to bean named 'mappingMongoConverter'
[DEBUG] Autowiring by type from bean name 'reactiveGridFsTemplate' via factory method to bean named 'dataBufferFactory'
[DEBUG] Creating shared instance of singleton bean 'org.springframework.boot.autoconfigure.data.mongo.MongoReactiveRepositoriesAutoConfiguration'
[DEBUG] Creating shared instance of singleton bean 'data-mongo.repository-aot-processor#0'
[DEBUG] Creating shared instance of singleton bean 'org.springframework.boot.autoconfigure.data.mongo.MongoRepositoriesAutoConfiguration'
[DEBUG] Creating shared instance of singleton bean 'data-mongo.repository-aot-processor#1'
[DEBUG] Creating shared instance of singleton bean 'org.springframework.boot.autoconfigure.http.JacksonHttpMessageConvertersConfiguration'
[DEBUG] Creating shared instance of singleton bean 'org.springframework.data.web.config.ProjectingArgumentResolverRegistrar'
[DEBUG] Creating shared instance of singleton bean 'offsetResolver'
[DEBUG] Creating shared instance of singleton bean 'org.springframework.boot.autoconfigure.info.ProjectInfoAutoConfiguration'
[DEBUG] Creating shared instance of singleton bean 'spring.info-org.springframework.boot.autoconfigure.info.ProjectInfoProperties'
[DEBUG] Autowiring by type from bean name 'org.springframework.boot.autoconfigure.info.ProjectInfoAutoConfiguration' via constructor to bean named 'spring.info-org.springframework.boot.autoconfigure.info.ProjectInfoProperties'
[DEBUG] Creating shared instance of singleton bean 'org.springframework.boot.autoconfigure.reactor.ReactorAutoConfiguration'
[DEBUG] Creating shared instance of singleton bean 'spring.reactor-org.springframework.boot.autoconfigure.reactor.ReactorProperties'
[DEBUG] Autowiring by type from bean name 'org.springframework.boot.autoconfigure.reactor.ReactorAutoConfiguration' via constructor to bean named 'spring.reactor-org.springframework.boot.autoconfigure.reactor.ReactorProperties'
[DEBUG] Creating shared instance of singleton bean 'org.springframework.boot.autoconfigure.security.servlet.SpringBootWebSecurityConfiguration'
[DEBUG] Creating shared instance of singleton bean 'spring.security-org.springframework.boot.autoconfigure.security.SecurityProperties'
[DEBUG] Creating shared instance of singleton bean 'org.springframework.boot.autoconfigure.security.servlet.SecurityFilterAutoConfiguration'
[DEBUG] Creating shared instance of singleton bean 'securityFilterChainRegistration'
[DEBUG] Autowiring by type from bean name 'securityFilterChainRegistration' via factory method to bean named 'spring.security-org.springframework.boot.autoconfigure.security.SecurityProperties'
[DEBUG] Creating shared instance of singleton bean 'org.springframework.boot.autoconfigure.sql.init.SqlInitializationAutoConfiguration'
[DEBUG] Creating shared instance of singleton bean 'spring.sql.init-org.springframework.boot.autoconfigure.sql.init.SqlInitializationProperties'
[DEBUG] Creating shared instance of singleton bean 'org.springframework.boot.autoconfigure.task.TaskSchedulingConfigurations$ThreadPoolTaskSchedulerBuilderConfiguration'
[DEBUG] Creating shared instance of singleton bean 'threadPoolTaskSchedulerBuilder'
[DEBUG] Creating shared instance of singleton bean 'spring.task.scheduling-org.springframework.boot.autoconfigure.task.TaskSchedulingProperties'
[DEBUG] Autowiring by type from bean name 'threadPoolTaskSchedulerBuilder' via factory method to bean named 'spring.task.scheduling-org.springframework.boot.autoconfigure.task.TaskSchedulingProperties'
[DEBUG] Creating shared instance of singleton bean 'org.springframework.boot.autoconfigure.task.TaskSchedulingConfigurations$TaskSchedulerBuilderConfiguration'
[DEBUG] Creating shared instance of singleton bean 'taskSchedulerBuilder'
[DEBUG] Autowiring by type from bean name 'taskSchedulerBuilder' via factory method to bean named 'spring.task.scheduling-org.springframework.boot.autoconfigure.task.TaskSchedulingProperties'
[DEBUG] Creating shared instance of singleton bean 'org.springframework.boot.autoconfigure.task.TaskSchedulingConfigurations$SimpleAsyncTaskSchedulerBuilderConfiguration'
[DEBUG] Autowiring by type from bean name 'org.springframework.boot.autoconfigure.task.TaskSchedulingConfigurations$SimpleAsyncTaskSchedulerBuilderConfiguration' via constructor to bean named 'spring.task.scheduling-org.springframework.boot.autoconfigure.task.TaskSchedulingProperties'
[DEBUG] Creating shared instance of singleton bean 'simpleAsyncTaskSchedulerBuilder'
[DEBUG] Creating shared instance of singleton bean 'org.springframework.boot.autoconfigure.task.TaskSchedulingConfigurations$TaskSchedulerConfiguration'
[DEBUG] Creating shared instance of singleton bean 'taskScheduler'
[DEBUG] Autowiring by type from bean name 'taskScheduler' via factory method to bean named 'taskSchedulerBuilder'
[DEBUG] Initializing ExecutorService 'taskScheduler'
[DEBUG] Creating shared instance of singleton bean 'org.springframework.boot.autoconfigure.task.TaskSchedulingAutoConfiguration'
[DEBUG] Creating shared instance of singleton bean 'scheduledBeanLazyInitializationExcludeFilter'
[DEBUG] Creating shared instance of singleton bean 'org.springframework.boot.autoconfigure.transaction.TransactionAutoConfiguration'
[DEBUG] Creating shared instance of singleton bean 'org.springframework.boot.autoconfigure.web.client.RestClientAutoConfiguration'
[DEBUG] Creating shared instance of singleton bean 'httpMessageConvertersRestClientCustomizer'
[DEBUG] Creating shared instance of singleton bean 'restClientSsl'
[DEBUG] Autowiring by type from bean name 'restClientSsl' via factory method to bean named 'sslBundleRegistry'
[DEBUG] Creating shared instance of singleton bean 'restClientBuilderConfigurer'
[DEBUG] Creating shared instance of singleton bean 'org.springframework.boot.autoconfigure.web.client.RestTemplateAutoConfiguration'
[DEBUG] Creating shared instance of singleton bean 'characterEncodingFilter'
[DEBUG] Creating shared instance of singleton bean 'multipartResolver'
[DEBUG] Creating shared instance of singleton bean 'org.springframework.boot.test.autoconfigure.web.servlet.MockMvcAutoConfiguration'
[DEBUG] Autowiring by type from bean name 'org.springframework.boot.test.autoconfigure.web.servlet.MockMvcAutoConfiguration' via constructor to bean named 'org.springframework.web.context.support.GenericWebApplicationContext@64864875'
[DEBUG] Autowiring by type from bean name 'org.springframework.boot.test.autoconfigure.web.servlet.MockMvcAutoConfiguration' via constructor to bean named 'spring.mvc-org.springframework.boot.autoconfigure.web.servlet.WebMvcProperties'
[DEBUG] Creating shared instance of singleton bean 'mockMvcBuilder'
[DEBUG] Creating shared instance of singleton bean 'springBootMockMvcBuilderCustomizer'
[DEBUG] Autowiring by type from bean name 'mockMvcBuilder' via factory method to bean named 'springBootMockMvcBuilderCustomizer'
[DEBUG] Mapping filters: springSecurityFilterChain urls=[/*] order=-100, characterEncodingFilter urls=[/*] order=-2147483648, formContentFilter urls=[/*] order=-9900, requestContextFilter urls=[/*] order=-105, jwtAuthenticationFilter urls=[/*] order=2147483647
[DEBUG] Mapping servlets: 
[DEBUG] Creating shared instance of singleton bean 'mockMvc'
[DEBUG] Autowiring by type from bean name 'mockMvc' via factory method to bean named 'mockMvcBuilder'
[DEBUG] Filter 'characterEncodingFilter' configured for use
[DEBUG] Filter 'formContentFilter' configured for use
[DEBUG] Filter 'requestContextFilter' configured for use
[DEBUG] Filter 'springSecurityFilterChain' configured for use
[DEBUG] Filter 'jwtAuthenticationFilter' configured for use
[INFO] Initializing Spring TestDispatcherServlet ''
[INFO] Initializing Servlet ''
[DEBUG] Detected StandardServletMultipartResolver
[DEBUG] Detected AcceptHeaderLocaleResolver
[DEBUG] Detected FixedThemeResolver
[DEBUG] Detected org.springframework.web.servlet.view.DefaultRequestToViewNameTranslator@5ab0168
[DEBUG] Detected org.springframework.web.servlet.support.SessionFlashMapManager@236bb278
[DEBUG] enableLoggingRequestDetails='false': request parameters and headers will be masked to prevent unsafe logging of potentially sensitive data
[INFO] Completed initialization in 0 ms
[DEBUG] Starting beans in phase -2147483647
[DEBUG] Successfully started bean 'springBootLoggingLifecycle'
[DEBUG] Starting beans in phase 2147483647
[DEBUG] 


============================
CONDITIONS EVALUATION REPORT
============================


Positive matches:
-----------------

   AopAutoConfiguration matched:
      - @ConditionalOnProperty (spring.aop.auto=true) matched (OnPropertyCondition)

   AopAutoConfiguration.ClassProxyingConfiguration matched:
      - @ConditionalOnMissingClass did not find unwanted class 'org.aspectj.weaver.Advice' (OnClassCondition)
      - @ConditionalOnProperty (spring.aop.proxy-target-class=true) matched (OnPropertyCondition)

   ApplicationAvailabilityAutoConfiguration#applicationAvailability matched:
      - @ConditionalOnMissingBean (types: org.springframework.boot.availability.ApplicationAvailability; SearchStrategy: all) did not find any beans (OnBeanCondition)

   DispatcherServletAutoConfiguration matched:
      - @ConditionalOnClass found required class 'org.springframework.web.servlet.DispatcherServlet' (OnClassCondition)
      - found 'session' scope (OnWebApplicationCondition)

   DispatcherServletAutoConfiguration.DispatcherServletConfiguration matched:
      - @ConditionalOnClass found required class 'jakarta.servlet.ServletRegistration' (OnClassCondition)
      - Default DispatcherServlet did not find dispatcher servlet beans (DispatcherServletAutoConfiguration.DefaultDispatcherServletCondition)

   DispatcherServletAutoConfiguration.DispatcherServletRegistrationConfiguration matched:
      - @ConditionalOnClass found required class 'jakarta.servlet.ServletRegistration' (OnClassCondition)
      - DispatcherServlet Registration did not find servlet registration bean (DispatcherServletAutoConfiguration.DispatcherServletRegistrationCondition)

   DispatcherServletAutoConfiguration.DispatcherServletRegistrationConfiguration#dispatcherServletRegistration matched:
      - @ConditionalOnBean (names: dispatcherServlet types: org.springframework.web.servlet.DispatcherServlet; SearchStrategy: all) found bean 'dispatcherServlet' (OnBeanCondition)

   ErrorMvcAutoConfiguration matched:
      - @ConditionalOnClass found required classes 'jakarta.servlet.Servlet', 'org.springframework.web.servlet.DispatcherServlet' (OnClassCondition)
      - found 'session' scope (OnWebApplicationCondition)

   ErrorMvcAutoConfiguration#basicErrorController matched:
      - @ConditionalOnMissingBean (types: org.springframework.boot.web.servlet.error.ErrorController; SearchStrategy: current) did not find any beans (OnBeanCondition)

   ErrorMvcAutoConfiguration#errorAttributes matched:
      - @ConditionalOnMissingBean (types: org.springframework.boot.web.servlet.error.ErrorAttributes; SearchStrategy: current) did not find any beans (OnBeanCondition)

   ErrorMvcAutoConfiguration.DefaultErrorViewResolverConfiguration#conventionErrorViewResolver matched:
      - @ConditionalOnBean (types: org.springframework.web.servlet.DispatcherServlet; SearchStrategy: all) found bean 'dispatcherServlet'; @ConditionalOnMissingBean (types: org.springframework.boot.autoconfigure.web.servlet.error.ErrorViewResolver; SearchStrategy: all) did not find any beans (OnBeanCondition)

   ErrorMvcAutoConfiguration.WhitelabelErrorViewConfiguration matched:
      - @ConditionalOnProperty (server.error.whitelabel.enabled) matched (OnPropertyCondition)
      - ErrorTemplate Missing did not find error template view (ErrorMvcAutoConfiguration.ErrorTemplateMissingCondition)

   ErrorMvcAutoConfiguration.WhitelabelErrorViewConfiguration#beanNameViewResolver matched:
      - @ConditionalOnMissingBean (types: org.springframework.web.servlet.view.BeanNameViewResolver; SearchStrategy: all) did not find any beans (OnBeanCondition)

   ErrorMvcAutoConfiguration.WhitelabelErrorViewConfiguration#defaultErrorView matched:
      - @ConditionalOnMissingBean (names: error; SearchStrategy: all) did not find any beans (OnBeanCondition)

   GenericCacheConfiguration matched:
      - Cache org.springframework.boot.autoconfigure.cache.GenericCacheConfiguration automatic cache type (CacheCondition)

   HttpEncodingAutoConfiguration matched:
      - @ConditionalOnClass found required class 'org.springframework.web.filter.CharacterEncodingFilter' (OnClassCondition)
      - found 'session' scope (OnWebApplicationCondition)
      - @ConditionalOnProperty (server.servlet.encoding.enabled) matched (OnPropertyCondition)

   HttpEncodingAutoConfiguration#characterEncodingFilter matched:
      - @ConditionalOnMissingBean (types: org.springframework.web.filter.CharacterEncodingFilter; SearchStrategy: all) did not find any beans (OnBeanCondition)

   HttpMessageConvertersAutoConfiguration matched:
      - @ConditionalOnClass found required class 'org.springframework.http.converter.HttpMessageConverter' (OnClassCondition)
      - NoneNestedConditions 0 matched 1 did not; NestedCondition on HttpMessageConvertersAutoConfiguration.NotReactiveWebApplicationCondition.ReactiveWebApplication did not find reactive web application classes (HttpMessageConvertersAutoConfiguration.NotReactiveWebApplicationCondition)

   HttpMessageConvertersAutoConfiguration#messageConverters matched:
      - @ConditionalOnMissingBean (types: org.springframework.boot.autoconfigure.http.HttpMessageConverters; SearchStrategy: all) did not find any beans (OnBeanCondition)

   HttpMessageConvertersAutoConfiguration.StringHttpMessageConverterConfiguration matched:
      - @ConditionalOnClass found required class 'org.springframework.http.converter.StringHttpMessageConverter' (OnClassCondition)

   HttpMessageConvertersAutoConfiguration.StringHttpMessageConverterConfiguration#stringHttpMessageConverter matched:
      - @ConditionalOnMissingBean (types: org.springframework.http.converter.StringHttpMessageConverter; SearchStrategy: all) did not find any beans (OnBeanCondition)

   JacksonAutoConfiguration matched:
      - @ConditionalOnClass found required class 'com.fasterxml.jackson.databind.ObjectMapper' (OnClassCondition)

   JacksonAutoConfiguration.Jackson2ObjectMapperBuilderCustomizerConfiguration matched:
      - @ConditionalOnClass found required class 'org.springframework.http.converter.json.Jackson2ObjectMapperBuilder' (OnClassCondition)

   JacksonAutoConfiguration.JacksonObjectMapperBuilderConfiguration matched:
      - @ConditionalOnClass found required class 'org.springframework.http.converter.json.Jackson2ObjectMapperBuilder' (OnClassCondition)

   JacksonAutoConfiguration.JacksonObjectMapperBuilderConfiguration#jacksonObjectMapperBuilder matched:
      - @ConditionalOnMissingBean (types: org.springframework.http.converter.json.Jackson2ObjectMapperBuilder; SearchStrategy: all) did not find any beans (OnBeanCondition)

   JacksonAutoConfiguration.JacksonObjectMapperConfiguration matched:
      - @ConditionalOnClass found required class 'org.springframework.http.converter.json.Jackson2ObjectMapperBuilder' (OnClassCondition)

   JacksonAutoConfiguration.JacksonObjectMapperConfiguration#jacksonObjectMapper matched:
      - @ConditionalOnMissingBean (types: com.fasterxml.jackson.databind.ObjectMapper; SearchStrategy: all) did not find any beans (OnBeanCondition)

   JacksonAutoConfiguration.ParameterNamesModuleConfiguration matched:
      - @ConditionalOnClass found required class 'com.fasterxml.jackson.module.paramnames.ParameterNamesModule' (OnClassCondition)

   JacksonAutoConfiguration.ParameterNamesModuleConfiguration#parameterNamesModule matched:
      - @ConditionalOnMissingBean (types: com.fasterxml.jackson.module.paramnames.ParameterNamesModule; SearchStrategy: all) did not find any beans (OnBeanCondition)

   JacksonHttpMessageConvertersConfiguration.MappingJackson2HttpMessageConverterConfiguration matched:
      - @ConditionalOnClass found required class 'com.fasterxml.jackson.databind.ObjectMapper' (OnClassCondition)
      - @ConditionalOnProperty (spring.mvc.converters.preferred-json-mapper=jackson) matched (OnPropertyCondition)
      - @ConditionalOnBean (types: com.fasterxml.jackson.databind.ObjectMapper; SearchStrategy: all) found bean 'jacksonObjectMapper' (OnBeanCondition)

   JacksonHttpMessageConvertersConfiguration.MappingJackson2HttpMessageConverterConfiguration#mappingJackson2HttpMessageConverter matched:
      - @ConditionalOnMissingBean (types: org.springframework.http.converter.json.MappingJackson2HttpMessageConverter ignored: org.springframework.hateoas.server.mvc.TypeConstrainedMappingJackson2HttpMessageConverter,org.springframework.data.rest.webmvc.alps.AlpsJsonHttpMessageConverter; SearchStrategy: all) did not find any beans (OnBeanCondition)

   LifecycleAutoConfiguration#defaultLifecycleProcessor matched:
      - @ConditionalOnMissingBean (names: lifecycleProcessor; SearchStrategy: current) did not find any beans (OnBeanCondition)

   MockMvcAutoConfiguration matched:
      - found 'session' scope (OnWebApplicationCondition)

   MockMvcAutoConfiguration#mockMvc matched:
      - @ConditionalOnMissingBean (types: org.springframework.test.web.servlet.MockMvc; SearchStrategy: all) did not find any beans (OnBeanCondition)

   MockMvcAutoConfiguration#mockMvcBuilder matched:
      - @ConditionalOnMissingBean (types: org.springframework.test.web.servlet.MockMvcBuilder; SearchStrategy: all) did not find any beans (OnBeanCondition)

   MongoAutoConfiguration matched:
      - @ConditionalOnClass found required class 'com.mongodb.client.MongoClient' (OnClassCondition)
      - @ConditionalOnMissingBean (types: org.springframework.data.mongodb.MongoDatabaseFactory; SearchStrategy: all) did not find any beans (OnBeanCondition)

   MongoAutoConfiguration#mongo matched:
      - @ConditionalOnMissingBean (types: com.mongodb.client.MongoClient; SearchStrategy: all) did not find any beans (OnBeanCondition)

   MongoAutoConfiguration#mongoConnectionDetails matched:
      - @ConditionalOnMissingBean (types: org.springframework.boot.autoconfigure.mongo.MongoConnectionDetails; SearchStrategy: all) did not find any beans (OnBeanCondition)

   MongoAutoConfiguration.MongoClientSettingsConfiguration matched:
      - @ConditionalOnMissingBean (types: com.mongodb.MongoClientSettings; SearchStrategy: all) did not find any beans (OnBeanCondition)

   MongoDataAutoConfiguration matched:
      - @ConditionalOnClass found required classes 'com.mongodb.client.MongoClient', 'org.springframework.data.mongodb.core.MongoTemplate' (OnClassCondition)

   MongoDataConfiguration#mongoCustomConversions matched:
      - @ConditionalOnMissingBean (types: org.springframework.data.mongodb.core.convert.MongoCustomConversions; SearchStrategy: all) did not find any beans (OnBeanCondition)

   MongoDataConfiguration#mongoManagedTypes matched:
      - @ConditionalOnMissingBean (types: org.springframework.data.mongodb.MongoManagedTypes; SearchStrategy: all) did not find any beans (OnBeanCondition)

   MongoDataConfiguration#mongoMappingContext matched:
      - @ConditionalOnMissingBean (types: org.springframework.data.mongodb.core.mapping.MongoMappingContext; SearchStrategy: all) did not find any beans (OnBeanCondition)

   MongoDatabaseFactoryConfiguration matched:
      - @ConditionalOnSingleCandidate (types: com.mongodb.client.MongoClient; SearchStrategy: all) found a single bean 'mongo'; @ConditionalOnMissingBean (types: org.springframework.data.mongodb.MongoDatabaseFactory; SearchStrategy: all) did not find any beans (OnBeanCondition)

   MongoDatabaseFactoryDependentConfiguration matched:
      - @ConditionalOnBean (types: org.springframework.data.mongodb.MongoDatabaseFactory; SearchStrategy: all) found bean 'mongoDatabaseFactory' (OnBeanCondition)

   MongoDatabaseFactoryDependentConfiguration#gridFsTemplate matched:
      - @ConditionalOnMissingBean (types: org.springframework.data.mongodb.gridfs.GridFsOperations; SearchStrategy: all) did not find any beans (OnBeanCondition)

   MongoDatabaseFactoryDependentConfiguration#mappingMongoConverter matched:
      - @ConditionalOnMissingBean (types: org.springframework.data.mongodb.core.convert.MongoConverter; SearchStrategy: all) did not find any beans (OnBeanCondition)

   MongoDatabaseFactoryDependentConfiguration#mongoTemplate matched:
      - @ConditionalOnMissingBean (types: org.springframework.data.mongodb.core.MongoOperations; SearchStrategy: all) did not find any beans (OnBeanCondition)

   MongoReactiveAutoConfiguration matched:
      - @ConditionalOnClass found required classes 'com.mongodb.reactivestreams.client.MongoClient', 'reactor.core.publisher.Flux' (OnClassCondition)

   MongoReactiveAutoConfiguration#reactiveStreamsMongoClient matched:
      - @ConditionalOnMissingBean (types: com.mongodb.reactivestreams.client.MongoClient; SearchStrategy: all) did not find any beans (OnBeanCondition)

   MongoReactiveDataAutoConfiguration matched:
      - @ConditionalOnClass found required classes 'com.mongodb.reactivestreams.client.MongoClient', 'org.springframework.data.mongodb.core.ReactiveMongoTemplate' (OnClassCondition)
      - @ConditionalOnBean (types: com.mongodb.reactivestreams.client.MongoClient; SearchStrategy: all) found bean 'reactiveStreamsMongoClient' (OnBeanCondition)

   MongoReactiveDataAutoConfiguration#dataBufferFactory matched:
      - @ConditionalOnMissingBean (types: org.springframework.core.io.buffer.DataBufferFactory; SearchStrategy: all) did not find any beans (OnBeanCondition)

   MongoReactiveDataAutoConfiguration#reactiveGridFsTemplate matched:
      - @ConditionalOnMissingBean (types: org.springframework.data.mongodb.gridfs.ReactiveGridFsOperations; SearchStrategy: all) did not find any beans (OnBeanCondition)

   MongoReactiveDataAutoConfiguration#reactiveMongoDatabaseFactory matched:
      - @ConditionalOnMissingBean (types: org.springframework.data.mongodb.ReactiveMongoDatabaseFactory; SearchStrategy: all) did not find any beans (OnBeanCondition)

   MongoReactiveDataAutoConfiguration#reactiveMongoTemplate matched:
      - @ConditionalOnMissingBean (types: org.springframework.data.mongodb.core.ReactiveMongoOperations; SearchStrategy: all) did not find any beans (OnBeanCondition)

   MongoReactiveRepositoriesAutoConfiguration matched:
      - @ConditionalOnClass found required classes 'com.mongodb.reactivestreams.client.MongoClient', 'org.springframework.data.mongodb.repository.ReactiveMongoRepository' (OnClassCondition)
      - @ConditionalOnRepositoryType configured type of 'AUTO' matched required type (OnRepositoryTypeCondition)
      - @ConditionalOnMissingBean (types: org.springframework.data.mongodb.repository.support.ReactiveMongoRepositoryFactoryBean,org.springframework.data.mongodb.repository.config.ReactiveMongoRepositoryConfigurationExtension; SearchStrategy: all) did not find any beans (OnBeanCondition)

   MongoRepositoriesAutoConfiguration matched:
      - @ConditionalOnClass found required classes 'com.mongodb.client.MongoClient', 'org.springframework.data.mongodb.repository.MongoRepository' (OnClassCondition)
      - @ConditionalOnRepositoryType configured type of 'AUTO' matched required type (OnRepositoryTypeCondition)
      - @ConditionalOnMissingBean (types: org.springframework.data.mongodb.repository.support.MongoRepositoryFactoryBean,org.springframework.data.mongodb.repository.config.MongoRepositoryConfigurationExtension; SearchStrategy: all) did not find any beans (OnBeanCondition)

   MultipartAutoConfiguration matched:
      - @ConditionalOnClass found required classes 'jakarta.servlet.Servlet', 'org.springframework.web.multipart.support.StandardServletMultipartResolver', 'jakarta.servlet.MultipartConfigElement' (OnClassCondition)
      - found 'session' scope (OnWebApplicationCondition)
      - @ConditionalOnProperty (spring.servlet.multipart.enabled) matched (OnPropertyCondition)

   MultipartAutoConfiguration#multipartConfigElement matched:
      - @ConditionalOnMissingBean (types: jakarta.servlet.MultipartConfigElement; SearchStrategy: all) did not find any beans (OnBeanCondition)

   MultipartAutoConfiguration#multipartResolver matched:
      - @ConditionalOnMissingBean (types: org.springframework.web.multipart.MultipartResolver; SearchStrategy: all) did not find any beans (OnBeanCondition)

   NoOpCacheConfiguration matched:
      - Cache org.springframework.boot.autoconfigure.cache.NoOpCacheConfiguration automatic cache type (CacheCondition)

   PersistenceExceptionTranslationAutoConfiguration matched:
      - @ConditionalOnClass found required class 'org.springframework.dao.annotation.PersistenceExceptionTranslationPostProcessor' (OnClassCondition)

   PersistenceExceptionTranslationAutoConfiguration#persistenceExceptionTranslationPostProcessor matched:
      - @ConditionalOnProperty (spring.dao.exceptiontranslation.enabled) matched (OnPropertyCondition)
      - @ConditionalOnMissingBean (types: org.springframework.dao.annotation.PersistenceExceptionTranslationPostProcessor; SearchStrategy: all) did not find any beans (OnBeanCondition)

   PropertyPlaceholderAutoConfiguration#propertySourcesPlaceholderConfigurer matched:
      - @ConditionalOnMissingBean (types: org.springframework.context.support.PropertySourcesPlaceholderConfigurer; SearchStrategy: current) did not find any beans (OnBeanCondition)

   ReactorAutoConfiguration matched:
      - @ConditionalOnClass found required class 'reactor.core.publisher.Hooks' (OnClassCondition)

   RestClientAutoConfiguration matched:
      - @ConditionalOnClass found required class 'org.springframework.web.client.RestClient' (OnClassCondition)
      - NoneNestedConditions 0 matched 1 did not; NestedCondition on NotReactiveWebApplicationCondition.ReactiveWebApplication did not find reactive web application classes (NotReactiveWebApplicationCondition)

   RestClientAutoConfiguration#httpMessageConvertersRestClientCustomizer matched:
      - @ConditionalOnMissingBean (types: org.springframework.boot.autoconfigure.web.client.HttpMessageConvertersRestClientCustomizer; SearchStrategy: all) did not find any beans (OnBeanCondition)

   RestClientAutoConfiguration#restClientBuilder matched:
      - @ConditionalOnMissingBean (types: org.springframework.web.client.RestClient$Builder; SearchStrategy: all) did not find any beans (OnBeanCondition)

   RestClientAutoConfiguration#restClientBuilderConfigurer matched:
      - @ConditionalOnMissingBean (types: org.springframework.boot.autoconfigure.web.client.RestClientBuilderConfigurer; SearchStrategy: all) did not find any beans (OnBeanCondition)

   RestClientAutoConfiguration#restClientSsl matched:
      - @ConditionalOnBean (types: org.springframework.boot.ssl.SslBundles; SearchStrategy: all) found bean 'sslBundleRegistry'; @ConditionalOnMissingBean (types: org.springframework.boot.autoconfigure.web.client.RestClientSsl; SearchStrategy: all) did not find any beans (OnBeanCondition)

   RestTemplateAutoConfiguration matched:
      - @ConditionalOnClass found required class 'org.springframework.web.client.RestTemplate' (OnClassCondition)
      - NoneNestedConditions 0 matched 1 did not; NestedCondition on NotReactiveWebApplicationCondition.ReactiveWebApplication did not find reactive web application classes (NotReactiveWebApplicationCondition)

   RestTemplateAutoConfiguration#restTemplateBuilder matched:
      - @ConditionalOnMissingBean (types: org.springframework.boot.web.client.RestTemplateBuilder; SearchStrategy: all) did not find any beans (OnBeanCondition)

   SecurityAutoConfiguration matched:
      - @ConditionalOnClass found required class 'org.springframework.security.authentication.DefaultAuthenticationEventPublisher' (OnClassCondition)

   SecurityAutoConfiguration#authenticationEventPublisher matched:
      - @ConditionalOnMissingBean (types: org.springframework.security.authentication.AuthenticationEventPublisher; SearchStrategy: all) did not find any beans (OnBeanCondition)

   SecurityFilterAutoConfiguration matched:
      - @ConditionalOnClass found required classes 'org.springframework.security.web.context.AbstractSecurityWebApplicationInitializer', 'org.springframework.security.config.http.SessionCreationPolicy' (OnClassCondition)
      - found 'session' scope (OnWebApplicationCondition)

   SecurityFilterAutoConfiguration#securityFilterChainRegistration matched:
      - @ConditionalOnBean (names: springSecurityFilterChain; SearchStrategy: all) found bean 'springSecurityFilterChain' (OnBeanCondition)

   ServletWebServerFactoryAutoConfiguration matched:
      - @ConditionalOnClass found required class 'jakarta.servlet.ServletRequest' (OnClassCondition)
      - found 'session' scope (OnWebApplicationCondition)

   ServletWebServerFactoryAutoConfiguration#tomcatServletWebServerFactoryCustomizer matched:
      - @ConditionalOnClass found required class 'org.apache.catalina.startup.Tomcat' (OnClassCondition)

   ServletWebServerFactoryConfiguration.EmbeddedTomcat matched:
      - @ConditionalOnClass found required classes 'jakarta.servlet.Servlet', 'org.apache.catalina.startup.Tomcat', 'org.apache.coyote.UpgradeProtocol' (OnClassCondition)
      - @ConditionalOnMissingBean (types: org.springframework.boot.web.servlet.server.ServletWebServerFactory; SearchStrategy: current) did not find any beans (OnBeanCondition)

   SimpleCacheConfiguration matched:
      - Cache org.springframework.boot.autoconfigure.cache.SimpleCacheConfiguration automatic cache type (CacheCondition)

   SpringBootWebSecurityConfiguration matched:
      - found 'session' scope (OnWebApplicationCondition)

   SpringDataWebAutoConfiguration matched:
      - @ConditionalOnClass found required classes 'org.springframework.data.web.PageableHandlerMethodArgumentResolver', 'org.springframework.web.servlet.config.annotation.WebMvcConfigurer' (OnClassCondition)
      - found 'session' scope (OnWebApplicationCondition)
      - @ConditionalOnMissingBean (types: org.springframework.data.web.PageableHandlerMethodArgumentResolver; SearchStrategy: all) did not find any beans (OnBeanCondition)

   SpringDataWebAutoConfiguration#pageableCustomizer matched:
      - @ConditionalOnMissingBean (types: org.springframework.data.web.config.PageableHandlerMethodArgumentResolverCustomizer; SearchStrategy: all) did not find any beans (OnBeanCondition)

   SpringDataWebAutoConfiguration#sortCustomizer matched:
      - @ConditionalOnMissingBean (types: org.springframework.data.web.config.SortHandlerMethodArgumentResolverCustomizer; SearchStrategy: all) did not find any beans (OnBeanCondition)

   SqlInitializationAutoConfiguration matched:
      - @ConditionalOnProperty (spring.sql.init.enabled) matched (OnPropertyCondition)
      - NoneNestedConditions 0 matched 1 did not; NestedCondition on SqlInitializationAutoConfiguration.SqlInitializationModeCondition.ModeIsNever @ConditionalOnProperty (spring.sql.init.mode=never) did not find property 'mode' (SqlInitializationAutoConfiguration.SqlInitializationModeCondition)

   SslAutoConfiguration#sslBundleRegistry matched:
      - @ConditionalOnMissingBean (types: org.springframework.boot.ssl.SslBundleRegistry,org.springframework.boot.ssl.SslBundles; SearchStrategy: all) did not find any beans (OnBeanCondition)

   TaskExecutionAutoConfiguration matched:
      - @ConditionalOnClass found required class 'org.springframework.scheduling.concurrent.ThreadPoolTaskExecutor' (OnClassCondition)

   TaskExecutorConfigurations.SimpleAsyncTaskExecutorBuilderConfiguration#simpleAsyncTaskExecutorBuilder matched:
      - @ConditionalOnMissingBean (types: org.springframework.boot.task.SimpleAsyncTaskExecutorBuilder; SearchStrategy: all) did not find any beans (OnBeanCondition)
      - @ConditionalOnThreading found PLATFORM (OnThreadingCondition)

   TaskExecutorConfigurations.TaskExecutorBuilderConfiguration#taskExecutorBuilder matched:
      - @ConditionalOnMissingBean (types: org.springframework.boot.task.TaskExecutorBuilder; SearchStrategy: all) did not find any beans (OnBeanCondition)

   TaskExecutorConfigurations.TaskExecutorConfiguration matched:
      - @ConditionalOnMissingBean (types: java.util.concurrent.Executor; SearchStrategy: all) did not find any beans (OnBeanCondition)

   TaskExecutorConfigurations.TaskExecutorConfiguration#applicationTaskExecutor matched:
      - @ConditionalOnThreading found PLATFORM (OnThreadingCondition)

   TaskExecutorConfigurations.ThreadPoolTaskExecutorBuilderConfiguration#threadPoolTaskExecutorBuilder matched:
      - @ConditionalOnMissingBean (types: org.springframework.boot.task.TaskExecutorBuilder,org.springframework.boot.task.ThreadPoolTaskExecutorBuilder; SearchStrategy: all) did not find any beans (OnBeanCondition)

   TaskSchedulingAutoConfiguration matched:
      - @ConditionalOnClass found required class 'org.springframework.scheduling.concurrent.ThreadPoolTaskScheduler' (OnClassCondition)

   TaskSchedulingAutoConfiguration#scheduledBeanLazyInitializationExcludeFilter matched:
      - @ConditionalOnBean (names: org.springframework.context.annotation.internalScheduledAnnotationProcessor; SearchStrategy: all) found bean 'org.springframework.context.annotation.internalScheduledAnnotationProcessor' (OnBeanCondition)

   TaskSchedulingConfigurations.SimpleAsyncTaskSchedulerBuilderConfiguration#simpleAsyncTaskSchedulerBuilder matched:
      - @ConditionalOnMissingBean (types: org.springframework.boot.task.SimpleAsyncTaskSchedulerBuilder; SearchStrategy: all) did not find any beans (OnBeanCondition)
      - @ConditionalOnThreading found PLATFORM (OnThreadingCondition)

   TaskSchedulingConfigurations.TaskSchedulerBuilderConfiguration#taskSchedulerBuilder matched:
      - @ConditionalOnMissingBean (types: org.springframework.boot.task.TaskSchedulerBuilder; SearchStrategy: all) did not find any beans (OnBeanCondition)

   TaskSchedulingConfigurations.TaskSchedulerConfiguration matched:
      - @ConditionalOnBean (names: org.springframework.context.annotation.internalScheduledAnnotationProcessor; SearchStrategy: all) found bean 'org.springframework.context.annotation.internalScheduledAnnotationProcessor'; @ConditionalOnMissingBean (types: org.springframework.scheduling.TaskScheduler,java.util.concurrent.ScheduledExecutorService; SearchStrategy: all) did not find any beans (OnBeanCondition)

   TaskSchedulingConfigurations.TaskSchedulerConfiguration#taskScheduler matched:
      - @ConditionalOnThreading found PLATFORM (OnThreadingCondition)

   TaskSchedulingConfigurations.ThreadPoolTaskSchedulerBuilderConfiguration#threadPoolTaskSchedulerBuilder matched:
      - @ConditionalOnMissingBean (types: org.springframework.boot.task.TaskSchedulerBuilder,org.springframework.boot.task.ThreadPoolTaskSchedulerBuilder; SearchStrategy: all) did not find any beans (OnBeanCondition)

   TransactionAutoConfiguration matched:
      - @ConditionalOnClass found required class 'org.springframework.transaction.PlatformTransactionManager' (OnClassCondition)

   TransactionManagerCustomizationAutoConfiguration matched:
      - @ConditionalOnClass found required class 'org.springframework.transaction.PlatformTransactionManager' (OnClassCondition)

   TransactionManagerCustomizationAutoConfiguration#platformTransactionManagerCustomizers matched:
      - @ConditionalOnMissingBean (types: org.springframework.boot.autoconfigure.transaction.TransactionManagerCustomizers; SearchStrategy: all) did not find any beans (OnBeanCondition)

   WebMvcAutoConfiguration matched:
      - @ConditionalOnClass found required classes 'jakarta.servlet.Servlet', 'org.springframework.web.servlet.DispatcherServlet', 'org.springframework.web.servlet.config.annotation.WebMvcConfigurer' (OnClassCondition)
      - found 'session' scope (OnWebApplicationCondition)
      - @ConditionalOnMissingBean (types: org.springframework.web.servlet.config.annotation.WebMvcConfigurationSupport; SearchStrategy: all) did not find any beans (OnBeanCondition)

   WebMvcAutoConfiguration#formContentFilter matched:
      - @ConditionalOnProperty (spring.mvc.formcontent.filter.enabled) matched (OnPropertyCondition)
      - @ConditionalOnMissingBean (types: org.springframework.web.filter.FormContentFilter; SearchStrategy: all) did not find any beans (OnBeanCondition)

   WebMvcAutoConfiguration.EnableWebMvcConfiguration#flashMapManager matched:
      - @ConditionalOnMissingBean (names: flashMapManager; SearchStrategy: all) did not find any beans (OnBeanCondition)

   WebMvcAutoConfiguration.EnableWebMvcConfiguration#localeResolver matched:
      - @ConditionalOnMissingBean (names: localeResolver; SearchStrategy: all) did not find any beans (OnBeanCondition)

   WebMvcAutoConfiguration.EnableWebMvcConfiguration#themeResolver matched:
      - @ConditionalOnMissingBean (names: themeResolver; SearchStrategy: all) did not find any beans (OnBeanCondition)

   WebMvcAutoConfiguration.WebMvcAutoConfigurationAdapter#defaultViewResolver matched:
      - @ConditionalOnMissingBean (types: org.springframework.web.servlet.view.InternalResourceViewResolver; SearchStrategy: all) did not find any beans (OnBeanCondition)

   WebMvcAutoConfiguration.WebMvcAutoConfigurationAdapter#requestContextFilter matched:
      - @ConditionalOnMissingBean (types: org.springframework.web.context.request.RequestContextListener,org.springframework.web.filter.RequestContextFilter; SearchStrategy: all) did not find any beans (OnBeanCondition)

   WebMvcAutoConfiguration.WebMvcAutoConfigurationAdapter#viewResolver matched:
      - @ConditionalOnBean (types: org.springframework.web.servlet.ViewResolver; SearchStrategy: all) found beans 'defaultViewResolver', 'beanNameViewResolver', 'mvcViewResolver'; @ConditionalOnMissingBean (names: viewResolver types: org.springframework.web.servlet.view.ContentNegotiatingViewResolver; SearchStrategy: all) did not find any beans (OnBeanCondition)

   WebSocketServletAutoConfiguration matched:
      - @ConditionalOnClass found required classes 'jakarta.servlet.Servlet', 'jakarta.websocket.server.ServerContainer' (OnClassCondition)
      - found 'session' scope (OnWebApplicationCondition)

   WebSocketServletAutoConfiguration.TomcatWebSocketConfiguration matched:
      - @ConditionalOnClass found required classes 'org.apache.catalina.startup.Tomcat', 'org.apache.tomcat.websocket.server.WsSci' (OnClassCondition)

   WebSocketServletAutoConfiguration.TomcatWebSocketConfiguration#websocketServletWebServerCustomizer matched:
      - @ConditionalOnMissingBean (names: websocketServletWebServerCustomizer; SearchStrategy: all) did not find any beans (OnBeanCondition)


Negative matches:
-----------------

   ActiveMQAutoConfiguration:
      Did not match:
         - @ConditionalOnClass did not find required class 'jakarta.jms.ConnectionFactory' (OnClassCondition)

   AopAutoConfiguration.AspectJAutoProxyingConfiguration:
      Did not match:
         - @ConditionalOnClass did not find required class 'org.aspectj.weaver.Advice' (OnClassCondition)

   ArtemisAutoConfiguration:
      Did not match:
         - @ConditionalOnClass did not find required class 'jakarta.jms.ConnectionFactory' (OnClassCondition)

   BatchAutoConfiguration:
      Did not match:
         - @ConditionalOnClass did not find required class 'org.springframework.batch.core.launch.JobLauncher' (OnClassCondition)

   Cache2kCacheConfiguration:
      Did not match:
         - @ConditionalOnClass did not find required class 'org.cache2k.Cache2kBuilder' (OnClassCondition)

   CacheAutoConfiguration:
      Did not match:
         - @ConditionalOnBean (types: org.springframework.cache.interceptor.CacheAspectSupport; SearchStrategy: all) did not find any beans of type org.springframework.cache.interceptor.CacheAspectSupport (OnBeanCondition)
      Matched:
         - @ConditionalOnClass found required class 'org.springframework.cache.CacheManager' (OnClassCondition)

   CacheAutoConfiguration.CacheManagerEntityManagerFactoryDependsOnPostProcessor:
      Did not match:
         - @ConditionalOnClass did not find required class 'org.springframework.orm.jpa.LocalContainerEntityManagerFactoryBean' (OnClassCondition)
         - Ancestor org.springframework.boot.autoconfigure.cache.CacheAutoConfiguration did not match (ConditionEvaluationReport.AncestorsMatchedCondition)

   CaffeineCacheConfiguration:
      Did not match:
         - @ConditionalOnClass did not find required class 'com.github.benmanes.caffeine.cache.Caffeine' (OnClassCondition)

   CassandraAutoConfiguration:
      Did not match:
         - @ConditionalOnClass did not find required class 'com.datastax.oss.driver.api.core.CqlSession' (OnClassCondition)

   CassandraDataAutoConfiguration:
      Did not match:
         - @ConditionalOnClass did not find required class 'com.datastax.oss.driver.api.core.CqlSession' (OnClassCondition)

   CassandraReactiveDataAutoConfiguration:
      Did not match:
         - @ConditionalOnClass did not find required class 'com.datastax.oss.driver.api.core.CqlSession' (OnClassCondition)

   CassandraReactiveRepositoriesAutoConfiguration:
      Did not match:
         - @ConditionalOnClass did not find required class 'org.springframework.data.cassandra.ReactiveSession' (OnClassCondition)

   CassandraRepositoriesAutoConfiguration:
      Did not match:
         - @ConditionalOnClass did not find required class 'com.datastax.oss.driver.api.core.CqlSession' (OnClassCondition)

   ClientHttpConnectorAutoConfiguration:
      Did not match:
         - @ConditionalOnClass did not find required class 'org.springframework.web.reactive.function.client.WebClient' (OnClassCondition)

   CodecsAutoConfiguration:
      Did not match:
         - @ConditionalOnClass did not find required class 'org.springframework.web.reactive.function.client.WebClient' (OnClassCondition)

   CouchbaseAutoConfiguration:
      Did not match:
         - @ConditionalOnClass did not find required class 'com.couchbase.client.java.Cluster' (OnClassCondition)

   CouchbaseCacheConfiguration:
      Did not match:
         - @ConditionalOnClass did not find required class 'com.couchbase.client.java.Cluster' (OnClassCondition)

   CouchbaseDataAutoConfiguration:
      Did not match:
         - @ConditionalOnClass did not find required class 'com.couchbase.client.java.Bucket' (OnClassCondition)

   CouchbaseReactiveDataAutoConfiguration:
      Did not match:
         - @ConditionalOnClass did not find required class 'com.couchbase.client.java.Cluster' (OnClassCondition)

   CouchbaseReactiveRepositoriesAutoConfiguration:
      Did not match:
         - @ConditionalOnClass did not find required class 'com.couchbase.client.java.Cluster' (OnClassCondition)

   CouchbaseRepositoriesAutoConfiguration:
      Did not match:
         - @ConditionalOnClass did not find required class 'com.couchbase.client.java.Bucket' (OnClassCondition)

   DataSourceAutoConfiguration:
      Did not match:
         - @ConditionalOnClass did not find required class 'org.springframework.jdbc.datasource.embedded.EmbeddedDatabaseType' (OnClassCondition)

   DataSourceInitializationConfiguration:
      Did not match:
         - @ConditionalOnClass did not find required class 'org.springframework.jdbc.datasource.init.DatabasePopulator' (OnClassCondition)

   DataSourceTransactionManagerAutoConfiguration:
      Did not match:
         - @ConditionalOnClass did not find required class 'org.springframework.jdbc.core.JdbcTemplate' (OnClassCondition)

   DispatcherServletAutoConfiguration.DispatcherServletConfiguration#multipartResolver:
      Did not match:
         - @ConditionalOnBean (types: org.springframework.web.multipart.MultipartResolver; SearchStrategy: all) did not find any beans of type org.springframework.web.multipart.MultipartResolver (OnBeanCondition)

   ElasticsearchClientAutoConfiguration:
      Did not match:
         - @ConditionalOnClass did not find required class 'co.elastic.clients.elasticsearch.ElasticsearchClient' (OnClassCondition)

   ElasticsearchDataAutoConfiguration:
      Did not match:
         - @ConditionalOnClass did not find required class 'org.springframework.data.elasticsearch.client.elc.ElasticsearchTemplate' (OnClassCondition)

   ElasticsearchRepositoriesAutoConfiguration:
      Did not match:
         - @ConditionalOnClass did not find required class 'org.springframework.data.elasticsearch.repository.ElasticsearchRepository' (OnClassCondition)

   ElasticsearchRestClientAutoConfiguration:
      Did not match:
         - @ConditionalOnClass did not find required class 'org.elasticsearch.client.RestClientBuilder' (OnClassCondition)

   EmbeddedLdapAutoConfiguration:
      Did not match:
         - @ConditionalOnClass did not find required class 'com.unboundid.ldap.listener.InMemoryDirectoryServer' (OnClassCondition)

   EmbeddedWebServerFactoryCustomizerAutoConfiguration:
      Did not match:
         - Application is deployed as a WAR file. (OnWarDeploymentCondition)
      Matched:
         - @ConditionalOnWebApplication (required) found 'session' scope (OnWebApplicationCondition)

   ErrorWebFluxAutoConfiguration:
      Did not match:
         - @ConditionalOnClass did not find required class 'org.springframework.web.reactive.config.WebFluxConfigurer' (OnClassCondition)

   FlywayAutoConfiguration:
      Did not match:
         - @ConditionalOnClass did not find required class 'org.flywaydb.core.Flyway' (OnClassCondition)

   FreeMarkerAutoConfiguration:
      Did not match:
         - @ConditionalOnClass did not find required class 'freemarker.template.Configuration' (OnClassCondition)

   GraphQlAutoConfiguration:
      Did not match:
         - @ConditionalOnClass did not find required class 'graphql.GraphQL' (OnClassCondition)

   GraphQlQueryByExampleAutoConfiguration:
      Did not match:
         - @ConditionalOnClass did not find required class 'graphql.GraphQL' (OnClassCondition)

   GraphQlQuerydslAutoConfiguration:
      Did not match:
         - @ConditionalOnClass did not find required class 'com.querydsl.core.Query' (OnClassCondition)

   GraphQlRSocketAutoConfiguration:
      Did not match:
         - @ConditionalOnClass did not find required class 'graphql.GraphQL' (OnClassCondition)

   GraphQlReactiveQueryByExampleAutoConfiguration:
      Did not match:
         - @ConditionalOnClass did not find required class 'graphql.GraphQL' (OnClassCondition)

   GraphQlReactiveQuerydslAutoConfiguration:
      Did not match:
         - @ConditionalOnClass did not find required class 'com.querydsl.core.Query' (OnClassCondition)

   GraphQlWebFluxAutoConfiguration:
      Did not match:
         - @ConditionalOnClass did not find required class 'graphql.GraphQL' (OnClassCondition)

   GraphQlWebFluxSecurityAutoConfiguration:
      Did not match:
         - @ConditionalOnClass did not find required class 'graphql.GraphQL' (OnClassCondition)

   GraphQlWebMvcAutoConfiguration:
      Did not match:
         - @ConditionalOnClass did not find required class 'graphql.GraphQL' (OnClassCondition)

   GraphQlWebMvcSecurityAutoConfiguration:
      Did not match:
         - @ConditionalOnClass did not find required class 'graphql.GraphQL' (OnClassCondition)

   GroovyTemplateAutoConfiguration:
      Did not match:
         - @ConditionalOnClass did not find required class 'groovy.text.markup.MarkupTemplateEngine' (OnClassCondition)

   GsonAutoConfiguration:
      Did not match:
         - @ConditionalOnClass did not find required class 'com.google.gson.Gson' (OnClassCondition)

   GsonHttpMessageConvertersConfiguration:
      Did not match:
         - @ConditionalOnClass did not find required class 'com.google.gson.Gson' (OnClassCondition)

   H2ConsoleAutoConfiguration:
      Did not match:
         - @ConditionalOnProperty (spring.h2.console.enabled=true) did not find property 'enabled' (OnPropertyCondition)
      Matched:
         - @ConditionalOnClass found required class 'org.h2.server.web.JakartaWebServlet' (OnClassCondition)
         - found 'session' scope (OnWebApplicationCondition)

   HazelcastAutoConfiguration:
      Did not match:
         - @ConditionalOnClass did not find required class 'com.hazelcast.core.HazelcastInstance' (OnClassCondition)

   HazelcastCacheConfiguration:
      Did not match:
         - @ConditionalOnClass did not find required class 'com.hazelcast.core.HazelcastInstance' (OnClassCondition)

   HazelcastJpaDependencyAutoConfiguration:
      Did not match:
         - @ConditionalOnClass did not find required class 'com.hazelcast.core.HazelcastInstance' (OnClassCondition)

   HibernateJpaAutoConfiguration:
      Did not match:
         - @ConditionalOnClass did not find required class 'jakarta.persistence.EntityManager' (OnClassCondition)

   HttpHandlerAutoConfiguration:
      Did not match:
         - @ConditionalOnClass did not find required class 'org.springframework.web.reactive.DispatcherHandler' (OnClassCondition)

   HypermediaAutoConfiguration:
      Did not match:
         - @ConditionalOnClass did not find required class 'org.springframework.hateoas.EntityModel' (OnClassCondition)

   InfinispanCacheConfiguration:
      Did not match:
         - @ConditionalOnClass did not find required class 'org.infinispan.spring.embedded.provider.SpringEmbeddedCacheManager' (OnClassCondition)

   InfluxDbAutoConfiguration:
      Did not match:
         - @ConditionalOnClass did not find required class 'org.influxdb.InfluxDB' (OnClassCondition)

   IntegrationAutoConfiguration:
      Did not match:
         - @ConditionalOnClass did not find required class 'org.springframework.integration.config.EnableIntegration' (OnClassCondition)

   JCacheCacheConfiguration:
      Did not match:
         - @ConditionalOnClass did not find required class 'javax.cache.Caching' (OnClassCondition)

   JacksonHttpMessageConvertersConfiguration.MappingJackson2XmlHttpMessageConverterConfiguration:
      Did not match:
         - @ConditionalOnClass did not find required class 'com.fasterxml.jackson.dataformat.xml.XmlMapper' (OnClassCondition)

   JdbcClientAutoConfiguration:
      Did not match:
         - @ConditionalOnSingleCandidate did not find required type 'org.springframework.jdbc.core.namedparam.NamedParameterJdbcTemplate' (OnBeanCondition)

   JdbcRepositoriesAutoConfiguration:
      Did not match:
         - @ConditionalOnClass did not find required class 'org.springframework.data.jdbc.repository.config.AbstractJdbcConfiguration' (OnClassCondition)

   JdbcTemplateAutoConfiguration:
      Did not match:
         - @ConditionalOnClass did not find required class 'org.springframework.jdbc.core.JdbcTemplate' (OnClassCondition)

   JerseyAutoConfiguration:
      Did not match:
         - @ConditionalOnClass did not find required class 'org.glassfish.jersey.server.spring.SpringComponentProvider' (OnClassCondition)

   JmsAutoConfiguration:
      Did not match:
         - @ConditionalOnClass did not find required class 'jakarta.jms.Message' (OnClassCondition)

   JmxAutoConfiguration:
      Did not match:
         - @ConditionalOnProperty (spring.jmx.enabled=true) found different value in property 'enabled' (OnPropertyCondition)
      Matched:
         - @ConditionalOnClass found required class 'org.springframework.jmx.export.MBeanExporter' (OnClassCondition)

   JndiConnectionFactoryAutoConfiguration:
      Did not match:
         - @ConditionalOnClass did not find required class 'org.springframework.jms.core.JmsTemplate' (OnClassCondition)

   JndiDataSourceAutoConfiguration:
      Did not match:
         - @ConditionalOnClass did not find required class 'org.springframework.jdbc.datasource.embedded.EmbeddedDatabaseType' (OnClassCondition)

   JooqAutoConfiguration:
      Did not match:
         - @ConditionalOnClass did not find required class 'org.jooq.DSLContext' (OnClassCondition)

   JpaRepositoriesAutoConfiguration:
      Did not match:
         - @ConditionalOnClass did not find required class 'org.springframework.data.jpa.repository.JpaRepository' (OnClassCondition)

   JsonbAutoConfiguration:
      Did not match:
         - @ConditionalOnClass did not find required class 'jakarta.json.bind.Jsonb' (OnClassCondition)

   JsonbHttpMessageConvertersConfiguration:
      Did not match:
         - @ConditionalOnClass did not find required class 'jakarta.json.bind.Jsonb' (OnClassCondition)

   JtaAutoConfiguration:
      Did not match:
         - @ConditionalOnClass did not find required class 'jakarta.transaction.Transaction' (OnClassCondition)

   KafkaAutoConfiguration:
      Did not match:
         - @ConditionalOnClass did not find required class 'org.springframework.kafka.core.KafkaTemplate' (OnClassCondition)

   LdapAutoConfiguration:
      Did not match:
         - @ConditionalOnClass did not find required class 'org.springframework.ldap.core.ContextSource' (OnClassCondition)

   LdapRepositoriesAutoConfiguration:
      Did not match:
         - @ConditionalOnClass did not find required class 'org.springframework.data.ldap.repository.LdapRepository' (OnClassCondition)

   LiquibaseAutoConfiguration:
      Did not match:
         - @ConditionalOnClass did not find required class 'liquibase.change.DatabaseChange' (OnClassCondition)

   MailSenderAutoConfiguration:
      Did not match:
         - @ConditionalOnClass did not find required class 'jakarta.mail.internet.MimeMessage' (OnClassCondition)

   MailSenderValidatorAutoConfiguration:
      Did not match:
         - @ConditionalOnSingleCandidate did not find required type 'org.springframework.mail.javamail.JavaMailSenderImpl' (OnBeanCondition)

   MessageSourceAutoConfiguration:
      Did not match:
         - ResourceBundle did not find bundle with basename messages (MessageSourceAutoConfiguration.ResourceBundleCondition)

   MockMvcAutoConfiguration#dispatcherServlet:
      Did not match:
         - @ConditionalOnMissingBean (types: org.springframework.web.servlet.DispatcherServlet; SearchStrategy: all) found beans of type 'org.springframework.web.servlet.DispatcherServlet' dispatcherServlet (OnBeanCondition)

   MockMvcAutoConfiguration#dispatcherServletPath:
      Did not match:
         - @ConditionalOnMissingBean (types: org.springframework.boot.autoconfigure.web.servlet.DispatcherServletPath; SearchStrategy: all) found beans of type 'org.springframework.boot.autoconfigure.web.servlet.DispatcherServletPath' dispatcherServletRegistration (OnBeanCondition)

   MockMvcAutoConfiguration.WebTestClientMockMvcConfiguration:
      Did not match:
         - @ConditionalOnClass did not find required class 'org.springframework.web.reactive.function.client.WebClient' (OnClassCondition)

   MockMvcSecurityConfiguration:
      Did not match:
         - @ConditionalOnClass did not find required class 'org.springframework.security.test.web.servlet.request.SecurityMockMvcRequestPostProcessors' (OnClassCondition)

   MockMvcWebClientAutoConfiguration:
      Did not match:
         - @ConditionalOnClass did not find required class 'com.gargoylesoftware.htmlunit.WebClient' (OnClassCondition)

   MockMvcWebDriverAutoConfiguration:
      Did not match:
         - @ConditionalOnClass did not find required class 'org.openqa.selenium.htmlunit.HtmlUnitDriver' (OnClassCondition)

   MongoDataAutoConfiguration#mongoConnectionDetails:
      Did not match:
         - @ConditionalOnMissingBean (types: org.springframework.boot.autoconfigure.mongo.MongoConnectionDetails; SearchStrategy: all) found beans of type 'org.springframework.boot.autoconfigure.mongo.MongoConnectionDetails' mongoConnectionDetails (OnBeanCondition)

   MongoReactiveAutoConfiguration#mongoConnectionDetails:
      Did not match:
         - @ConditionalOnMissingBean (types: org.springframework.boot.autoconfigure.mongo.MongoConnectionDetails; SearchStrategy: all) found beans of type 'org.springframework.boot.autoconfigure.mongo.MongoConnectionDetails' mongoConnectionDetails (OnBeanCondition)

   MongoReactiveAutoConfiguration.MongoClientSettingsConfiguration:
      Did not match:
         - @ConditionalOnMissingBean (types: com.mongodb.MongoClientSettings; SearchStrategy: all) found beans of type 'com.mongodb.MongoClientSettings' mongoClientSettings (OnBeanCondition)

   MongoReactiveAutoConfiguration.NettyDriverConfiguration:
      Did not match:
         - @ConditionalOnClass did not find required classes 'io.netty.channel.socket.SocketChannel', 'io.netty.channel.nio.NioEventLoopGroup' (OnClassCondition)

   MongoReactiveDataAutoConfiguration#mappingMongoConverter:
      Did not match:
         - @ConditionalOnMissingBean (types: org.springframework.data.mongodb.core.convert.MongoConverter; SearchStrategy: all) found beans of type 'org.springframework.data.mongodb.core.convert.MongoConverter' mappingMongoConverter (OnBeanCondition)

   MustacheAutoConfiguration:
      Did not match:
         - @ConditionalOnClass did not find required class 'com.samskivert.mustache.Mustache' (OnClassCondition)

   Neo4jAutoConfiguration:
      Did not match:
         - @ConditionalOnClass did not find required class 'org.neo4j.driver.Driver' (OnClassCondition)

   Neo4jDataAutoConfiguration:
      Did not match:
         - @ConditionalOnClass did not find required class 'org.neo4j.driver.Driver' (OnClassCondition)

   Neo4jReactiveDataAutoConfiguration:
      Did not match:
         - @ConditionalOnClass did not find required class 'org.neo4j.driver.Driver' (OnClassCondition)

   Neo4jReactiveRepositoriesAutoConfiguration:
      Did not match:
         - @ConditionalOnClass did not find required class 'org.neo4j.driver.Driver' (OnClassCondition)

   Neo4jRepositoriesAutoConfiguration:
      Did not match:
         - @ConditionalOnClass did not find required class 'org.neo4j.driver.Driver' (OnClassCondition)

   NettyAutoConfiguration:
      Did not match:
         - @ConditionalOnClass did not find required class 'io.netty.util.NettyRuntime' (OnClassCondition)

   OAuth2AuthorizationServerAutoConfiguration:
      Did not match:
         - @ConditionalOnClass did not find required class 'org.springframework.security.oauth2.server.authorization.OAuth2Authorization' (OnClassCondition)

   OAuth2AuthorizationServerJwtAutoConfiguration:
      Did not match:
         - @ConditionalOnClass did not find required class 'org.springframework.security.oauth2.server.authorization.OAuth2Authorization' (OnClassCondition)

   OAuth2ClientAutoConfiguration:
      Did not match:
         - @ConditionalOnClass did not find required class 'org.springframework.security.oauth2.client.registration.ClientRegistration' (OnClassCondition)

   OAuth2ResourceServerAutoConfiguration:
      Did not match:
         - @ConditionalOnClass did not find required class 'org.springframework.security.oauth2.server.resource.authentication.BearerTokenAuthenticationToken' (OnClassCondition)

   ProjectInfoAutoConfiguration#buildProperties:
      Did not match:
         - @ConditionalOnResource did not find resource '${spring.info.build.location:classpath:META-INF/build-info.properties}' (OnResourceCondition)

   ProjectInfoAutoConfiguration#gitProperties:
      Did not match:
         - GitResource did not find git info at classpath:git.properties (ProjectInfoAutoConfiguration.GitResourceAvailableCondition)

   PulsarAutoConfiguration:
      Did not match:
         - @ConditionalOnClass did not find required class 'org.apache.pulsar.client.api.PulsarClient' (OnClassCondition)

   PulsarReactiveAutoConfiguration:
      Did not match:
         - @ConditionalOnClass did not find required class 'org.apache.pulsar.client.api.PulsarClient' (OnClassCondition)

   QuartzAutoConfiguration:
      Did not match:
         - @ConditionalOnClass did not find required class 'org.quartz.Scheduler' (OnClassCondition)

   R2dbcAutoConfiguration:
      Did not match:
         - @ConditionalOnClass did not find required class 'io.r2dbc.spi.ConnectionFactory' (OnClassCondition)

   R2dbcDataAutoConfiguration:
      Did not match:
         - @ConditionalOnClass did not find required class 'org.springframework.data.r2dbc.core.R2dbcEntityTemplate' (OnClassCondition)

   R2dbcInitializationConfiguration:
      Did not match:
         - @ConditionalOnClass did not find required classes 'io.r2dbc.spi.ConnectionFactory', 'org.springframework.r2dbc.connection.init.DatabasePopulator' (OnClassCondition)

   R2dbcRepositoriesAutoConfiguration:
      Did not match:
         - @ConditionalOnClass did not find required class 'io.r2dbc.spi.ConnectionFactory' (OnClassCondition)

   R2dbcTransactionManagerAutoConfiguration:
      Did not match:
         - @ConditionalOnClass did not find required class 'org.springframework.r2dbc.connection.R2dbcTransactionManager' (OnClassCondition)

   RSocketGraphQlClientAutoConfiguration:
      Did not match:
         - @ConditionalOnClass did not find required class 'graphql.GraphQL' (OnClassCondition)

   RSocketMessagingAutoConfiguration:
      Did not match:
         - @ConditionalOnClass did not find required class 'io.rsocket.RSocket' (OnClassCondition)

   RSocketRequesterAutoConfiguration:
      Did not match:
         - @ConditionalOnClass did not find required class 'io.rsocket.RSocket' (OnClassCondition)

   RSocketSecurityAutoConfiguration:
      Did not match:
         - @ConditionalOnClass did not find required class 'org.springframework.security.rsocket.core.SecuritySocketAcceptorInterceptor' (OnClassCondition)

   RSocketServerAutoConfiguration:
      Did not match:
         - @ConditionalOnClass did not find required class 'io.rsocket.core.RSocketServer' (OnClassCondition)

   RSocketStrategiesAutoConfiguration:
      Did not match:
         - @ConditionalOnClass did not find required class 'io.netty.buffer.PooledByteBufAllocator' (OnClassCondition)

   RabbitAutoConfiguration:
      Did not match:
         - @ConditionalOnClass did not find required class 'com.rabbitmq.client.Channel' (OnClassCondition)

   ReactiveElasticsearchClientAutoConfiguration:
      Did not match:
         - @ConditionalOnClass did not find required class 'co.elastic.clients.transport.ElasticsearchTransport' (OnClassCondition)

   ReactiveElasticsearchRepositoriesAutoConfiguration:
      Did not match:
         - @ConditionalOnClass did not find required class 'org.springframework.data.elasticsearch.client.elc.ReactiveElasticsearchClient' (OnClassCondition)

   ReactiveMultipartAutoConfiguration:
      Did not match:
         - @ConditionalOnClass did not find required class 'org.springframework.web.reactive.config.WebFluxConfigurer' (OnClassCondition)

   ReactiveOAuth2ClientAutoConfiguration:
      Did not match:
         - @ConditionalOnClass did not find required class 'org.springframework.security.oauth2.client.registration.ClientRegistration' (OnClassCondition)

   ReactiveOAuth2ResourceServerAutoConfiguration:
      Did not match:
         - @ConditionalOnWebApplication did not find reactive web application classes (OnWebApplicationCondition)

   ReactiveSecurityAutoConfiguration:
      Did not match:
         - @ConditionalOnClass did not find required class 'org.springframework.web.reactive.config.WebFluxConfigurer' (OnClassCondition)

   ReactiveUserDetailsServiceAutoConfiguration:
      Did not match:
         - AnyNestedCondition 0 matched 2 did not; NestedCondition on ReactiveUserDetailsServiceAutoConfiguration.ReactiveUserDetailsServiceCondition.ReactiveWebApplicationCondition did not find reactive web application classes; NestedCondition on ReactiveUserDetailsServiceAutoConfiguration.ReactiveUserDetailsServiceCondition.RSocketSecurityEnabledCondition @ConditionalOnBean (types: org.springframework.messaging.rsocket.annotation.support.RSocketMessageHandler; SearchStrategy: all) did not find any beans of type org.springframework.messaging.rsocket.annotation.support.RSocketMessageHandler (ReactiveUserDetailsServiceAutoConfiguration.ReactiveUserDetailsServiceCondition)
      Matched:
         - @ConditionalOnClass found required class 'org.springframework.security.authentication.ReactiveAuthenticationManager'; @ConditionalOnMissingClass did not find unwanted classes 'org.springframework.security.oauth2.client.registration.ClientRegistrationRepository', 'org.springframework.security.oauth2.server.resource.introspection.ReactiveOpaqueTokenIntrospector' (OnClassCondition)

   ReactiveWebServerFactoryAutoConfiguration:
      Did not match:
         - @ConditionalOnWebApplication did not find reactive web application classes (OnWebApplicationCondition)

   RedisAutoConfiguration:
      Did not match:
         - @ConditionalOnClass did not find required class 'org.springframework.data.redis.core.RedisOperations' (OnClassCondition)

   RedisCacheConfiguration:
      Did not match:
         - @ConditionalOnClass did not find required class 'org.springframework.data.redis.connection.RedisConnectionFactory' (OnClassCondition)

   RedisReactiveAutoConfiguration:
      Did not match:
         - @ConditionalOnClass did not find required class 'org.springframework.data.redis.connection.ReactiveRedisConnectionFactory' (OnClassCondition)

   RedisRepositoriesAutoConfiguration:
      Did not match:
         - @ConditionalOnClass did not find required class 'org.springframework.data.redis.repository.configuration.EnableRedisRepositories' (OnClassCondition)

   RepositoryRestMvcAutoConfiguration:
      Did not match:
         - @ConditionalOnClass did not find required class 'org.springframework.data.rest.webmvc.config.RepositoryRestMvcConfiguration' (OnClassCondition)

   Saml2RelyingPartyAutoConfiguration:
      Did not match:
         - @ConditionalOnClass did not find required class 'org.springframework.security.saml2.provider.service.registration.RelyingPartyRegistrationRepository' (OnClassCondition)

   SecurityDataConfiguration:
      Did not match:
         - @ConditionalOnClass did not find required class 'org.springframework.security.data.repository.query.SecurityEvaluationContextExtension' (OnClassCondition)

   SendGridAutoConfiguration:
      Did not match:
         - @ConditionalOnClass did not find required class 'com.sendgrid.SendGrid' (OnClassCondition)

   ServletWebServerFactoryAutoConfiguration.ForwardedHeaderFilterConfiguration:
      Did not match:
         - @ConditionalOnProperty (server.forward-headers-strategy=framework) did not find property 'server.forward-headers-strategy' (OnPropertyCondition)

   ServletWebServerFactoryConfiguration.EmbeddedJetty:
      Did not match:
         - @ConditionalOnClass did not find required classes 'org.eclipse.jetty.server.Server', 'org.eclipse.jetty.util.Loader', 'org.eclipse.jetty.ee10.webapp.WebAppContext' (OnClassCondition)

   ServletWebServerFactoryConfiguration.EmbeddedUndertow:
      Did not match:
         - @ConditionalOnClass did not find required classes 'io.undertow.Undertow', 'org.xnio.SslClientAuthMode' (OnClassCondition)

   SessionAutoConfiguration:
      Did not match:
         - @ConditionalOnClass did not find required class 'org.springframework.session.Session' (OnClassCondition)

   SpringApplicationAdminJmxAutoConfiguration:
      Did not match:
         - @ConditionalOnProperty (spring.application.admin.enabled=true) did not find property 'enabled' (OnPropertyCondition)

   SpringBootWebSecurityConfiguration.SecurityFilterChainConfiguration:
      Did not match:
         - AllNestedConditions 1 matched 1 did not; NestedCondition on DefaultWebSecurityCondition.Beans @ConditionalOnMissingBean (types: org.springframework.security.web.SecurityFilterChain; SearchStrategy: all) found beans of type 'org.springframework.security.web.SecurityFilterChain' securityFilterChain; NestedCondition on DefaultWebSecurityCondition.Classes @ConditionalOnClass found required classes 'org.springframework.security.web.SecurityFilterChain', 'org.springframework.security.config.annotation.web.builders.HttpSecurity' (DefaultWebSecurityCondition)

   SpringBootWebSecurityConfiguration.WebSecurityEnablerConfiguration:
      Did not match:
         - @ConditionalOnMissingBean (names: springSecurityFilterChain; SearchStrategy: all) found beans named springSecurityFilterChain (OnBeanCondition)
      Matched:
         - @ConditionalOnClass found required class 'org.springframework.security.config.annotation.web.configuration.EnableWebSecurity' (OnClassCondition)

   TaskExecutorConfigurations.SimpleAsyncTaskExecutorBuilderConfiguration#simpleAsyncTaskExecutorBuilderVirtualThreads:
      Did not match:
         - @ConditionalOnMissingBean (types: org.springframework.boot.task.SimpleAsyncTaskExecutorBuilder; SearchStrategy: all) found beans of type 'org.springframework.boot.task.SimpleAsyncTaskExecutorBuilder' simpleAsyncTaskExecutorBuilder (OnBeanCondition)

   TaskExecutorConfigurations.TaskExecutorConfiguration#applicationTaskExecutorVirtualThreads:
      Did not match:
         - @ConditionalOnThreading did not find VIRTUAL (OnThreadingCondition)

   TaskSchedulingConfigurations.SimpleAsyncTaskSchedulerBuilderConfiguration#simpleAsyncTaskSchedulerBuilderVirtualThreads:
      Did not match:
         - @ConditionalOnMissingBean (types: org.springframework.boot.task.SimpleAsyncTaskSchedulerBuilder; SearchStrategy: all) found beans of type 'org.springframework.boot.task.SimpleAsyncTaskSchedulerBuilder' simpleAsyncTaskSchedulerBuilder (OnBeanCondition)

   TaskSchedulingConfigurations.TaskSchedulerConfiguration#taskSchedulerVirtualThreads:
      Did not match:
         - @ConditionalOnThreading did not find VIRTUAL (OnThreadingCondition)

   ThymeleafAutoConfiguration:
      Did not match:
         - @ConditionalOnClass did not find required class 'org.thymeleaf.spring6.SpringTemplateEngine' (OnClassCondition)

   TransactionAutoConfiguration#transactionalOperator:
      Did not match:
         - @ConditionalOnSingleCandidate (types: org.springframework.transaction.ReactiveTransactionManager; SearchStrategy: all) did not find any beans (OnBeanCondition)

   TransactionAutoConfiguration.AspectJTransactionManagementConfiguration:
      Did not match:
         - @ConditionalOnBean did not find required type 'org.springframework.transaction.aspectj.AbstractTransactionAspect' (OnBeanCondition)
         - @ConditionalOnBean (types: org.springframework.transaction.aspectj.AbstractTransactionAspect; SearchStrategy: all) did not find any beans of type org.springframework.transaction.aspectj.AbstractTransactionAspect (OnBeanCondition)

   TransactionAutoConfiguration.EnableTransactionManagementConfiguration:
      Did not match:
         - @ConditionalOnBean (types: org.springframework.transaction.TransactionManager; SearchStrategy: all) did not find any beans of type org.springframework.transaction.TransactionManager (OnBeanCondition)

   TransactionAutoConfiguration.EnableTransactionManagementConfiguration.CglibAutoProxyConfiguration:
      Did not match:
         - Ancestor org.springframework.boot.autoconfigure.transaction.TransactionAutoConfiguration$EnableTransactionManagementConfiguration did not match (ConditionEvaluationReport.AncestorsMatchedCondition)
      Matched:
         - @ConditionalOnProperty (spring.aop.proxy-target-class=true) matched (OnPropertyCondition)

   TransactionAutoConfiguration.EnableTransactionManagementConfiguration.JdkDynamicAutoProxyConfiguration:
      Did not match:
         - @ConditionalOnProperty (spring.aop.proxy-target-class=false) did not find property 'proxy-target-class' (OnPropertyCondition)
         - Ancestor org.springframework.boot.autoconfigure.transaction.TransactionAutoConfiguration$EnableTransactionManagementConfiguration did not match (ConditionEvaluationReport.AncestorsMatchedCondition)

   TransactionAutoConfiguration.TransactionTemplateConfiguration:
      Did not match:
         - @ConditionalOnSingleCandidate (types: org.springframework.transaction.PlatformTransactionManager; SearchStrategy: all) did not find any beans (OnBeanCondition)

   UserDetailsServiceAutoConfiguration:
      Did not match:
         - @ConditionalOnMissingBean (types: org.springframework.security.authentication.AuthenticationManager,org.springframework.security.authentication.AuthenticationProvider,org.springframework.security.core.userdetails.UserDetailsService,org.springframework.security.authentication.AuthenticationManagerResolver,org.springframework.security.oauth2.jwt.JwtDecoder; SearchStrategy: all) found beans of type 'org.springframework.security.authentication.AuthenticationManager' authenticationManager and found beans of type 'org.springframework.security.core.userdetails.UserDetailsService' clerkDetailsServiceImp (OnBeanCondition)
      Matched:
         - @ConditionalOnClass found required class 'org.springframework.security.authentication.AuthenticationManager'; @ConditionalOnMissingClass did not find unwanted classes 'org.springframework.security.oauth2.client.registration.ClientRegistrationRepository', 'org.springframework.security.oauth2.server.resource.introspection.OpaqueTokenIntrospector', 'org.springframework.security.saml2.provider.service.registration.RelyingPartyRegistrationRepository' (OnClassCondition)

   ValidationAutoConfiguration:
      Did not match:
         - @ConditionalOnClass did not find required class 'jakarta.validation.executable.ExecutableValidator' (OnClassCondition)

   WebClientAutoConfiguration:
      Did not match:
         - @ConditionalOnClass did not find required class 'org.springframework.web.reactive.function.client.WebClient' (OnClassCondition)

   WebFluxAutoConfiguration:
      Did not match:
         - @ConditionalOnClass did not find required class 'org.springframework.web.reactive.config.WebFluxConfigurer' (OnClassCondition)

   WebMvcAutoConfiguration#hiddenHttpMethodFilter:
      Did not match:
         - @ConditionalOnProperty (spring.mvc.hiddenmethod.filter.enabled) did not find property 'enabled' (OnPropertyCondition)

   WebMvcAutoConfiguration.ProblemDetailsErrorHandlingConfiguration:
      Did not match:
         - @ConditionalOnProperty (spring.mvc.problemdetails.enabled=true) did not find property 'enabled' (OnPropertyCondition)

   WebMvcAutoConfiguration.ResourceChainCustomizerConfiguration:
      Did not match:
         - @ConditionalOnEnabledResourceChain did not find class org.webjars.WebJarAssetLocator (OnEnabledResourceChainCondition)

   WebMvcAutoConfiguration.WebMvcAutoConfigurationAdapter#beanNameViewResolver:
      Did not match:
         - @ConditionalOnMissingBean (types: org.springframework.web.servlet.view.BeanNameViewResolver; SearchStrategy: all) found beans of type 'org.springframework.web.servlet.view.BeanNameViewResolver' beanNameViewResolver (OnBeanCondition)

   WebServiceTemplateAutoConfiguration:
      Did not match:
         - @ConditionalOnClass did not find required class 'org.springframework.oxm.Marshaller' (OnClassCondition)

   WebServicesAutoConfiguration:
      Did not match:
         - @ConditionalOnClass did not find required class 'org.springframework.ws.transport.http.MessageDispatcherServlet' (OnClassCondition)

   WebSessionIdResolverAutoConfiguration:
      Did not match:
         - @ConditionalOnWebApplication did not find reactive web application classes (OnWebApplicationCondition)

   WebSocketMessagingAutoConfiguration:
      Did not match:
         - @ConditionalOnClass did not find required class 'org.springframework.web.socket.config.annotation.WebSocketMessageBrokerConfigurer' (OnClassCondition)

   WebSocketReactiveAutoConfiguration:
      Did not match:
         - @ConditionalOnWebApplication did not find reactive web application classes (OnWebApplicationCondition)

   WebSocketServletAutoConfiguration.JettyWebSocketConfiguration:
      Did not match:
         - @ConditionalOnClass did not find required class 'org.eclipse.jetty.ee10.websocket.jakarta.server.config.JakartaWebSocketServletContainerInitializer' (OnClassCondition)

   WebSocketServletAutoConfiguration.UndertowWebSocketConfiguration:
      Did not match:
         - @ConditionalOnClass did not find required class 'io.undertow.websockets.jsr.Bootstrap' (OnClassCondition)

   WebTestClientAutoConfiguration:
      Did not match:
         - @ConditionalOnClass did not find required class 'org.springframework.web.reactive.function.client.WebClient' (OnClassCondition)

   XADataSourceAutoConfiguration:
      Did not match:
         - @ConditionalOnClass did not find required class 'jakarta.transaction.TransactionManager' (OnClassCondition)


Exclusions:
-----------

    None


Unconditional classes:
----------------------

    org.springframework.boot.autoconfigure.context.ConfigurationPropertiesAutoConfiguration

    org.springframework.boot.autoconfigure.ssl.SslAutoConfiguration

    org.springframework.boot.autoconfigure.context.LifecycleAutoConfiguration

    org.springframework.boot.autoconfigure.context.PropertyPlaceholderAutoConfiguration

    org.springframework.boot.autoconfigure.availability.ApplicationAvailabilityAutoConfiguration

    org.springframework.boot.autoconfigure.info.ProjectInfoAutoConfiguration



[INFO] Started RapidEye360UnitTests in 0.598 seconds (process running for 14.155)
[DEBUG] Application availability state LivenessState changed to CORRECT
[DEBUG] Application availability state ReadinessState changed to ACCEPTING_TRAFFIC
[DEBUG] Spring test ApplicationContext cache statistics: [DefaultContextCache@6b04689e size = 2, maxSize = 32, parentContextCount = 0, hitCount = 273, missCount = 2, failureCount = 0]
[DEBUG] Setting up MockHttpServletRequest, MockHttpServletResponse, ServletWebRequest, and RequestContextHolder for test class com.example.RapidEYE360.RapidEye360UnitTests
[INFO] Adding discovered server ac-zihlkns-shard-00-02.hwak4ul.mongodb.net:27017 to client view of cluster
[DEBUG] Connection pool created for ac-zihlkns-shard-00-02.hwak4ul.mongodb.net:27017 using options maxIdleTimeMS=0, minPoolSize=0, maxPoolSize=100, maxConnecting=2, waitQueueTimeoutMS=120000
[INFO] Adding discovered server ac-zihlkns-shard-00-01.hwak4ul.mongodb.net:27017 to client view of cluster
[DEBUG] Connection pool created for ac-zihlkns-shard-00-01.hwak4ul.mongodb.net:27017 using options maxIdleTimeMS=0, minPoolSize=0, maxPoolSize=100, maxConnecting=2, waitQueueTimeoutMS=120000
[INFO] Adding discovered server ac-zihlkns-shard-00-00.hwak4ul.mongodb.net:27017 to client view of cluster
[DEBUG] Connection pool created for ac-zihlkns-shard-00-00.hwak4ul.mongodb.net:27017 using options maxIdleTimeMS=0, minPoolSize=0, maxPoolSize=100, maxConnecting=2, waitQueueTimeoutMS=120000
[DEBUG] Updating cluster description to  {type=REPLICA_SET, servers=[{address=ac-zihlkns-shard-00-00.hwak4ul.mongodb.net:27017, type=UNKNOWN, state=CONNECTING}, {address=ac-zihlkns-shard-00-02.hwak4ul.mongodb.net:27017, type=UNKNOWN, state=CONNECTING}, {address=ac-zihlkns-shard-00-01.hwak4ul.mongodb.net:27017, type=UNKNOWN, state=CONNECTING}]
[INFO] Monitor thread successfully connected to server with description ServerDescription{address=ac-zihlkns-shard-00-00.hwak4ul.mongodb.net:27017, type=REPLICA_SET_SECONDARY, state=CONNECTED, ok=true, minWireVersion=0, maxWireVersion=21, maxDocumentSize=16777216, logicalSessionTimeoutMinutes=30, roundTripTimeNanos=166058700, setName='atlas-uuawkl-shard-0', canonicalAddress=ac-zihlkns-shard-00-00.hwak4ul.mongodb.net:27017, hosts=[ac-zihlkns-shard-00-00.hwak4ul.mongodb.net:27017, ac-zihlkns-shard-00-01.hwak4ul.mongodb.net:27017, ac-zihlkns-shard-00-02.hwak4ul.mongodb.net:27017], passives=[], arbiters=[], primary='ac-zihlkns-shard-00-02.hwak4ul.mongodb.net:27017', tagSet=TagSet{[Tag{name='availabilityZone', value='usw2-az1'}, Tag{name='diskState', value='READY'}, Tag{name='nodeType', value='ELECTABLE'}, Tag{name='provider', value='AWS'}, Tag{name='region', value='US_WEST_2'}, Tag{name='workloadType', value='OPERATIONAL'}]}, electionId=null, setVersion=1, topologyVersion=TopologyVersion{processId=6607208fe2e85b4967a5455b, counter=4}, lastWriteDate=Fri Apr 05 01:48:58 EDT 2024, lastUpdateTimeNanos=691300479907500}
[DEBUG] Connection pool ready for ac-zihlkns-shard-00-00.hwak4ul.mongodb.net:27017
[DEBUG] Updating cluster description to  {type=REPLICA_SET, servers=[{address=ac-zihlkns-shard-00-00.hwak4ul.mongodb.net:27017, type=REPLICA_SET_SECONDARY, TagSet{[Tag{name='availabilityZone', value='usw2-az1'}, Tag{name='diskState', value='READY'}, Tag{name='nodeType', value='ELECTABLE'}, Tag{name='provider', value='AWS'}, Tag{name='region', value='US_WEST_2'}, Tag{name='workloadType', value='OPERATIONAL'}]}, roundTripTime=166.1 ms, state=CONNECTED}, {address=ac-zihlkns-shard-00-02.hwak4ul.mongodb.net:27017, type=UNKNOWN, state=CONNECTING}, {address=ac-zihlkns-shard-00-01.hwak4ul.mongodb.net:27017, type=UNKNOWN, state=CONNECTING}]
[DEBUG] Checking status of ac-zihlkns-shard-00-00.hwak4ul.mongodb.net:27017
[INFO] Monitor thread successfully connected to server with description ServerDescription{address=ac-zihlkns-shard-00-01.hwak4ul.mongodb.net:27017, type=REPLICA_SET_SECONDARY, state=CONNECTED, ok=true, minWireVersion=0, maxWireVersion=21, maxDocumentSize=16777216, logicalSessionTimeoutMinutes=30, roundTripTimeNanos=167700000, setName='atlas-uuawkl-shard-0', canonicalAddress=ac-zihlkns-shard-00-01.hwak4ul.mongodb.net:27017, hosts=[ac-zihlkns-shard-00-00.hwak4ul.mongodb.net:27017, ac-zihlkns-shard-00-01.hwak4ul.mongodb.net:27017, ac-zihlkns-shard-00-02.hwak4ul.mongodb.net:27017], passives=[], arbiters=[], primary='ac-zihlkns-shard-00-02.hwak4ul.mongodb.net:27017', tagSet=TagSet{[Tag{name='availabilityZone', value='usw2-az2'}, Tag{name='diskState', value='READY'}, Tag{name='nodeType', value='ELECTABLE'}, Tag{name='provider', value='AWS'}, Tag{name='region', value='US_WEST_2'}, Tag{name='workloadType', value='OPERATIONAL'}]}, electionId=null, setVersion=1, topologyVersion=TopologyVersion{processId=6607236b56e0923520fb9331, counter=3}, lastWriteDate=Fri Apr 05 01:48:58 EDT 2024, lastUpdateTimeNanos=691300481503700}
[DEBUG] Connection pool ready for ac-zihlkns-shard-00-01.hwak4ul.mongodb.net:27017
[DEBUG] Updating cluster description to  {type=REPLICA_SET, servers=[{address=ac-zihlkns-shard-00-00.hwak4ul.mongodb.net:27017, type=REPLICA_SET_SECONDARY, TagSet{[Tag{name='availabilityZone', value='usw2-az1'}, Tag{name='diskState', value='READY'}, Tag{name='nodeType', value='ELECTABLE'}, Tag{name='provider', value='AWS'}, Tag{name='region', value='US_WEST_2'}, Tag{name='workloadType', value='OPERATIONAL'}]}, roundTripTime=166.1 ms, state=CONNECTED}, {address=ac-zihlkns-shard-00-02.hwak4ul.mongodb.net:27017, type=UNKNOWN, state=CONNECTING}, {address=ac-zihlkns-shard-00-01.hwak4ul.mongodb.net:27017, type=REPLICA_SET_SECONDARY, TagSet{[Tag{name='availabilityZone', value='usw2-az2'}, Tag{name='diskState', value='READY'}, Tag{name='nodeType', value='ELECTABLE'}, Tag{name='provider', value='AWS'}, Tag{name='region', value='US_WEST_2'}, Tag{name='workloadType', value='OPERATIONAL'}]}, roundTripTime=167.7 ms, state=CONNECTED}]
[DEBUG] Checking status of ac-zihlkns-shard-00-01.hwak4ul.mongodb.net:27017
[INFO] Monitor thread successfully connected to server with description ServerDescription{address=ac-zihlkns-shard-00-02.hwak4ul.mongodb.net:27017, type=REPLICA_SET_PRIMARY, state=CONNECTED, ok=true, minWireVersion=0, maxWireVersion=21, maxDocumentSize=16777216, logicalSessionTimeoutMinutes=30, roundTripTimeNanos=225322200, setName='atlas-uuawkl-shard-0', canonicalAddress=ac-zihlkns-shard-00-02.hwak4ul.mongodb.net:27017, hosts=[ac-zihlkns-shard-00-00.hwak4ul.mongodb.net:27017, ac-zihlkns-shard-00-01.hwak4ul.mongodb.net:27017, ac-zihlkns-shard-00-02.hwak4ul.mongodb.net:27017], passives=[], arbiters=[], primary='ac-zihlkns-shard-00-02.hwak4ul.mongodb.net:27017', tagSet=TagSet{[Tag{name='availabilityZone', value='usw2-az3'}, Tag{name='diskState', value='READY'}, Tag{name='nodeType', value='ELECTABLE'}, Tag{name='provider', value='AWS'}, Tag{name='region', value='US_WEST_2'}, Tag{name='workloadType', value='OPERATIONAL'}]}, electionId=7fffffff000000000000000b, setVersion=1, topologyVersion=TopologyVersion{processId=6607224eb10b6d6460abbf8a, counter=6}, lastWriteDate=Fri Apr 05 01:48:58 EDT 2024, lastUpdateTimeNanos=691300532873200}
[DEBUG] Connection pool ready for ac-zihlkns-shard-00-02.hwak4ul.mongodb.net:27017
[INFO] Discovered replica set primary ac-zihlkns-shard-00-02.hwak4ul.mongodb.net:27017 with max election id 7fffffff000000000000000b and max set version 1
[DEBUG] Updating cluster description to  {type=REPLICA_SET, servers=[{address=ac-zihlkns-shard-00-00.hwak4ul.mongodb.net:27017, type=REPLICA_SET_SECONDARY, TagSet{[Tag{name='availabilityZone', value='usw2-az1'}, Tag{name='diskState', value='READY'}, Tag{name='nodeType', value='ELECTABLE'}, Tag{name='provider', value='AWS'}, Tag{name='region', value='US_WEST_2'}, Tag{name='workloadType', value='OPERATIONAL'}]}, roundTripTime=166.1 ms, state=CONNECTED}, {address=ac-zihlkns-shard-00-02.hwak4ul.mongodb.net:27017, type=REPLICA_SET_PRIMARY, TagSet{[Tag{name='availabilityZone', value='usw2-az3'}, Tag{name='diskState', value='READY'}, Tag{name='nodeType', value='ELECTABLE'}, Tag{name='provider', value='AWS'}, Tag{name='region', value='US_WEST_2'}, Tag{name='workloadType', value='OPERATIONAL'}]}, roundTripTime=225.3 ms, state=CONNECTED}, {address=ac-zihlkns-shard-00-01.hwak4ul.mongodb.net:27017, type=REPLICA_SET_SECONDARY, TagSet{[Tag{name='availabilityZone', value='usw2-az2'}, Tag{name='diskState', value='READY'}, Tag{name='nodeType', value='ELECTABLE'}, Tag{name='provider', value='AWS'}, Tag{name='region', value='US_WEST_2'}, Tag{name='workloadType', value='OPERATIONAL'}]}, roundTripTime=167.7 ms, state=CONNECTED}]
[DEBUG] Checking status of ac-zihlkns-shard-00-02.hwak4ul.mongodb.net:27017
[DEBUG] Performing dependency injection for test class com.example.RapidEYE360.RapidEye360UnitTests
[DEBUG] Spring test ApplicationContext cache statistics: [DefaultContextCache@6b04689e size = 2, maxSize = 32, parentContextCount = 0, hitCount = 274, missCount = 2, failureCount = 0]
[DEBUG] Spring test ApplicationContext cache statistics: [DefaultContextCache@6b04689e size = 2, maxSize = 32, parentContextCount = 0, hitCount = 275, missCount = 2, failureCount = 0]
[INFO] Monitor thread successfully connected to server with description ServerDescription{address=ac-zihlkns-shard-00-00.hwak4ul.mongodb.net:27017, type=REPLICA_SET_SECONDARY, state=CONNECTED, ok=true, minWireVersion=0, maxWireVersion=21, maxDocumentSize=16777216, logicalSessionTimeoutMinutes=30, roundTripTimeNanos=181625900, setName='atlas-uuawkl-shard-0', canonicalAddress=ac-zihlkns-shard-00-00.hwak4ul.mongodb.net:27017, hosts=[ac-zihlkns-shard-00-00.hwak4ul.mongodb.net:27017, ac-zihlkns-shard-00-01.hwak4ul.mongodb.net:27017, ac-zihlkns-shard-00-02.hwak4ul.mongodb.net:27017], passives=[], arbiters=[], primary='ac-zihlkns-shard-00-02.hwak4ul.mongodb.net:27017', tagSet=TagSet{[Tag{name='availabilityZone', value='usw2-az1'}, Tag{name='diskState', value='READY'}, Tag{name='nodeType', value='ELECTABLE'}, Tag{name='provider', value='AWS'}, Tag{name='region', value='US_WEST_2'}, Tag{name='workloadType', value='OPERATIONAL'}]}, electionId=null, setVersion=1, topologyVersion=TopologyVersion{processId=6607208fe2e85b4967a5455b, counter=4}, lastWriteDate=Fri Apr 05 01:48:58 EDT 2024, lastUpdateTimeNanos=691300748375700}
[DEBUG] Connection pool ready for ac-zihlkns-shard-00-00.hwak4ul.mongodb.net:27017
[DEBUG] Updating cluster description to  {type=REPLICA_SET, servers=[{address=ac-zihlkns-shard-00-00.hwak4ul.mongodb.net:27017, type=REPLICA_SET_SECONDARY, TagSet{[Tag{name='availabilityZone', value='usw2-az1'}, Tag{name='diskState', value='READY'}, Tag{name='nodeType', value='ELECTABLE'}, Tag{name='provider', value='AWS'}, Tag{name='region', value='US_WEST_2'}, Tag{name='workloadType', value='OPERATIONAL'}]}, roundTripTime=181.6 ms, state=CONNECTED}, {address=ac-zihlkns-shard-00-02.hwak4ul.mongodb.net:27017, type=UNKNOWN, state=CONNECTING}, {address=ac-zihlkns-shard-00-01.hwak4ul.mongodb.net:27017, type=UNKNOWN, state=CONNECTING}]
[DEBUG] Checking status of ac-zihlkns-shard-00-00.hwak4ul.mongodb.net:27017
[INFO] Monitor thread successfully connected to server with description ServerDescription{address=ac-zihlkns-shard-00-02.hwak4ul.mongodb.net:27017, type=REPLICA_SET_PRIMARY, state=CONNECTED, ok=true, minWireVersion=0, maxWireVersion=21, maxDocumentSize=16777216, logicalSessionTimeoutMinutes=30, roundTripTimeNanos=184692300, setName='atlas-uuawkl-shard-0', canonicalAddress=ac-zihlkns-shard-00-02.hwak4ul.mongodb.net:27017, hosts=[ac-zihlkns-shard-00-00.hwak4ul.mongodb.net:27017, ac-zihlkns-shard-00-01.hwak4ul.mongodb.net:27017, ac-zihlkns-shard-00-02.hwak4ul.mongodb.net:27017], passives=[], arbiters=[], primary='ac-zihlkns-shard-00-02.hwak4ul.mongodb.net:27017', tagSet=TagSet{[Tag{name='availabilityZone', value='usw2-az3'}, Tag{name='diskState', value='READY'}, Tag{name='nodeType', value='ELECTABLE'}, Tag{name='provider', value='AWS'}, Tag{name='region', value='US_WEST_2'}, Tag{name='workloadType', value='OPERATIONAL'}]}, electionId=7fffffff000000000000000b, setVersion=1, topologyVersion=TopologyVersion{processId=6607224eb10b6d6460abbf8a, counter=6}, lastWriteDate=Fri Apr 05 01:48:58 EDT 2024, lastUpdateTimeNanos=691300750577200}
[DEBUG] Before test method: class [RapidEye360UnitTests], method [GetProdByProcDateTest], class annotated with @DirtiesContext [false] with mode [null], method annotated with @DirtiesContext [false] with mode [null]
[DEBUG] Connection pool ready for ac-zihlkns-shard-00-02.hwak4ul.mongodb.net:27017
[DEBUG] Spring test ApplicationContext cache statistics: [DefaultContextCache@6b04689e size = 2, maxSize = 32, parentContextCount = 0, hitCount = 276, missCount = 2, failureCount = 0]
[INFO] Discovered replica set primary ac-zihlkns-shard-00-02.hwak4ul.mongodb.net:27017 with max election id 7fffffff000000000000000b and max set version 1
[DEBUG] Updating cluster description to  {type=REPLICA_SET, servers=[{address=ac-zihlkns-shard-00-00.hwak4ul.mongodb.net:27017, type=REPLICA_SET_SECONDARY, TagSet{[Tag{name='availabilityZone', value='usw2-az1'}, Tag{name='diskState', value='READY'}, Tag{name='nodeType', value='ELECTABLE'}, Tag{name='provider', value='AWS'}, Tag{name='region', value='US_WEST_2'}, Tag{name='workloadType', value='OPERATIONAL'}]}, roundTripTime=181.6 ms, state=CONNECTED}, {address=ac-zihlkns-shard-00-02.hwak4ul.mongodb.net:27017, type=REPLICA_SET_PRIMARY, TagSet{[Tag{name='availabilityZone', value='usw2-az3'}, Tag{name='diskState', value='READY'}, Tag{name='nodeType', value='ELECTABLE'}, Tag{name='provider', value='AWS'}, Tag{name='region', value='US_WEST_2'}, Tag{name='workloadType', value='OPERATIONAL'}]}, roundTripTime=184.7 ms, state=CONNECTED}, {address=ac-zihlkns-shard-00-01.hwak4ul.mongodb.net:27017, type=UNKNOWN, state=CONNECTING}]
[DEBUG] Checking status of ac-zihlkns-shard-00-02.hwak4ul.mongodb.net:27017
[DEBUG] Spring test ApplicationContext cache statistics: [DefaultContextCache@6b04689e size = 2, maxSize = 32, parentContextCount = 0, hitCount = 277, missCount = 2, failureCount = 0]
[DEBUG] Spring test ApplicationContext cache statistics: [DefaultContextCache@6b04689e size = 2, maxSize = 32, parentContextCount = 0, hitCount = 278, missCount = 2, failureCount = 0]
[INFO] Monitor thread successfully connected to server with description ServerDescription{address=ac-zihlkns-shard-00-01.hwak4ul.mongodb.net:27017, type=REPLICA_SET_SECONDARY, state=CONNECTED, ok=true, minWireVersion=0, maxWireVersion=21, maxDocumentSize=16777216, logicalSessionTimeoutMinutes=30, roundTripTimeNanos=219298800, setName='atlas-uuawkl-shard-0', canonicalAddress=ac-zihlkns-shard-00-01.hwak4ul.mongodb.net:27017, hosts=[ac-zihlkns-shard-00-00.hwak4ul.mongodb.net:27017, ac-zihlkns-shard-00-01.hwak4ul.mongodb.net:27017, ac-zihlkns-shard-00-02.hwak4ul.mongodb.net:27017], passives=[], arbiters=[], primary='ac-zihlkns-shard-00-02.hwak4ul.mongodb.net:27017', tagSet=TagSet{[Tag{name='availabilityZone', value='usw2-az2'}, Tag{name='diskState', value='READY'}, Tag{name='nodeType', value='ELECTABLE'}, Tag{name='provider', value='AWS'}, Tag{name='region', value='US_WEST_2'}, Tag{name='workloadType', value='OPERATIONAL'}]}, electionId=null, setVersion=1, topologyVersion=TopologyVersion{processId=6607236b56e0923520fb9331, counter=3}, lastWriteDate=Fri Apr 05 01:48:58 EDT 2024, lastUpdateTimeNanos=691300785913300}
[DEBUG] Connection pool ready for ac-zihlkns-shard-00-01.hwak4ul.mongodb.net:27017
[DEBUG] Updating cluster description to  {type=REPLICA_SET, servers=[{address=ac-zihlkns-shard-00-00.hwak4ul.mongodb.net:27017, type=REPLICA_SET_SECONDARY, TagSet{[Tag{name='availabilityZone', value='usw2-az1'}, Tag{name='diskState', value='READY'}, Tag{name='nodeType', value='ELECTABLE'}, Tag{name='provider', value='AWS'}, Tag{name='region', value='US_WEST_2'}, Tag{name='workloadType', value='OPERATIONAL'}]}, roundTripTime=181.6 ms, state=CONNECTED}, {address=ac-zihlkns-shard-00-02.hwak4ul.mongodb.net:27017, type=REPLICA_SET_PRIMARY, TagSet{[Tag{name='availabilityZone', value='usw2-az3'}, Tag{name='diskState', value='READY'}, Tag{name='nodeType', value='ELECTABLE'}, Tag{name='provider', value='AWS'}, Tag{name='region', value='US_WEST_2'}, Tag{name='workloadType', value='OPERATIONAL'}]}, roundTripTime=184.7 ms, state=CONNECTED}, {address=ac-zihlkns-shard-00-01.hwak4ul.mongodb.net:27017, type=REPLICA_SET_SECONDARY, TagSet{[Tag{name='availabilityZone', value='usw2-az2'}, Tag{name='diskState', value='READY'}, Tag{name='nodeType', value='ELECTABLE'}, Tag{name='provider', value='AWS'}, Tag{name='region', value='US_WEST_2'}, Tag{name='workloadType', value='OPERATIONAL'}]}, roundTripTime=219.3 ms, state=CONNECTED}]
[DEBUG] Checking status of ac-zihlkns-shard-00-01.hwak4ul.mongodb.net:27017
[DEBUG] Spring test ApplicationContext cache statistics: [DefaultContextCache@6b04689e size = 2, maxSize = 32, parentContextCount = 0, hitCount = 279, missCount = 2, failureCount = 0]
[DEBUG] Spring test ApplicationContext cache statistics: [DefaultContextCache@6b04689e size = 2, maxSize = 32, parentContextCount = 0, hitCount = 280, missCount = 2, failureCount = 0]
[DEBUG] Spring test ApplicationContext cache statistics: [DefaultContextCache@6b04689e size = 2, maxSize = 32, parentContextCount = 0, hitCount = 281, missCount = 2, failureCount = 0]
[DEBUG] Spring test ApplicationContext cache statistics: [DefaultContextCache@6b04689e size = 2, maxSize = 32, parentContextCount = 0, hitCount = 282, missCount = 2, failureCount = 0]
[DEBUG] Spring test ApplicationContext cache statistics: [DefaultContextCache@6b04689e size = 2, maxSize = 32, parentContextCount = 0, hitCount = 283, missCount = 2, failureCount = 0]
[DEBUG] Spring test ApplicationContext cache statistics: [DefaultContextCache@6b04689e size = 2, maxSize = 32, parentContextCount = 0, hitCount = 284, missCount = 2, failureCount = 0]
[DEBUG] After test method: class [RapidEye360UnitTests], method [GetProdByProcDateTest], class annotated with @DirtiesContext [false] with mode [null], method annotated with @DirtiesContext [false] with mode [null]
[DEBUG] Resetting RequestContextHolder for test class com.example.RapidEYE360.RapidEye360UnitTests
]]></system-out>
  </testcase>
  <testcase name="getExpirywithUPCid" classname="com.example.RapidEYE360.RapidEye360UnitTests" time="0.012">
    <system-out><![CDATA[[DEBUG] Spring test ApplicationContext cache statistics: [DefaultContextCache@6b04689e size = 2, maxSize = 32, parentContextCount = 0, hitCount = 285, missCount = 2, failureCount = 0]
[DEBUG] Setting up MockHttpServletRequest, MockHttpServletResponse, ServletWebRequest, and RequestContextHolder for test class com.example.RapidEYE360.RapidEye360UnitTests
[DEBUG] Performing dependency injection for test class com.example.RapidEYE360.RapidEye360UnitTests
[DEBUG] Spring test ApplicationContext cache statistics: [DefaultContextCache@6b04689e size = 2, maxSize = 32, parentContextCount = 0, hitCount = 286, missCount = 2, failureCount = 0]
[DEBUG] Spring test ApplicationContext cache statistics: [DefaultContextCache@6b04689e size = 2, maxSize = 32, parentContextCount = 0, hitCount = 287, missCount = 2, failureCount = 0]
[DEBUG] Before test method: class [RapidEye360UnitTests], method [getExpirywithUPCid], class annotated with @DirtiesContext [false] with mode [null], method annotated with @DirtiesContext [false] with mode [null]
[DEBUG] Spring test ApplicationContext cache statistics: [DefaultContextCache@6b04689e size = 2, maxSize = 32, parentContextCount = 0, hitCount = 288, missCount = 2, failureCount = 0]
[DEBUG] Spring test ApplicationContext cache statistics: [DefaultContextCache@6b04689e size = 2, maxSize = 32, parentContextCount = 0, hitCount = 289, missCount = 2, failureCount = 0]
[DEBUG] Spring test ApplicationContext cache statistics: [DefaultContextCache@6b04689e size = 2, maxSize = 32, parentContextCount = 0, hitCount = 290, missCount = 2, failureCount = 0]
[DEBUG] Spring test ApplicationContext cache statistics: [DefaultContextCache@6b04689e size = 2, maxSize = 32, parentContextCount = 0, hitCount = 291, missCount = 2, failureCount = 0]
[DEBUG] Spring test ApplicationContext cache statistics: [DefaultContextCache@6b04689e size = 2, maxSize = 32, parentContextCount = 0, hitCount = 292, missCount = 2, failureCount = 0]
[DEBUG] Spring test ApplicationContext cache statistics: [DefaultContextCache@6b04689e size = 2, maxSize = 32, parentContextCount = 0, hitCount = 293, missCount = 2, failureCount = 0]
[DEBUG] Spring test ApplicationContext cache statistics: [DefaultContextCache@6b04689e size = 2, maxSize = 32, parentContextCount = 0, hitCount = 294, missCount = 2, failureCount = 0]
[DEBUG] Spring test ApplicationContext cache statistics: [DefaultContextCache@6b04689e size = 2, maxSize = 32, parentContextCount = 0, hitCount = 295, missCount = 2, failureCount = 0]
[DEBUG] Spring test ApplicationContext cache statistics: [DefaultContextCache@6b04689e size = 2, maxSize = 32, parentContextCount = 0, hitCount = 296, missCount = 2, failureCount = 0]
[DEBUG] After test method: class [RapidEye360UnitTests], method [getExpirywithUPCid], class annotated with @DirtiesContext [false] with mode [null], method annotated with @DirtiesContext [false] with mode [null]
[DEBUG] Resetting RequestContextHolder for test class com.example.RapidEYE360.RapidEye360UnitTests
]]></system-out>
  </testcase>
  <testcase name="fetchDiscountsWithUPCIDTest" classname="com.example.RapidEYE360.RapidEye360UnitTests" time="0.017">
    <system-out><![CDATA[[DEBUG] Spring test ApplicationContext cache statistics: [DefaultContextCache@6b04689e size = 2, maxSize = 32, parentContextCount = 0, hitCount = 297, missCount = 2, failureCount = 0]
[DEBUG] Setting up MockHttpServletRequest, MockHttpServletResponse, ServletWebRequest, and RequestContextHolder for test class com.example.RapidEYE360.RapidEye360UnitTests
[DEBUG] Performing dependency injection for test class com.example.RapidEYE360.RapidEye360UnitTests
[DEBUG] Spring test ApplicationContext cache statistics: [DefaultContextCache@6b04689e size = 2, maxSize = 32, parentContextCount = 0, hitCount = 298, missCount = 2, failureCount = 0]
[DEBUG] Spring test ApplicationContext cache statistics: [DefaultContextCache@6b04689e size = 2, maxSize = 32, parentContextCount = 0, hitCount = 299, missCount = 2, failureCount = 0]
[DEBUG] Before test method: class [RapidEye360UnitTests], method [fetchDiscountsWithUPCIDTest], class annotated with @DirtiesContext [false] with mode [null], method annotated with @DirtiesContext [false] with mode [null]
[DEBUG] Spring test ApplicationContext cache statistics: [DefaultContextCache@6b04689e size = 2, maxSize = 32, parentContextCount = 0, hitCount = 300, missCount = 2, failureCount = 0]
[DEBUG] Spring test ApplicationContext cache statistics: [DefaultContextCache@6b04689e size = 2, maxSize = 32, parentContextCount = 0, hitCount = 301, missCount = 2, failureCount = 0]
[DEBUG] Spring test ApplicationContext cache statistics: [DefaultContextCache@6b04689e size = 2, maxSize = 32, parentContextCount = 0, hitCount = 302, missCount = 2, failureCount = 0]
[DEBUG] Spring test ApplicationContext cache statistics: [DefaultContextCache@6b04689e size = 2, maxSize = 32, parentContextCount = 0, hitCount = 303, missCount = 2, failureCount = 0]
[DEBUG] Spring test ApplicationContext cache statistics: [DefaultContextCache@6b04689e size = 2, maxSize = 32, parentContextCount = 0, hitCount = 304, missCount = 2, failureCount = 0]
[DEBUG] Spring test ApplicationContext cache statistics: [DefaultContextCache@6b04689e size = 2, maxSize = 32, parentContextCount = 0, hitCount = 305, missCount = 2, failureCount = 0]
[DEBUG] Spring test ApplicationContext cache statistics: [DefaultContextCache@6b04689e size = 2, maxSize = 32, parentContextCount = 0, hitCount = 306, missCount = 2, failureCount = 0]
[DEBUG] Spring test ApplicationContext cache statistics: [DefaultContextCache@6b04689e size = 2, maxSize = 32, parentContextCount = 0, hitCount = 307, missCount = 2, failureCount = 0]
[DEBUG] Spring test ApplicationContext cache statistics: [DefaultContextCache@6b04689e size = 2, maxSize = 32, parentContextCount = 0, hitCount = 308, missCount = 2, failureCount = 0]
[DEBUG] After test method: class [RapidEye360UnitTests], method [fetchDiscountsWithUPCIDTest], class annotated with @DirtiesContext [false] with mode [null], method annotated with @DirtiesContext [false] with mode [null]
[DEBUG] Resetting RequestContextHolder for test class com.example.RapidEYE360.RapidEye360UnitTests
]]></system-out>
  </testcase>
  <testcase name="GetProdByBrandNameTest" classname="com.example.RapidEYE360.RapidEye360UnitTests" time="0.007">
    <system-out><![CDATA[[DEBUG] Spring test ApplicationContext cache statistics: [DefaultContextCache@6b04689e size = 2, maxSize = 32, parentContextCount = 0, hitCount = 309, missCount = 2, failureCount = 0]
[DEBUG] Setting up MockHttpServletRequest, MockHttpServletResponse, ServletWebRequest, and RequestContextHolder for test class com.example.RapidEYE360.RapidEye360UnitTests
[DEBUG] Performing dependency injection for test class com.example.RapidEYE360.RapidEye360UnitTests
[DEBUG] Spring test ApplicationContext cache statistics: [DefaultContextCache@6b04689e size = 2, maxSize = 32, parentContextCount = 0, hitCount = 310, missCount = 2, failureCount = 0]
[DEBUG] Spring test ApplicationContext cache statistics: [DefaultContextCache@6b04689e size = 2, maxSize = 32, parentContextCount = 0, hitCount = 311, missCount = 2, failureCount = 0]
[DEBUG] Before test method: class [RapidEye360UnitTests], method [GetProdByBrandNameTest], class annotated with @DirtiesContext [false] with mode [null], method annotated with @DirtiesContext [false] with mode [null]
[DEBUG] Spring test ApplicationContext cache statistics: [DefaultContextCache@6b04689e size = 2, maxSize = 32, parentContextCount = 0, hitCount = 312, missCount = 2, failureCount = 0]
[DEBUG] Spring test ApplicationContext cache statistics: [DefaultContextCache@6b04689e size = 2, maxSize = 32, parentContextCount = 0, hitCount = 313, missCount = 2, failureCount = 0]
[DEBUG] Spring test ApplicationContext cache statistics: [DefaultContextCache@6b04689e size = 2, maxSize = 32, parentContextCount = 0, hitCount = 314, missCount = 2, failureCount = 0]
[DEBUG] Spring test ApplicationContext cache statistics: [DefaultContextCache@6b04689e size = 2, maxSize = 32, parentContextCount = 0, hitCount = 315, missCount = 2, failureCount = 0]
[DEBUG] Spring test ApplicationContext cache statistics: [DefaultContextCache@6b04689e size = 2, maxSize = 32, parentContextCount = 0, hitCount = 316, missCount = 2, failureCount = 0]
[DEBUG] Spring test ApplicationContext cache statistics: [DefaultContextCache@6b04689e size = 2, maxSize = 32, parentContextCount = 0, hitCount = 317, missCount = 2, failureCount = 0]
[DEBUG] Spring test ApplicationContext cache statistics: [DefaultContextCache@6b04689e size = 2, maxSize = 32, parentContextCount = 0, hitCount = 318, missCount = 2, failureCount = 0]
[DEBUG] Spring test ApplicationContext cache statistics: [DefaultContextCache@6b04689e size = 2, maxSize = 32, parentContextCount = 0, hitCount = 319, missCount = 2, failureCount = 0]
[DEBUG] Spring test ApplicationContext cache statistics: [DefaultContextCache@6b04689e size = 2, maxSize = 32, parentContextCount = 0, hitCount = 320, missCount = 2, failureCount = 0]
[DEBUG] After test method: class [RapidEye360UnitTests], method [GetProdByBrandNameTest], class annotated with @DirtiesContext [false] with mode [null], method annotated with @DirtiesContext [false] with mode [null]
[DEBUG] Resetting RequestContextHolder for test class com.example.RapidEYE360.RapidEye360UnitTests
]]></system-out>
  </testcase>
  <testcase name="getExpiryTest" classname="com.example.RapidEYE360.RapidEye360UnitTests" time="0.01">
    <system-out><![CDATA[[DEBUG] Spring test ApplicationContext cache statistics: [DefaultContextCache@6b04689e size = 2, maxSize = 32, parentContextCount = 0, hitCount = 321, missCount = 2, failureCount = 0]
[DEBUG] Setting up MockHttpServletRequest, MockHttpServletResponse, ServletWebRequest, and RequestContextHolder for test class com.example.RapidEYE360.RapidEye360UnitTests
[DEBUG] Performing dependency injection for test class com.example.RapidEYE360.RapidEye360UnitTests
[DEBUG] Spring test ApplicationContext cache statistics: [DefaultContextCache@6b04689e size = 2, maxSize = 32, parentContextCount = 0, hitCount = 322, missCount = 2, failureCount = 0]
[DEBUG] Spring test ApplicationContext cache statistics: [DefaultContextCache@6b04689e size = 2, maxSize = 32, parentContextCount = 0, hitCount = 323, missCount = 2, failureCount = 0]
[DEBUG] Before test method: class [RapidEye360UnitTests], method [getExpiryTest], class annotated with @DirtiesContext [false] with mode [null], method annotated with @DirtiesContext [false] with mode [null]
[DEBUG] Spring test ApplicationContext cache statistics: [DefaultContextCache@6b04689e size = 2, maxSize = 32, parentContextCount = 0, hitCount = 324, missCount = 2, failureCount = 0]
[DEBUG] Spring test ApplicationContext cache statistics: [DefaultContextCache@6b04689e size = 2, maxSize = 32, parentContextCount = 0, hitCount = 325, missCount = 2, failureCount = 0]
[DEBUG] Spring test ApplicationContext cache statistics: [DefaultContextCache@6b04689e size = 2, maxSize = 32, parentContextCount = 0, hitCount = 326, missCount = 2, failureCount = 0]
[DEBUG] Spring test ApplicationContext cache statistics: [DefaultContextCache@6b04689e size = 2, maxSize = 32, parentContextCount = 0, hitCount = 327, missCount = 2, failureCount = 0]
[DEBUG] Spring test ApplicationContext cache statistics: [DefaultContextCache@6b04689e size = 2, maxSize = 32, parentContextCount = 0, hitCount = 328, missCount = 2, failureCount = 0]
[DEBUG] Spring test ApplicationContext cache statistics: [DefaultContextCache@6b04689e size = 2, maxSize = 32, parentContextCount = 0, hitCount = 329, missCount = 2, failureCount = 0]
[DEBUG] Spring test ApplicationContext cache statistics: [DefaultContextCache@6b04689e size = 2, maxSize = 32, parentContextCount = 0, hitCount = 330, missCount = 2, failureCount = 0]
[DEBUG] Spring test ApplicationContext cache statistics: [DefaultContextCache@6b04689e size = 2, maxSize = 32, parentContextCount = 0, hitCount = 331, missCount = 2, failureCount = 0]
[DEBUG] Spring test ApplicationContext cache statistics: [DefaultContextCache@6b04689e size = 2, maxSize = 32, parentContextCount = 0, hitCount = 332, missCount = 2, failureCount = 0]
[DEBUG] After test method: class [RapidEye360UnitTests], method [getExpiryTest], class annotated with @DirtiesContext [false] with mode [null], method annotated with @DirtiesContext [false] with mode [null]
[DEBUG] Resetting RequestContextHolder for test class com.example.RapidEYE360.RapidEye360UnitTests
]]></system-out>
  </testcase>
  <testcase name="CreateProdTest" classname="com.example.RapidEYE360.RapidEye360UnitTests" time="0.009">
    <system-out><![CDATA[[DEBUG] Spring test ApplicationContext cache statistics: [DefaultContextCache@6b04689e size = 2, maxSize = 32, parentContextCount = 0, hitCount = 333, missCount = 2, failureCount = 0]
[DEBUG] Setting up MockHttpServletRequest, MockHttpServletResponse, ServletWebRequest, and RequestContextHolder for test class com.example.RapidEYE360.RapidEye360UnitTests
[DEBUG] Performing dependency injection for test class com.example.RapidEYE360.RapidEye360UnitTests
[DEBUG] Spring test ApplicationContext cache statistics: [DefaultContextCache@6b04689e size = 2, maxSize = 32, parentContextCount = 0, hitCount = 334, missCount = 2, failureCount = 0]
[DEBUG] Spring test ApplicationContext cache statistics: [DefaultContextCache@6b04689e size = 2, maxSize = 32, parentContextCount = 0, hitCount = 335, missCount = 2, failureCount = 0]
[DEBUG] Before test method: class [RapidEye360UnitTests], method [CreateProdTest], class annotated with @DirtiesContext [false] with mode [null], method annotated with @DirtiesContext [false] with mode [null]
[DEBUG] Spring test ApplicationContext cache statistics: [DefaultContextCache@6b04689e size = 2, maxSize = 32, parentContextCount = 0, hitCount = 336, missCount = 2, failureCount = 0]
[DEBUG] Spring test ApplicationContext cache statistics: [DefaultContextCache@6b04689e size = 2, maxSize = 32, parentContextCount = 0, hitCount = 337, missCount = 2, failureCount = 0]
[DEBUG] Spring test ApplicationContext cache statistics: [DefaultContextCache@6b04689e size = 2, maxSize = 32, parentContextCount = 0, hitCount = 338, missCount = 2, failureCount = 0]
[DEBUG] Spring test ApplicationContext cache statistics: [DefaultContextCache@6b04689e size = 2, maxSize = 32, parentContextCount = 0, hitCount = 339, missCount = 2, failureCount = 0]
[DEBUG] Spring test ApplicationContext cache statistics: [DefaultContextCache@6b04689e size = 2, maxSize = 32, parentContextCount = 0, hitCount = 340, missCount = 2, failureCount = 0]
[DEBUG] Spring test ApplicationContext cache statistics: [DefaultContextCache@6b04689e size = 2, maxSize = 32, parentContextCount = 0, hitCount = 341, missCount = 2, failureCount = 0]
[DEBUG] Spring test ApplicationContext cache statistics: [DefaultContextCache@6b04689e size = 2, maxSize = 32, parentContextCount = 0, hitCount = 342, missCount = 2, failureCount = 0]
[DEBUG] Spring test ApplicationContext cache statistics: [DefaultContextCache@6b04689e size = 2, maxSize = 32, parentContextCount = 0, hitCount = 343, missCount = 2, failureCount = 0]
[DEBUG] Spring test ApplicationContext cache statistics: [DefaultContextCache@6b04689e size = 2, maxSize = 32, parentContextCount = 0, hitCount = 344, missCount = 2, failureCount = 0]
[DEBUG] After test method: class [RapidEye360UnitTests], method [CreateProdTest], class annotated with @DirtiesContext [false] with mode [null], method annotated with @DirtiesContext [false] with mode [null]
[DEBUG] Resetting RequestContextHolder for test class com.example.RapidEYE360.RapidEye360UnitTests
]]></system-out>
  </testcase>
  <testcase name="GetProdByUPCID" classname="com.example.RapidEYE360.RapidEye360UnitTests" time="0.005">
    <system-out><![CDATA[[DEBUG] Spring test ApplicationContext cache statistics: [DefaultContextCache@6b04689e size = 2, maxSize = 32, parentContextCount = 0, hitCount = 345, missCount = 2, failureCount = 0]
[DEBUG] Setting up MockHttpServletRequest, MockHttpServletResponse, ServletWebRequest, and RequestContextHolder for test class com.example.RapidEYE360.RapidEye360UnitTests
[DEBUG] Performing dependency injection for test class com.example.RapidEYE360.RapidEye360UnitTests
[DEBUG] Spring test ApplicationContext cache statistics: [DefaultContextCache@6b04689e size = 2, maxSize = 32, parentContextCount = 0, hitCount = 346, missCount = 2, failureCount = 0]
[DEBUG] Spring test ApplicationContext cache statistics: [DefaultContextCache@6b04689e size = 2, maxSize = 32, parentContextCount = 0, hitCount = 347, missCount = 2, failureCount = 0]
[DEBUG] Before test method: class [RapidEye360UnitTests], method [GetProdByUPCID], class annotated with @DirtiesContext [false] with mode [null], method annotated with @DirtiesContext [false] with mode [null]
[DEBUG] Spring test ApplicationContext cache statistics: [DefaultContextCache@6b04689e size = 2, maxSize = 32, parentContextCount = 0, hitCount = 348, missCount = 2, failureCount = 0]
[DEBUG] Spring test ApplicationContext cache statistics: [DefaultContextCache@6b04689e size = 2, maxSize = 32, parentContextCount = 0, hitCount = 349, missCount = 2, failureCount = 0]
[DEBUG] Spring test ApplicationContext cache statistics: [DefaultContextCache@6b04689e size = 2, maxSize = 32, parentContextCount = 0, hitCount = 350, missCount = 2, failureCount = 0]
[DEBUG] Spring test ApplicationContext cache statistics: [DefaultContextCache@6b04689e size = 2, maxSize = 32, parentContextCount = 0, hitCount = 351, missCount = 2, failureCount = 0]
[DEBUG] Spring test ApplicationContext cache statistics: [DefaultContextCache@6b04689e size = 2, maxSize = 32, parentContextCount = 0, hitCount = 352, missCount = 2, failureCount = 0]
[DEBUG] Spring test ApplicationContext cache statistics: [DefaultContextCache@6b04689e size = 2, maxSize = 32, parentContextCount = 0, hitCount = 353, missCount = 2, failureCount = 0]
[DEBUG] Spring test ApplicationContext cache statistics: [DefaultContextCache@6b04689e size = 2, maxSize = 32, parentContextCount = 0, hitCount = 354, missCount = 2, failureCount = 0]
[DEBUG] Spring test ApplicationContext cache statistics: [DefaultContextCache@6b04689e size = 2, maxSize = 32, parentContextCount = 0, hitCount = 355, missCount = 2, failureCount = 0]
[DEBUG] Spring test ApplicationContext cache statistics: [DefaultContextCache@6b04689e size = 2, maxSize = 32, parentContextCount = 0, hitCount = 356, missCount = 2, failureCount = 0]
[DEBUG] After test method: class [RapidEye360UnitTests], method [GetProdByUPCID], class annotated with @DirtiesContext [false] with mode [null], method annotated with @DirtiesContext [false] with mode [null]
[DEBUG] Resetting RequestContextHolder for test class com.example.RapidEYE360.RapidEye360UnitTests
]]></system-out>
  </testcase>
  <testcase name="modifySupplierTest" classname="com.example.RapidEYE360.RapidEye360UnitTests" time="0.009">
    <system-out><![CDATA[[DEBUG] Spring test ApplicationContext cache statistics: [DefaultContextCache@6b04689e size = 2, maxSize = 32, parentContextCount = 0, hitCount = 357, missCount = 2, failureCount = 0]
[DEBUG] Setting up MockHttpServletRequest, MockHttpServletResponse, ServletWebRequest, and RequestContextHolder for test class com.example.RapidEYE360.RapidEye360UnitTests
[DEBUG] Performing dependency injection for test class com.example.RapidEYE360.RapidEye360UnitTests
[DEBUG] Spring test ApplicationContext cache statistics: [DefaultContextCache@6b04689e size = 2, maxSize = 32, parentContextCount = 0, hitCount = 358, missCount = 2, failureCount = 0]
[DEBUG] Spring test ApplicationContext cache statistics: [DefaultContextCache@6b04689e size = 2, maxSize = 32, parentContextCount = 0, hitCount = 359, missCount = 2, failureCount = 0]
[DEBUG] Before test method: class [RapidEye360UnitTests], method [modifySupplierTest], class annotated with @DirtiesContext [false] with mode [null], method annotated with @DirtiesContext [false] with mode [null]
[DEBUG] Spring test ApplicationContext cache statistics: [DefaultContextCache@6b04689e size = 2, maxSize = 32, parentContextCount = 0, hitCount = 360, missCount = 2, failureCount = 0]
[DEBUG] Spring test ApplicationContext cache statistics: [DefaultContextCache@6b04689e size = 2, maxSize = 32, parentContextCount = 0, hitCount = 361, missCount = 2, failureCount = 0]
[DEBUG] Spring test ApplicationContext cache statistics: [DefaultContextCache@6b04689e size = 2, maxSize = 32, parentContextCount = 0, hitCount = 362, missCount = 2, failureCount = 0]
[DEBUG] Spring test ApplicationContext cache statistics: [DefaultContextCache@6b04689e size = 2, maxSize = 32, parentContextCount = 0, hitCount = 363, missCount = 2, failureCount = 0]
[DEBUG] Spring test ApplicationContext cache statistics: [DefaultContextCache@6b04689e size = 2, maxSize = 32, parentContextCount = 0, hitCount = 364, missCount = 2, failureCount = 0]
[DEBUG] Spring test ApplicationContext cache statistics: [DefaultContextCache@6b04689e size = 2, maxSize = 32, parentContextCount = 0, hitCount = 365, missCount = 2, failureCount = 0]
[DEBUG] Spring test ApplicationContext cache statistics: [DefaultContextCache@6b04689e size = 2, maxSize = 32, parentContextCount = 0, hitCount = 366, missCount = 2, failureCount = 0]
[DEBUG] Spring test ApplicationContext cache statistics: [DefaultContextCache@6b04689e size = 2, maxSize = 32, parentContextCount = 0, hitCount = 367, missCount = 2, failureCount = 0]
[DEBUG] Spring test ApplicationContext cache statistics: [DefaultContextCache@6b04689e size = 2, maxSize = 32, parentContextCount = 0, hitCount = 368, missCount = 2, failureCount = 0]
[DEBUG] After test method: class [RapidEye360UnitTests], method [modifySupplierTest], class annotated with @DirtiesContext [false] with mode [null], method annotated with @DirtiesContext [false] with mode [null]
[DEBUG] Resetting RequestContextHolder for test class com.example.RapidEYE360.RapidEye360UnitTests
]]></system-out>
  </testcase>
  <testcase name="getExpirywithDate" classname="com.example.RapidEYE360.RapidEye360UnitTests" time="0.009">
    <system-out><![CDATA[[DEBUG] Spring test ApplicationContext cache statistics: [DefaultContextCache@6b04689e size = 2, maxSize = 32, parentContextCount = 0, hitCount = 369, missCount = 2, failureCount = 0]
[DEBUG] Setting up MockHttpServletRequest, MockHttpServletResponse, ServletWebRequest, and RequestContextHolder for test class com.example.RapidEYE360.RapidEye360UnitTests
[DEBUG] Performing dependency injection for test class com.example.RapidEYE360.RapidEye360UnitTests
[DEBUG] Spring test ApplicationContext cache statistics: [DefaultContextCache@6b04689e size = 2, maxSize = 32, parentContextCount = 0, hitCount = 370, missCount = 2, failureCount = 0]
[DEBUG] Spring test ApplicationContext cache statistics: [DefaultContextCache@6b04689e size = 2, maxSize = 32, parentContextCount = 0, hitCount = 371, missCount = 2, failureCount = 0]
[DEBUG] Before test method: class [RapidEye360UnitTests], method [getExpirywithDate], class annotated with @DirtiesContext [false] with mode [null], method annotated with @DirtiesContext [false] with mode [null]
[DEBUG] Spring test ApplicationContext cache statistics: [DefaultContextCache@6b04689e size = 2, maxSize = 32, parentContextCount = 0, hitCount = 372, missCount = 2, failureCount = 0]
[DEBUG] Spring test ApplicationContext cache statistics: [DefaultContextCache@6b04689e size = 2, maxSize = 32, parentContextCount = 0, hitCount = 373, missCount = 2, failureCount = 0]
[DEBUG] Spring test ApplicationContext cache statistics: [DefaultContextCache@6b04689e size = 2, maxSize = 32, parentContextCount = 0, hitCount = 374, missCount = 2, failureCount = 0]
[DEBUG] Spring test ApplicationContext cache statistics: [DefaultContextCache@6b04689e size = 2, maxSize = 32, parentContextCount = 0, hitCount = 375, missCount = 2, failureCount = 0]
[DEBUG] Spring test ApplicationContext cache statistics: [DefaultContextCache@6b04689e size = 2, maxSize = 32, parentContextCount = 0, hitCount = 376, missCount = 2, failureCount = 0]
[DEBUG] Spring test ApplicationContext cache statistics: [DefaultContextCache@6b04689e size = 2, maxSize = 32, parentContextCount = 0, hitCount = 377, missCount = 2, failureCount = 0]
[DEBUG] Spring test ApplicationContext cache statistics: [DefaultContextCache@6b04689e size = 2, maxSize = 32, parentContextCount = 0, hitCount = 378, missCount = 2, failureCount = 0]
[DEBUG] Spring test ApplicationContext cache statistics: [DefaultContextCache@6b04689e size = 2, maxSize = 32, parentContextCount = 0, hitCount = 379, missCount = 2, failureCount = 0]
[DEBUG] Spring test ApplicationContext cache statistics: [DefaultContextCache@6b04689e size = 2, maxSize = 32, parentContextCount = 0, hitCount = 380, missCount = 2, failureCount = 0]
[DEBUG] After test method: class [RapidEye360UnitTests], method [getExpirywithDate], class annotated with @DirtiesContext [false] with mode [null], method annotated with @DirtiesContext [false] with mode [null]
[DEBUG] Resetting RequestContextHolder for test class com.example.RapidEYE360.RapidEye360UnitTests
]]></system-out>
  </testcase>
  <testcase name="createSupplierTest" classname="com.example.RapidEYE360.RapidEye360UnitTests" time="0.005">
    <system-out><![CDATA[[DEBUG] Spring test ApplicationContext cache statistics: [DefaultContextCache@6b04689e size = 2, maxSize = 32, parentContextCount = 0, hitCount = 381, missCount = 2, failureCount = 0]
[DEBUG] Setting up MockHttpServletRequest, MockHttpServletResponse, ServletWebRequest, and RequestContextHolder for test class com.example.RapidEYE360.RapidEye360UnitTests
[DEBUG] Performing dependency injection for test class com.example.RapidEYE360.RapidEye360UnitTests
[DEBUG] Spring test ApplicationContext cache statistics: [DefaultContextCache@6b04689e size = 2, maxSize = 32, parentContextCount = 0, hitCount = 382, missCount = 2, failureCount = 0]
[DEBUG] Spring test ApplicationContext cache statistics: [DefaultContextCache@6b04689e size = 2, maxSize = 32, parentContextCount = 0, hitCount = 383, missCount = 2, failureCount = 0]
[DEBUG] Before test method: class [RapidEye360UnitTests], method [createSupplierTest], class annotated with @DirtiesContext [false] with mode [null], method annotated with @DirtiesContext [false] with mode [null]
[DEBUG] Spring test ApplicationContext cache statistics: [DefaultContextCache@6b04689e size = 2, maxSize = 32, parentContextCount = 0, hitCount = 384, missCount = 2, failureCount = 0]
[DEBUG] Spring test ApplicationContext cache statistics: [DefaultContextCache@6b04689e size = 2, maxSize = 32, parentContextCount = 0, hitCount = 385, missCount = 2, failureCount = 0]
[DEBUG] Spring test ApplicationContext cache statistics: [DefaultContextCache@6b04689e size = 2, maxSize = 32, parentContextCount = 0, hitCount = 386, missCount = 2, failureCount = 0]
[DEBUG] Spring test ApplicationContext cache statistics: [DefaultContextCache@6b04689e size = 2, maxSize = 32, parentContextCount = 0, hitCount = 387, missCount = 2, failureCount = 0]
[DEBUG] Spring test ApplicationContext cache statistics: [DefaultContextCache@6b04689e size = 2, maxSize = 32, parentContextCount = 0, hitCount = 388, missCount = 2, failureCount = 0]
[DEBUG] Spring test ApplicationContext cache statistics: [DefaultContextCache@6b04689e size = 2, maxSize = 32, parentContextCount = 0, hitCount = 389, missCount = 2, failureCount = 0]
[DEBUG] Spring test ApplicationContext cache statistics: [DefaultContextCache@6b04689e size = 2, maxSize = 32, parentContextCount = 0, hitCount = 390, missCount = 2, failureCount = 0]
[DEBUG] Spring test ApplicationContext cache statistics: [DefaultContextCache@6b04689e size = 2, maxSize = 32, parentContextCount = 0, hitCount = 391, missCount = 2, failureCount = 0]
[DEBUG] Spring test ApplicationContext cache statistics: [DefaultContextCache@6b04689e size = 2, maxSize = 32, parentContextCount = 0, hitCount = 392, missCount = 2, failureCount = 0]
[DEBUG] After test method: class [RapidEye360UnitTests], method [createSupplierTest], class annotated with @DirtiesContext [false] with mode [null], method annotated with @DirtiesContext [false] with mode [null]
[DEBUG] Resetting RequestContextHolder for test class com.example.RapidEYE360.RapidEye360UnitTests
]]></system-out>
  </testcase>
  <testcase name="deleteProductByIDAndAisleNumberTest" classname="com.example.RapidEYE360.RapidEye360UnitTests" time="0.004">
    <system-out><![CDATA[[DEBUG] Spring test ApplicationContext cache statistics: [DefaultContextCache@6b04689e size = 2, maxSize = 32, parentContextCount = 0, hitCount = 393, missCount = 2, failureCount = 0]
[DEBUG] Setting up MockHttpServletRequest, MockHttpServletResponse, ServletWebRequest, and RequestContextHolder for test class com.example.RapidEYE360.RapidEye360UnitTests
[DEBUG] Performing dependency injection for test class com.example.RapidEYE360.RapidEye360UnitTests
[DEBUG] Spring test ApplicationContext cache statistics: [DefaultContextCache@6b04689e size = 2, maxSize = 32, parentContextCount = 0, hitCount = 394, missCount = 2, failureCount = 0]
[DEBUG] Spring test ApplicationContext cache statistics: [DefaultContextCache@6b04689e size = 2, maxSize = 32, parentContextCount = 0, hitCount = 395, missCount = 2, failureCount = 0]
[DEBUG] Before test method: class [RapidEye360UnitTests], method [deleteProductByIDAndAisleNumberTest], class annotated with @DirtiesContext [false] with mode [null], method annotated with @DirtiesContext [false] with mode [null]
[DEBUG] Spring test ApplicationContext cache statistics: [DefaultContextCache@6b04689e size = 2, maxSize = 32, parentContextCount = 0, hitCount = 396, missCount = 2, failureCount = 0]
[DEBUG] Spring test ApplicationContext cache statistics: [DefaultContextCache@6b04689e size = 2, maxSize = 32, parentContextCount = 0, hitCount = 397, missCount = 2, failureCount = 0]
[DEBUG] Spring test ApplicationContext cache statistics: [DefaultContextCache@6b04689e size = 2, maxSize = 32, parentContextCount = 0, hitCount = 398, missCount = 2, failureCount = 0]
[DEBUG] Spring test ApplicationContext cache statistics: [DefaultContextCache@6b04689e size = 2, maxSize = 32, parentContextCount = 0, hitCount = 399, missCount = 2, failureCount = 0]
[DEBUG] Spring test ApplicationContext cache statistics: [DefaultContextCache@6b04689e size = 2, maxSize = 32, parentContextCount = 0, hitCount = 400, missCount = 2, failureCount = 0]
[DEBUG] Spring test ApplicationContext cache statistics: [DefaultContextCache@6b04689e size = 2, maxSize = 32, parentContextCount = 0, hitCount = 401, missCount = 2, failureCount = 0]
[DEBUG] Spring test ApplicationContext cache statistics: [DefaultContextCache@6b04689e size = 2, maxSize = 32, parentContextCount = 0, hitCount = 402, missCount = 2, failureCount = 0]
[DEBUG] Spring test ApplicationContext cache statistics: [DefaultContextCache@6b04689e size = 2, maxSize = 32, parentContextCount = 0, hitCount = 403, missCount = 2, failureCount = 0]
[DEBUG] Spring test ApplicationContext cache statistics: [DefaultContextCache@6b04689e size = 2, maxSize = 32, parentContextCount = 0, hitCount = 404, missCount = 2, failureCount = 0]
[DEBUG] After test method: class [RapidEye360UnitTests], method [deleteProductByIDAndAisleNumberTest], class annotated with @DirtiesContext [false] with mode [null], method annotated with @DirtiesContext [false] with mode [null]
[DEBUG] Resetting RequestContextHolder for test class com.example.RapidEYE360.RapidEye360UnitTests
]]></system-out>
  </testcase>
  <testcase name="createExpiryTest" classname="com.example.RapidEYE360.RapidEye360UnitTests" time="0.006">
    <system-out><![CDATA[[DEBUG] Spring test ApplicationContext cache statistics: [DefaultContextCache@6b04689e size = 2, maxSize = 32, parentContextCount = 0, hitCount = 405, missCount = 2, failureCount = 0]
[DEBUG] Setting up MockHttpServletRequest, MockHttpServletResponse, ServletWebRequest, and RequestContextHolder for test class com.example.RapidEYE360.RapidEye360UnitTests
[DEBUG] Performing dependency injection for test class com.example.RapidEYE360.RapidEye360UnitTests
[DEBUG] Spring test ApplicationContext cache statistics: [DefaultContextCache@6b04689e size = 2, maxSize = 32, parentContextCount = 0, hitCount = 406, missCount = 2, failureCount = 0]
[DEBUG] Spring test ApplicationContext cache statistics: [DefaultContextCache@6b04689e size = 2, maxSize = 32, parentContextCount = 0, hitCount = 407, missCount = 2, failureCount = 0]
[DEBUG] Before test method: class [RapidEye360UnitTests], method [createExpiryTest], class annotated with @DirtiesContext [false] with mode [null], method annotated with @DirtiesContext [false] with mode [null]
[DEBUG] Spring test ApplicationContext cache statistics: [DefaultContextCache@6b04689e size = 2, maxSize = 32, parentContextCount = 0, hitCount = 408, missCount = 2, failureCount = 0]
[DEBUG] Spring test ApplicationContext cache statistics: [DefaultContextCache@6b04689e size = 2, maxSize = 32, parentContextCount = 0, hitCount = 409, missCount = 2, failureCount = 0]
[DEBUG] Spring test ApplicationContext cache statistics: [DefaultContextCache@6b04689e size = 2, maxSize = 32, parentContextCount = 0, hitCount = 410, missCount = 2, failureCount = 0]
[DEBUG] Spring test ApplicationContext cache statistics: [DefaultContextCache@6b04689e size = 2, maxSize = 32, parentContextCount = 0, hitCount = 411, missCount = 2, failureCount = 0]
[DEBUG] Spring test ApplicationContext cache statistics: [DefaultContextCache@6b04689e size = 2, maxSize = 32, parentContextCount = 0, hitCount = 412, missCount = 2, failureCount = 0]
[DEBUG] Spring test ApplicationContext cache statistics: [DefaultContextCache@6b04689e size = 2, maxSize = 32, parentContextCount = 0, hitCount = 413, missCount = 2, failureCount = 0]
[DEBUG] Spring test ApplicationContext cache statistics: [DefaultContextCache@6b04689e size = 2, maxSize = 32, parentContextCount = 0, hitCount = 414, missCount = 2, failureCount = 0]
[DEBUG] Spring test ApplicationContext cache statistics: [DefaultContextCache@6b04689e size = 2, maxSize = 32, parentContextCount = 0, hitCount = 415, missCount = 2, failureCount = 0]
[DEBUG] Spring test ApplicationContext cache statistics: [DefaultContextCache@6b04689e size = 2, maxSize = 32, parentContextCount = 0, hitCount = 416, missCount = 2, failureCount = 0]
[DEBUG] After test method: class [RapidEye360UnitTests], method [createExpiryTest], class annotated with @DirtiesContext [false] with mode [null], method annotated with @DirtiesContext [false] with mode [null]
[DEBUG] Resetting RequestContextHolder for test class com.example.RapidEYE360.RapidEye360UnitTests
]]></system-out>
  </testcase>
  <testcase name="GetProductTest" classname="com.example.RapidEYE360.RapidEye360UnitTests" time="0.004">
    <system-out><![CDATA[[DEBUG] Spring test ApplicationContext cache statistics: [DefaultContextCache@6b04689e size = 2, maxSize = 32, parentContextCount = 0, hitCount = 417, missCount = 2, failureCount = 0]
[DEBUG] Setting up MockHttpServletRequest, MockHttpServletResponse, ServletWebRequest, and RequestContextHolder for test class com.example.RapidEYE360.RapidEye360UnitTests
[DEBUG] Performing dependency injection for test class com.example.RapidEYE360.RapidEye360UnitTests
[DEBUG] Spring test ApplicationContext cache statistics: [DefaultContextCache@6b04689e size = 2, maxSize = 32, parentContextCount = 0, hitCount = 418, missCount = 2, failureCount = 0]
[DEBUG] Spring test ApplicationContext cache statistics: [DefaultContextCache@6b04689e size = 2, maxSize = 32, parentContextCount = 0, hitCount = 419, missCount = 2, failureCount = 0]
[DEBUG] Before test method: class [RapidEye360UnitTests], method [GetProductTest], class annotated with @DirtiesContext [false] with mode [null], method annotated with @DirtiesContext [false] with mode [null]
[DEBUG] Spring test ApplicationContext cache statistics: [DefaultContextCache@6b04689e size = 2, maxSize = 32, parentContextCount = 0, hitCount = 420, missCount = 2, failureCount = 0]
[DEBUG] Spring test ApplicationContext cache statistics: [DefaultContextCache@6b04689e size = 2, maxSize = 32, parentContextCount = 0, hitCount = 421, missCount = 2, failureCount = 0]
[DEBUG] Spring test ApplicationContext cache statistics: [DefaultContextCache@6b04689e size = 2, maxSize = 32, parentContextCount = 0, hitCount = 422, missCount = 2, failureCount = 0]
[DEBUG] Spring test ApplicationContext cache statistics: [DefaultContextCache@6b04689e size = 2, maxSize = 32, parentContextCount = 0, hitCount = 423, missCount = 2, failureCount = 0]
[DEBUG] Spring test ApplicationContext cache statistics: [DefaultContextCache@6b04689e size = 2, maxSize = 32, parentContextCount = 0, hitCount = 424, missCount = 2, failureCount = 0]
[DEBUG] Spring test ApplicationContext cache statistics: [DefaultContextCache@6b04689e size = 2, maxSize = 32, parentContextCount = 0, hitCount = 425, missCount = 2, failureCount = 0]
[DEBUG] Spring test ApplicationContext cache statistics: [DefaultContextCache@6b04689e size = 2, maxSize = 32, parentContextCount = 0, hitCount = 426, missCount = 2, failureCount = 0]
[DEBUG] Spring test ApplicationContext cache statistics: [DefaultContextCache@6b04689e size = 2, maxSize = 32, parentContextCount = 0, hitCount = 427, missCount = 2, failureCount = 0]
[DEBUG] Spring test ApplicationContext cache statistics: [DefaultContextCache@6b04689e size = 2, maxSize = 32, parentContextCount = 0, hitCount = 428, missCount = 2, failureCount = 0]
[DEBUG] After test method: class [RapidEye360UnitTests], method [GetProductTest], class annotated with @DirtiesContext [false] with mode [null], method annotated with @DirtiesContext [false] with mode [null]
[DEBUG] Resetting RequestContextHolder for test class com.example.RapidEYE360.RapidEye360UnitTests
]]></system-out>
  </testcase>
  <testcase name="createDiscountsTest" classname="com.example.RapidEYE360.RapidEye360UnitTests" time="0.005">
    <system-out><![CDATA[[DEBUG] Spring test ApplicationContext cache statistics: [DefaultContextCache@6b04689e size = 2, maxSize = 32, parentContextCount = 0, hitCount = 429, missCount = 2, failureCount = 0]
[DEBUG] Setting up MockHttpServletRequest, MockHttpServletResponse, ServletWebRequest, and RequestContextHolder for test class com.example.RapidEYE360.RapidEye360UnitTests
[DEBUG] Performing dependency injection for test class com.example.RapidEYE360.RapidEye360UnitTests
[DEBUG] Spring test ApplicationContext cache statistics: [DefaultContextCache@6b04689e size = 2, maxSize = 32, parentContextCount = 0, hitCount = 430, missCount = 2, failureCount = 0]
[DEBUG] Spring test ApplicationContext cache statistics: [DefaultContextCache@6b04689e size = 2, maxSize = 32, parentContextCount = 0, hitCount = 431, missCount = 2, failureCount = 0]
[DEBUG] Before test method: class [RapidEye360UnitTests], method [createDiscountsTest], class annotated with @DirtiesContext [false] with mode [null], method annotated with @DirtiesContext [false] with mode [null]
[DEBUG] Spring test ApplicationContext cache statistics: [DefaultContextCache@6b04689e size = 2, maxSize = 32, parentContextCount = 0, hitCount = 432, missCount = 2, failureCount = 0]
[DEBUG] Spring test ApplicationContext cache statistics: [DefaultContextCache@6b04689e size = 2, maxSize = 32, parentContextCount = 0, hitCount = 433, missCount = 2, failureCount = 0]
[DEBUG] Spring test ApplicationContext cache statistics: [DefaultContextCache@6b04689e size = 2, maxSize = 32, parentContextCount = 0, hitCount = 434, missCount = 2, failureCount = 0]
[DEBUG] Spring test ApplicationContext cache statistics: [DefaultContextCache@6b04689e size = 2, maxSize = 32, parentContextCount = 0, hitCount = 435, missCount = 2, failureCount = 0]
[DEBUG] Spring test ApplicationContext cache statistics: [DefaultContextCache@6b04689e size = 2, maxSize = 32, parentContextCount = 0, hitCount = 436, missCount = 2, failureCount = 0]
[DEBUG] Spring test ApplicationContext cache statistics: [DefaultContextCache@6b04689e size = 2, maxSize = 32, parentContextCount = 0, hitCount = 437, missCount = 2, failureCount = 0]
[DEBUG] Spring test ApplicationContext cache statistics: [DefaultContextCache@6b04689e size = 2, maxSize = 32, parentContextCount = 0, hitCount = 438, missCount = 2, failureCount = 0]
[DEBUG] Spring test ApplicationContext cache statistics: [DefaultContextCache@6b04689e size = 2, maxSize = 32, parentContextCount = 0, hitCount = 439, missCount = 2, failureCount = 0]
[DEBUG] Spring test ApplicationContext cache statistics: [DefaultContextCache@6b04689e size = 2, maxSize = 32, parentContextCount = 0, hitCount = 440, missCount = 2, failureCount = 0]
[DEBUG] After test method: class [RapidEye360UnitTests], method [createDiscountsTest], class annotated with @DirtiesContext [false] with mode [null], method annotated with @DirtiesContext [false] with mode [null]
[DEBUG] Resetting RequestContextHolder for test class com.example.RapidEYE360.RapidEye360UnitTests
]]></system-out>
  </testcase>
  <testcase name="getAllSupplierTest" classname="com.example.RapidEYE360.RapidEye360UnitTests" time="0.007">
    <system-out><![CDATA[[DEBUG] Spring test ApplicationContext cache statistics: [DefaultContextCache@6b04689e size = 2, maxSize = 32, parentContextCount = 0, hitCount = 441, missCount = 2, failureCount = 0]
[DEBUG] Setting up MockHttpServletRequest, MockHttpServletResponse, ServletWebRequest, and RequestContextHolder for test class com.example.RapidEYE360.RapidEye360UnitTests
[DEBUG] Performing dependency injection for test class com.example.RapidEYE360.RapidEye360UnitTests
[DEBUG] Spring test ApplicationContext cache statistics: [DefaultContextCache@6b04689e size = 2, maxSize = 32, parentContextCount = 0, hitCount = 442, missCount = 2, failureCount = 0]
[DEBUG] Spring test ApplicationContext cache statistics: [DefaultContextCache@6b04689e size = 2, maxSize = 32, parentContextCount = 0, hitCount = 443, missCount = 2, failureCount = 0]
[DEBUG] Before test method: class [RapidEye360UnitTests], method [getAllSupplierTest], class annotated with @DirtiesContext [false] with mode [null], method annotated with @DirtiesContext [false] with mode [null]
[DEBUG] Spring test ApplicationContext cache statistics: [DefaultContextCache@6b04689e size = 2, maxSize = 32, parentContextCount = 0, hitCount = 444, missCount = 2, failureCount = 0]
[DEBUG] Spring test ApplicationContext cache statistics: [DefaultContextCache@6b04689e size = 2, maxSize = 32, parentContextCount = 0, hitCount = 445, missCount = 2, failureCount = 0]
[DEBUG] Spring test ApplicationContext cache statistics: [DefaultContextCache@6b04689e size = 2, maxSize = 32, parentContextCount = 0, hitCount = 446, missCount = 2, failureCount = 0]
[DEBUG] Spring test ApplicationContext cache statistics: [DefaultContextCache@6b04689e size = 2, maxSize = 32, parentContextCount = 0, hitCount = 447, missCount = 2, failureCount = 0]
[DEBUG] Spring test ApplicationContext cache statistics: [DefaultContextCache@6b04689e size = 2, maxSize = 32, parentContextCount = 0, hitCount = 448, missCount = 2, failureCount = 0]
[DEBUG] Spring test ApplicationContext cache statistics: [DefaultContextCache@6b04689e size = 2, maxSize = 32, parentContextCount = 0, hitCount = 449, missCount = 2, failureCount = 0]
[DEBUG] Spring test ApplicationContext cache statistics: [DefaultContextCache@6b04689e size = 2, maxSize = 32, parentContextCount = 0, hitCount = 450, missCount = 2, failureCount = 0]
[DEBUG] Spring test ApplicationContext cache statistics: [DefaultContextCache@6b04689e size = 2, maxSize = 32, parentContextCount = 0, hitCount = 451, missCount = 2, failureCount = 0]
[DEBUG] Spring test ApplicationContext cache statistics: [DefaultContextCache@6b04689e size = 2, maxSize = 32, parentContextCount = 0, hitCount = 452, missCount = 2, failureCount = 0]
[DEBUG] After test method: class [RapidEye360UnitTests], method [getAllSupplierTest], class annotated with @DirtiesContext [false] with mode [null], method annotated with @DirtiesContext [false] with mode [null]
[DEBUG] Resetting RequestContextHolder for test class com.example.RapidEYE360.RapidEye360UnitTests
]]></system-out>
  </testcase>
  <testcase name="GetProdByExpiryDate" classname="com.example.RapidEYE360.RapidEye360UnitTests" time="0.008">
    <system-out><![CDATA[[DEBUG] Spring test ApplicationContext cache statistics: [DefaultContextCache@6b04689e size = 2, maxSize = 32, parentContextCount = 0, hitCount = 453, missCount = 2, failureCount = 0]
[DEBUG] Setting up MockHttpServletRequest, MockHttpServletResponse, ServletWebRequest, and RequestContextHolder for test class com.example.RapidEYE360.RapidEye360UnitTests
[DEBUG] Performing dependency injection for test class com.example.RapidEYE360.RapidEye360UnitTests
[DEBUG] Spring test ApplicationContext cache statistics: [DefaultContextCache@6b04689e size = 2, maxSize = 32, parentContextCount = 0, hitCount = 454, missCount = 2, failureCount = 0]
[DEBUG] Spring test ApplicationContext cache statistics: [DefaultContextCache@6b04689e size = 2, maxSize = 32, parentContextCount = 0, hitCount = 455, missCount = 2, failureCount = 0]
[DEBUG] Before test method: class [RapidEye360UnitTests], method [GetProdByExpiryDate], class annotated with @DirtiesContext [false] with mode [null], method annotated with @DirtiesContext [false] with mode [null]
[DEBUG] Spring test ApplicationContext cache statistics: [DefaultContextCache@6b04689e size = 2, maxSize = 32, parentContextCount = 0, hitCount = 456, missCount = 2, failureCount = 0]
[DEBUG] Spring test ApplicationContext cache statistics: [DefaultContextCache@6b04689e size = 2, maxSize = 32, parentContextCount = 0, hitCount = 457, missCount = 2, failureCount = 0]
[DEBUG] Spring test ApplicationContext cache statistics: [DefaultContextCache@6b04689e size = 2, maxSize = 32, parentContextCount = 0, hitCount = 458, missCount = 2, failureCount = 0]
[DEBUG] Spring test ApplicationContext cache statistics: [DefaultContextCache@6b04689e size = 2, maxSize = 32, parentContextCount = 0, hitCount = 459, missCount = 2, failureCount = 0]
[DEBUG] Spring test ApplicationContext cache statistics: [DefaultContextCache@6b04689e size = 2, maxSize = 32, parentContextCount = 0, hitCount = 460, missCount = 2, failureCount = 0]
[DEBUG] Spring test ApplicationContext cache statistics: [DefaultContextCache@6b04689e size = 2, maxSize = 32, parentContextCount = 0, hitCount = 461, missCount = 2, failureCount = 0]
[DEBUG] Spring test ApplicationContext cache statistics: [DefaultContextCache@6b04689e size = 2, maxSize = 32, parentContextCount = 0, hitCount = 462, missCount = 2, failureCount = 0]
[DEBUG] Spring test ApplicationContext cache statistics: [DefaultContextCache@6b04689e size = 2, maxSize = 32, parentContextCount = 0, hitCount = 463, missCount = 2, failureCount = 0]
[DEBUG] Spring test ApplicationContext cache statistics: [DefaultContextCache@6b04689e size = 2, maxSize = 32, parentContextCount = 0, hitCount = 464, missCount = 2, failureCount = 0]
[DEBUG] After test method: class [RapidEye360UnitTests], method [GetProdByExpiryDate], class annotated with @DirtiesContext [false] with mode [null], method annotated with @DirtiesContext [false] with mode [null]
[DEBUG] Resetting RequestContextHolder for test class com.example.RapidEYE360.RapidEye360UnitTests
]]></system-out>
  </testcase>
  <testcase name="UpdateWhenBrandNameUnavailableTest" classname="com.example.RapidEYE360.RapidEye360UnitTests" time="0.012">
    <system-out><![CDATA[[DEBUG] Spring test ApplicationContext cache statistics: [DefaultContextCache@6b04689e size = 2, maxSize = 32, parentContextCount = 0, hitCount = 465, missCount = 2, failureCount = 0]
[DEBUG] Setting up MockHttpServletRequest, MockHttpServletResponse, ServletWebRequest, and RequestContextHolder for test class com.example.RapidEYE360.RapidEye360UnitTests
[DEBUG] Performing dependency injection for test class com.example.RapidEYE360.RapidEye360UnitTests
[DEBUG] Spring test ApplicationContext cache statistics: [DefaultContextCache@6b04689e size = 2, maxSize = 32, parentContextCount = 0, hitCount = 466, missCount = 2, failureCount = 0]
[DEBUG] Spring test ApplicationContext cache statistics: [DefaultContextCache@6b04689e size = 2, maxSize = 32, parentContextCount = 0, hitCount = 467, missCount = 2, failureCount = 0]
[DEBUG] Before test method: class [RapidEye360UnitTests], method [UpdateWhenBrandNameUnavailableTest], class annotated with @DirtiesContext [false] with mode [null], method annotated with @DirtiesContext [false] with mode [null]
[DEBUG] Spring test ApplicationContext cache statistics: [DefaultContextCache@6b04689e size = 2, maxSize = 32, parentContextCount = 0, hitCount = 468, missCount = 2, failureCount = 0]
[DEBUG] Spring test ApplicationContext cache statistics: [DefaultContextCache@6b04689e size = 2, maxSize = 32, parentContextCount = 0, hitCount = 469, missCount = 2, failureCount = 0]
[DEBUG] Spring test ApplicationContext cache statistics: [DefaultContextCache@6b04689e size = 2, maxSize = 32, parentContextCount = 0, hitCount = 470, missCount = 2, failureCount = 0]
[DEBUG] Spring test ApplicationContext cache statistics: [DefaultContextCache@6b04689e size = 2, maxSize = 32, parentContextCount = 0, hitCount = 471, missCount = 2, failureCount = 0]
[DEBUG] Spring test ApplicationContext cache statistics: [DefaultContextCache@6b04689e size = 2, maxSize = 32, parentContextCount = 0, hitCount = 472, missCount = 2, failureCount = 0]
[DEBUG] Spring test ApplicationContext cache statistics: [DefaultContextCache@6b04689e size = 2, maxSize = 32, parentContextCount = 0, hitCount = 473, missCount = 2, failureCount = 0]
[DEBUG] Spring test ApplicationContext cache statistics: [DefaultContextCache@6b04689e size = 2, maxSize = 32, parentContextCount = 0, hitCount = 474, missCount = 2, failureCount = 0]
[DEBUG] Spring test ApplicationContext cache statistics: [DefaultContextCache@6b04689e size = 2, maxSize = 32, parentContextCount = 0, hitCount = 475, missCount = 2, failureCount = 0]
[DEBUG] Spring test ApplicationContext cache statistics: [DefaultContextCache@6b04689e size = 2, maxSize = 32, parentContextCount = 0, hitCount = 476, missCount = 2, failureCount = 0]
[DEBUG] After test method: class [RapidEye360UnitTests], method [UpdateWhenBrandNameUnavailableTest], class annotated with @DirtiesContext [false] with mode [null], method annotated with @DirtiesContext [false] with mode [null]
[DEBUG] Resetting RequestContextHolder for test class com.example.RapidEYE360.RapidEye360UnitTests
]]></system-out>
  </testcase>
  <testcase name="getSupplierswithBrandname" classname="com.example.RapidEYE360.RapidEye360UnitTests" time="0.009">
    <system-out><![CDATA[[DEBUG] Spring test ApplicationContext cache statistics: [DefaultContextCache@6b04689e size = 2, maxSize = 32, parentContextCount = 0, hitCount = 477, missCount = 2, failureCount = 0]
[DEBUG] Setting up MockHttpServletRequest, MockHttpServletResponse, ServletWebRequest, and RequestContextHolder for test class com.example.RapidEYE360.RapidEye360UnitTests
[DEBUG] Performing dependency injection for test class com.example.RapidEYE360.RapidEye360UnitTests
[DEBUG] Spring test ApplicationContext cache statistics: [DefaultContextCache@6b04689e size = 2, maxSize = 32, parentContextCount = 0, hitCount = 478, missCount = 2, failureCount = 0]
[DEBUG] Spring test ApplicationContext cache statistics: [DefaultContextCache@6b04689e size = 2, maxSize = 32, parentContextCount = 0, hitCount = 479, missCount = 2, failureCount = 0]
[DEBUG] Before test method: class [RapidEye360UnitTests], method [getSupplierswithBrandname], class annotated with @DirtiesContext [false] with mode [null], method annotated with @DirtiesContext [false] with mode [null]
[DEBUG] Spring test ApplicationContext cache statistics: [DefaultContextCache@6b04689e size = 2, maxSize = 32, parentContextCount = 0, hitCount = 480, missCount = 2, failureCount = 0]
[DEBUG] Spring test ApplicationContext cache statistics: [DefaultContextCache@6b04689e size = 2, maxSize = 32, parentContextCount = 0, hitCount = 481, missCount = 2, failureCount = 0]
[DEBUG] Spring test ApplicationContext cache statistics: [DefaultContextCache@6b04689e size = 2, maxSize = 32, parentContextCount = 0, hitCount = 482, missCount = 2, failureCount = 0]
[DEBUG] Spring test ApplicationContext cache statistics: [DefaultContextCache@6b04689e size = 2, maxSize = 32, parentContextCount = 0, hitCount = 483, missCount = 2, failureCount = 0]
[DEBUG] Spring test ApplicationContext cache statistics: [DefaultContextCache@6b04689e size = 2, maxSize = 32, parentContextCount = 0, hitCount = 484, missCount = 2, failureCount = 0]
[DEBUG] Spring test ApplicationContext cache statistics: [DefaultContextCache@6b04689e size = 2, maxSize = 32, parentContextCount = 0, hitCount = 485, missCount = 2, failureCount = 0]
[DEBUG] Spring test ApplicationContext cache statistics: [DefaultContextCache@6b04689e size = 2, maxSize = 32, parentContextCount = 0, hitCount = 486, missCount = 2, failureCount = 0]
[DEBUG] Spring test ApplicationContext cache statistics: [DefaultContextCache@6b04689e size = 2, maxSize = 32, parentContextCount = 0, hitCount = 487, missCount = 2, failureCount = 0]
[DEBUG] Spring test ApplicationContext cache statistics: [DefaultContextCache@6b04689e size = 2, maxSize = 32, parentContextCount = 0, hitCount = 488, missCount = 2, failureCount = 0]
[DEBUG] After test method: class [RapidEye360UnitTests], method [getSupplierswithBrandname], class annotated with @DirtiesContext [false] with mode [null], method annotated with @DirtiesContext [false] with mode [null]
[DEBUG] Resetting RequestContextHolder for test class com.example.RapidEYE360.RapidEye360UnitTests
]]></system-out>
  </testcase>
  <testcase name="GetProdByCategoryTest" classname="com.example.RapidEYE360.RapidEye360UnitTests" time="0.006">
    <system-out><![CDATA[[DEBUG] Spring test ApplicationContext cache statistics: [DefaultContextCache@6b04689e size = 2, maxSize = 32, parentContextCount = 0, hitCount = 489, missCount = 2, failureCount = 0]
[DEBUG] Setting up MockHttpServletRequest, MockHttpServletResponse, ServletWebRequest, and RequestContextHolder for test class com.example.RapidEYE360.RapidEye360UnitTests
[DEBUG] Performing dependency injection for test class com.example.RapidEYE360.RapidEye360UnitTests
[DEBUG] Spring test ApplicationContext cache statistics: [DefaultContextCache@6b04689e size = 2, maxSize = 32, parentContextCount = 0, hitCount = 490, missCount = 2, failureCount = 0]
[DEBUG] Spring test ApplicationContext cache statistics: [DefaultContextCache@6b04689e size = 2, maxSize = 32, parentContextCount = 0, hitCount = 491, missCount = 2, failureCount = 0]
[DEBUG] Before test method: class [RapidEye360UnitTests], method [GetProdByCategoryTest], class annotated with @DirtiesContext [false] with mode [null], method annotated with @DirtiesContext [false] with mode [null]
[DEBUG] Spring test ApplicationContext cache statistics: [DefaultContextCache@6b04689e size = 2, maxSize = 32, parentContextCount = 0, hitCount = 492, missCount = 2, failureCount = 0]
[DEBUG] Spring test ApplicationContext cache statistics: [DefaultContextCache@6b04689e size = 2, maxSize = 32, parentContextCount = 0, hitCount = 493, missCount = 2, failureCount = 0]
[DEBUG] Spring test ApplicationContext cache statistics: [DefaultContextCache@6b04689e size = 2, maxSize = 32, parentContextCount = 0, hitCount = 494, missCount = 2, failureCount = 0]
[DEBUG] Spring test ApplicationContext cache statistics: [DefaultContextCache@6b04689e size = 2, maxSize = 32, parentContextCount = 0, hitCount = 495, missCount = 2, failureCount = 0]
[DEBUG] Spring test ApplicationContext cache statistics: [DefaultContextCache@6b04689e size = 2, maxSize = 32, parentContextCount = 0, hitCount = 496, missCount = 2, failureCount = 0]
[DEBUG] Spring test ApplicationContext cache statistics: [DefaultContextCache@6b04689e size = 2, maxSize = 32, parentContextCount = 0, hitCount = 497, missCount = 2, failureCount = 0]
[DEBUG] Spring test ApplicationContext cache statistics: [DefaultContextCache@6b04689e size = 2, maxSize = 32, parentContextCount = 0, hitCount = 498, missCount = 2, failureCount = 0]
[DEBUG] Spring test ApplicationContext cache statistics: [DefaultContextCache@6b04689e size = 2, maxSize = 32, parentContextCount = 0, hitCount = 499, missCount = 2, failureCount = 0]
[DEBUG] Spring test ApplicationContext cache statistics: [DefaultContextCache@6b04689e size = 2, maxSize = 32, parentContextCount = 0, hitCount = 500, missCount = 2, failureCount = 0]
[DEBUG] After test method: class [RapidEye360UnitTests], method [GetProdByCategoryTest], class annotated with @DirtiesContext [false] with mode [null], method annotated with @DirtiesContext [false] with mode [null]
[DEBUG] Resetting RequestContextHolder for test class com.example.RapidEYE360.RapidEye360UnitTests
]]></system-out>
  </testcase>
</testsuite>